<?xml version="1.0" encoding="UTF-8"?>
<testsuite xmlns:xsi="http://www.w3.org/2001/XMLSchema-instance" xsi:noNamespaceSchemaLocation="https://maven.apache.org/surefire/maven-surefire-plugin/xsd/surefire-test-report.xsd" version="3.0.2" name="id.co.bca.camsbatch.CamsbatchApplicationTests" time="11.53" tests="1" errors="0" skipped="0" failures="0">
  <properties>
    <property name="java.specification.version" value="17"/>
    <property name="sun.cpu.isalist" value="amd64"/>
    <property name="sun.jnu.encoding" value="Cp1252"/>
    <property name="java.class.path" value="D:\Projects\CAMS\camsbatch\target\test-classes;D:\Projects\CAMS\camsbatch\target\classes;D:\MavenLibraries\org\springframework\boot\spring-boot-starter-batch\3.4.5\spring-boot-starter-batch-3.4.5.jar;D:\MavenLibraries\org\springframework\boot\spring-boot-starter\3.4.5\spring-boot-starter-3.4.5.jar;D:\MavenLibraries\org\springframework\boot\spring-boot\3.4.5\spring-boot-3.4.5.jar;D:\MavenLibraries\org\springframework\boot\spring-boot-autoconfigure\3.4.5\spring-boot-autoconfigure-3.4.5.jar;D:\MavenLibraries\org\springframework\boot\spring-boot-starter-logging\3.4.5\spring-boot-starter-logging-3.4.5.jar;D:\MavenLibraries\ch\qos\logback\logback-classic\1.5.18\logback-classic-1.5.18.jar;D:\MavenLibraries\ch\qos\logback\logback-core\1.5.18\logback-core-1.5.18.jar;D:\MavenLibraries\org\apache\logging\log4j\log4j-to-slf4j\2.24.3\log4j-to-slf4j-2.24.3.jar;D:\MavenLibraries\org\apache\logging\log4j\log4j-api\2.24.3\log4j-api-2.24.3.jar;D:\MavenLibraries\org\slf4j\jul-to-slf4j\2.0.17\jul-to-slf4j-2.0.17.jar;D:\MavenLibraries\jakarta\annotation\jakarta.annotation-api\2.1.1\jakarta.annotation-api-2.1.1.jar;D:\MavenLibraries\org\yaml\snakeyaml\2.3\snakeyaml-2.3.jar;D:\MavenLibraries\org\springframework\boot\spring-boot-starter-jdbc\3.4.5\spring-boot-starter-jdbc-3.4.5.jar;D:\MavenLibraries\com\zaxxer\HikariCP\5.1.0\HikariCP-5.1.0.jar;D:\MavenLibraries\org\springframework\batch\spring-batch-core\5.2.2\spring-batch-core-5.2.2.jar;D:\MavenLibraries\org\springframework\batch\spring-batch-infrastructure\5.2.2\spring-batch-infrastructure-5.2.2.jar;D:\MavenLibraries\org\springframework\retry\spring-retry\2.0.11\spring-retry-2.0.11.jar;D:\MavenLibraries\org\springframework\spring-aop\6.2.6\spring-aop-6.2.6.jar;D:\MavenLibraries\org\springframework\spring-beans\6.2.6\spring-beans-6.2.6.jar;D:\MavenLibraries\org\springframework\spring-context\6.2.6\spring-context-6.2.6.jar;D:\MavenLibraries\org\springframework\spring-tx\6.2.6\spring-tx-6.2.6.jar;D:\MavenLibraries\io\micrometer\micrometer-core\1.14.6\micrometer-core-1.14.6.jar;D:\MavenLibraries\io\micrometer\micrometer-commons\1.14.6\micrometer-commons-1.14.6.jar;D:\MavenLibraries\org\hdrhistogram\HdrHistogram\2.2.2\HdrHistogram-2.2.2.jar;D:\MavenLibraries\org\latencyutils\LatencyUtils\2.0.3\LatencyUtils-2.0.3.jar;D:\MavenLibraries\io\micrometer\micrometer-observation\1.14.6\micrometer-observation-1.14.6.jar;D:\MavenLibraries\org\springframework\data\spring-data-commons\3.4.5\spring-data-commons-3.4.5.jar;D:\MavenLibraries\org\springframework\boot\spring-boot-starter-data-jpa\3.4.5\spring-boot-starter-data-jpa-3.4.5.jar;D:\MavenLibraries\org\hibernate\orm\hibernate-core\6.6.13.Final\hibernate-core-6.6.13.Final.jar;D:\MavenLibraries\jakarta\persistence\jakarta.persistence-api\3.1.0\jakarta.persistence-api-3.1.0.jar;D:\MavenLibraries\jakarta\transaction\jakarta.transaction-api\2.0.1\jakarta.transaction-api-2.0.1.jar;D:\MavenLibraries\org\jboss\logging\jboss-logging\3.6.1.Final\jboss-logging-3.6.1.Final.jar;D:\MavenLibraries\org\hibernate\common\hibernate-commons-annotations\7.0.3.Final\hibernate-commons-annotations-7.0.3.Final.jar;D:\MavenLibraries\io\smallrye\jandex\3.2.0\jandex-3.2.0.jar;D:\MavenLibraries\com\fasterxml\classmate\1.7.0\classmate-1.7.0.jar;D:\MavenLibraries\net\bytebuddy\byte-buddy\1.15.11\byte-buddy-1.15.11.jar;D:\MavenLibraries\org\glassfish\jaxb\jaxb-runtime\4.0.5\jaxb-runtime-4.0.5.jar;D:\MavenLibraries\org\glassfish\jaxb\jaxb-core\4.0.5\jaxb-core-4.0.5.jar;D:\MavenLibraries\org\eclipse\angus\angus-activation\2.0.2\angus-activation-2.0.2.jar;D:\MavenLibraries\org\glassfish\jaxb\txw2\4.0.5\txw2-4.0.5.jar;D:\MavenLibraries\com\sun\istack\istack-commons-runtime\4.1.2\istack-commons-runtime-4.1.2.jar;D:\MavenLibraries\jakarta\inject\jakarta.inject-api\2.0.1\jakarta.inject-api-2.0.1.jar;D:\MavenLibraries\org\antlr\antlr4-runtime\4.13.0\antlr4-runtime-4.13.0.jar;D:\MavenLibraries\org\springframework\data\spring-data-jpa\3.4.5\spring-data-jpa-3.4.5.jar;D:\MavenLibraries\org\springframework\spring-orm\6.2.6\spring-orm-6.2.6.jar;D:\MavenLibraries\org\slf4j\slf4j-api\2.0.17\slf4j-api-2.0.17.jar;D:\MavenLibraries\org\springframework\spring-aspects\6.2.6\spring-aspects-6.2.6.jar;D:\MavenLibraries\org\aspectj\aspectjweaver\1.9.24\aspectjweaver-1.9.24.jar;D:\MavenLibraries\org\springframework\boot\spring-boot-starter-web\3.4.5\spring-boot-starter-web-3.4.5.jar;D:\MavenLibraries\org\springframework\boot\spring-boot-starter-json\3.4.5\spring-boot-starter-json-3.4.5.jar;D:\MavenLibraries\com\fasterxml\jackson\core\jackson-databind\2.18.3\jackson-databind-2.18.3.jar;D:\MavenLibraries\com\fasterxml\jackson\core\jackson-annotations\2.18.3\jackson-annotations-2.18.3.jar;D:\MavenLibraries\com\fasterxml\jackson\core\jackson-core\2.18.3\jackson-core-2.18.3.jar;D:\MavenLibraries\com\fasterxml\jackson\datatype\jackson-datatype-jdk8\2.18.3\jackson-datatype-jdk8-2.18.3.jar;D:\MavenLibraries\com\fasterxml\jackson\datatype\jackson-datatype-jsr310\2.18.3\jackson-datatype-jsr310-2.18.3.jar;D:\MavenLibraries\com\fasterxml\jackson\module\jackson-module-parameter-names\2.18.3\jackson-module-parameter-names-2.18.3.jar;D:\MavenLibraries\org\springframework\boot\spring-boot-starter-tomcat\3.4.5\spring-boot-starter-tomcat-3.4.5.jar;D:\MavenLibraries\org\apache\tomcat\embed\tomcat-embed-core\10.1.40\tomcat-embed-core-10.1.40.jar;D:\MavenLibraries\org\apache\tomcat\embed\tomcat-embed-el\10.1.40\tomcat-embed-el-10.1.40.jar;D:\MavenLibraries\org\apache\tomcat\embed\tomcat-embed-websocket\10.1.40\tomcat-embed-websocket-10.1.40.jar;D:\MavenLibraries\org\springframework\spring-web\6.2.6\spring-web-6.2.6.jar;D:\MavenLibraries\org\springframework\spring-webmvc\6.2.6\spring-webmvc-6.2.6.jar;D:\MavenLibraries\org\springframework\spring-expression\6.2.6\spring-expression-6.2.6.jar;D:\MavenLibraries\org\postgresql\postgresql\42.7.5\postgresql-42.7.5.jar;D:\MavenLibraries\org\checkerframework\checker-qual\3.48.3\checker-qual-3.48.3.jar;D:\MavenLibraries\org\projectlombok\lombok\1.18.38\lombok-1.18.38.jar;D:\MavenLibraries\org\springframework\boot\spring-boot-starter-test\3.4.5\spring-boot-starter-test-3.4.5.jar;D:\MavenLibraries\org\springframework\boot\spring-boot-test\3.4.5\spring-boot-test-3.4.5.jar;D:\MavenLibraries\org\springframework\boot\spring-boot-test-autoconfigure\3.4.5\spring-boot-test-autoconfigure-3.4.5.jar;D:\MavenLibraries\com\jayway\jsonpath\json-path\2.9.0\json-path-2.9.0.jar;D:\MavenLibraries\jakarta\xml\bind\jakarta.xml.bind-api\4.0.2\jakarta.xml.bind-api-4.0.2.jar;D:\MavenLibraries\jakarta\activation\jakarta.activation-api\2.1.3\jakarta.activation-api-2.1.3.jar;D:\MavenLibraries\net\minidev\json-smart\2.5.2\json-smart-2.5.2.jar;D:\MavenLibraries\net\minidev\accessors-smart\2.5.2\accessors-smart-2.5.2.jar;D:\MavenLibraries\org\ow2\asm\asm\9.7.1\asm-9.7.1.jar;D:\MavenLibraries\org\assertj\assertj-core\3.26.3\assertj-core-3.26.3.jar;D:\MavenLibraries\org\awaitility\awaitility\4.2.2\awaitility-4.2.2.jar;D:\MavenLibraries\org\hamcrest\hamcrest\2.2\hamcrest-2.2.jar;D:\MavenLibraries\org\junit\jupiter\junit-jupiter\5.11.4\junit-jupiter-5.11.4.jar;D:\MavenLibraries\org\junit\jupiter\junit-jupiter-api\5.11.4\junit-jupiter-api-5.11.4.jar;D:\MavenLibraries\org\opentest4j\opentest4j\1.3.0\opentest4j-1.3.0.jar;D:\MavenLibraries\org\junit\platform\junit-platform-commons\1.11.4\junit-platform-commons-1.11.4.jar;D:\MavenLibraries\org\apiguardian\apiguardian-api\1.1.2\apiguardian-api-1.1.2.jar;D:\MavenLibraries\org\junit\jupiter\junit-jupiter-params\5.11.4\junit-jupiter-params-5.11.4.jar;D:\MavenLibraries\org\junit\jupiter\junit-jupiter-engine\5.11.4\junit-jupiter-engine-5.11.4.jar;D:\MavenLibraries\org\junit\platform\junit-platform-engine\1.11.4\junit-platform-engine-1.11.4.jar;D:\MavenLibraries\org\mockito\mockito-core\5.14.2\mockito-core-5.14.2.jar;D:\MavenLibraries\net\bytebuddy\byte-buddy-agent\1.15.11\byte-buddy-agent-1.15.11.jar;D:\MavenLibraries\org\objenesis\objenesis\3.3\objenesis-3.3.jar;D:\MavenLibraries\org\mockito\mockito-junit-jupiter\5.14.2\mockito-junit-jupiter-5.14.2.jar;D:\MavenLibraries\org\skyscreamer\jsonassert\1.5.3\jsonassert-1.5.3.jar;D:\MavenLibraries\com\vaadin\external\google\android-json\0.0.20131108.vaadin1\android-json-0.0.20131108.vaadin1.jar;D:\MavenLibraries\org\springframework\spring-core\6.2.6\spring-core-6.2.6.jar;D:\MavenLibraries\org\springframework\spring-jcl\6.2.6\spring-jcl-6.2.6.jar;D:\MavenLibraries\org\springframework\spring-test\6.2.6\spring-test-6.2.6.jar;D:\MavenLibraries\org\xmlunit\xmlunit-core\2.10.0\xmlunit-core-2.10.0.jar;D:\MavenLibraries\org\springframework\batch\spring-batch-test\5.2.2\spring-batch-test-5.2.2.jar;D:\MavenLibraries\org\springframework\spring-jdbc\6.2.6\spring-jdbc-6.2.6.jar;"/>
    <property name="java.vm.vendor" value="Azul Systems, Inc."/>
    <property name="sun.arch.data.model" value="64"/>
    <property name="user.variant" value=""/>
    <property name="java.vendor.url" value="http://www.azul.com/"/>
    <property name="user.timezone" value="Asia/Bangkok"/>
    <property name="org.jboss.logging.provider" value="slf4j"/>
    <property name="os.name" value="Windows 11"/>
    <property name="java.vm.specification.version" value="17"/>
    <property name="APPLICATION_NAME" value="camsbatch"/>
    <property name="sun.java.launcher" value="SUN_STANDARD"/>
    <property name="user.country" value="US"/>
    <property name="sun.boot.library.path" value="C:\ProgramData\Zulu\zulu-17\bin"/>
    <property name="sun.java.command" value="C:\Users\U063496\AppData\Local\Temp\surefire13334740012921493881\surefirebooter-20250509010740214_3.jar C:\Users\U063496\AppData\Local\Temp\surefire13334740012921493881 2025-05-09T01-07-39_978-jvmRun1 surefire-20250509010740214_1tmp surefire_0-20250509010740214_2tmp"/>
    <property name="jdk.debug" value="release"/>
    <property name="surefire.test.class.path" value="D:\Projects\CAMS\camsbatch\target\test-classes;D:\Projects\CAMS\camsbatch\target\classes;D:\MavenLibraries\org\springframework\boot\spring-boot-starter-batch\3.4.5\spring-boot-starter-batch-3.4.5.jar;D:\MavenLibraries\org\springframework\boot\spring-boot-starter\3.4.5\spring-boot-starter-3.4.5.jar;D:\MavenLibraries\org\springframework\boot\spring-boot\3.4.5\spring-boot-3.4.5.jar;D:\MavenLibraries\org\springframework\boot\spring-boot-autoconfigure\3.4.5\spring-boot-autoconfigure-3.4.5.jar;D:\MavenLibraries\org\springframework\boot\spring-boot-starter-logging\3.4.5\spring-boot-starter-logging-3.4.5.jar;D:\MavenLibraries\ch\qos\logback\logback-classic\1.5.18\logback-classic-1.5.18.jar;D:\MavenLibraries\ch\qos\logback\logback-core\1.5.18\logback-core-1.5.18.jar;D:\MavenLibraries\org\apache\logging\log4j\log4j-to-slf4j\2.24.3\log4j-to-slf4j-2.24.3.jar;D:\MavenLibraries\org\apache\logging\log4j\log4j-api\2.24.3\log4j-api-2.24.3.jar;D:\MavenLibraries\org\slf4j\jul-to-slf4j\2.0.17\jul-to-slf4j-2.0.17.jar;D:\MavenLibraries\jakarta\annotation\jakarta.annotation-api\2.1.1\jakarta.annotation-api-2.1.1.jar;D:\MavenLibraries\org\yaml\snakeyaml\2.3\snakeyaml-2.3.jar;D:\MavenLibraries\org\springframework\boot\spring-boot-starter-jdbc\3.4.5\spring-boot-starter-jdbc-3.4.5.jar;D:\MavenLibraries\com\zaxxer\HikariCP\5.1.0\HikariCP-5.1.0.jar;D:\MavenLibraries\org\springframework\batch\spring-batch-core\5.2.2\spring-batch-core-5.2.2.jar;D:\MavenLibraries\org\springframework\batch\spring-batch-infrastructure\5.2.2\spring-batch-infrastructure-5.2.2.jar;D:\MavenLibraries\org\springframework\retry\spring-retry\2.0.11\spring-retry-2.0.11.jar;D:\MavenLibraries\org\springframework\spring-aop\6.2.6\spring-aop-6.2.6.jar;D:\MavenLibraries\org\springframework\spring-beans\6.2.6\spring-beans-6.2.6.jar;D:\MavenLibraries\org\springframework\spring-context\6.2.6\spring-context-6.2.6.jar;D:\MavenLibraries\org\springframework\spring-tx\6.2.6\spring-tx-6.2.6.jar;D:\MavenLibraries\io\micrometer\micrometer-core\1.14.6\micrometer-core-1.14.6.jar;D:\MavenLibraries\io\micrometer\micrometer-commons\1.14.6\micrometer-commons-1.14.6.jar;D:\MavenLibraries\org\hdrhistogram\HdrHistogram\2.2.2\HdrHistogram-2.2.2.jar;D:\MavenLibraries\org\latencyutils\LatencyUtils\2.0.3\LatencyUtils-2.0.3.jar;D:\MavenLibraries\io\micrometer\micrometer-observation\1.14.6\micrometer-observation-1.14.6.jar;D:\MavenLibraries\org\springframework\data\spring-data-commons\3.4.5\spring-data-commons-3.4.5.jar;D:\MavenLibraries\org\springframework\boot\spring-boot-starter-data-jpa\3.4.5\spring-boot-starter-data-jpa-3.4.5.jar;D:\MavenLibraries\org\hibernate\orm\hibernate-core\6.6.13.Final\hibernate-core-6.6.13.Final.jar;D:\MavenLibraries\jakarta\persistence\jakarta.persistence-api\3.1.0\jakarta.persistence-api-3.1.0.jar;D:\MavenLibraries\jakarta\transaction\jakarta.transaction-api\2.0.1\jakarta.transaction-api-2.0.1.jar;D:\MavenLibraries\org\jboss\logging\jboss-logging\3.6.1.Final\jboss-logging-3.6.1.Final.jar;D:\MavenLibraries\org\hibernate\common\hibernate-commons-annotations\7.0.3.Final\hibernate-commons-annotations-7.0.3.Final.jar;D:\MavenLibraries\io\smallrye\jandex\3.2.0\jandex-3.2.0.jar;D:\MavenLibraries\com\fasterxml\classmate\1.7.0\classmate-1.7.0.jar;D:\MavenLibraries\net\bytebuddy\byte-buddy\1.15.11\byte-buddy-1.15.11.jar;D:\MavenLibraries\org\glassfish\jaxb\jaxb-runtime\4.0.5\jaxb-runtime-4.0.5.jar;D:\MavenLibraries\org\glassfish\jaxb\jaxb-core\4.0.5\jaxb-core-4.0.5.jar;D:\MavenLibraries\org\eclipse\angus\angus-activation\2.0.2\angus-activation-2.0.2.jar;D:\MavenLibraries\org\glassfish\jaxb\txw2\4.0.5\txw2-4.0.5.jar;D:\MavenLibraries\com\sun\istack\istack-commons-runtime\4.1.2\istack-commons-runtime-4.1.2.jar;D:\MavenLibraries\jakarta\inject\jakarta.inject-api\2.0.1\jakarta.inject-api-2.0.1.jar;D:\MavenLibraries\org\antlr\antlr4-runtime\4.13.0\antlr4-runtime-4.13.0.jar;D:\MavenLibraries\org\springframework\data\spring-data-jpa\3.4.5\spring-data-jpa-3.4.5.jar;D:\MavenLibraries\org\springframework\spring-orm\6.2.6\spring-orm-6.2.6.jar;D:\MavenLibraries\org\slf4j\slf4j-api\2.0.17\slf4j-api-2.0.17.jar;D:\MavenLibraries\org\springframework\spring-aspects\6.2.6\spring-aspects-6.2.6.jar;D:\MavenLibraries\org\aspectj\aspectjweaver\1.9.24\aspectjweaver-1.9.24.jar;D:\MavenLibraries\org\springframework\boot\spring-boot-starter-web\3.4.5\spring-boot-starter-web-3.4.5.jar;D:\MavenLibraries\org\springframework\boot\spring-boot-starter-json\3.4.5\spring-boot-starter-json-3.4.5.jar;D:\MavenLibraries\com\fasterxml\jackson\core\jackson-databind\2.18.3\jackson-databind-2.18.3.jar;D:\MavenLibraries\com\fasterxml\jackson\core\jackson-annotations\2.18.3\jackson-annotations-2.18.3.jar;D:\MavenLibraries\com\fasterxml\jackson\core\jackson-core\2.18.3\jackson-core-2.18.3.jar;D:\MavenLibraries\com\fasterxml\jackson\datatype\jackson-datatype-jdk8\2.18.3\jackson-datatype-jdk8-2.18.3.jar;D:\MavenLibraries\com\fasterxml\jackson\datatype\jackson-datatype-jsr310\2.18.3\jackson-datatype-jsr310-2.18.3.jar;D:\MavenLibraries\com\fasterxml\jackson\module\jackson-module-parameter-names\2.18.3\jackson-module-parameter-names-2.18.3.jar;D:\MavenLibraries\org\springframework\boot\spring-boot-starter-tomcat\3.4.5\spring-boot-starter-tomcat-3.4.5.jar;D:\MavenLibraries\org\apache\tomcat\embed\tomcat-embed-core\10.1.40\tomcat-embed-core-10.1.40.jar;D:\MavenLibraries\org\apache\tomcat\embed\tomcat-embed-el\10.1.40\tomcat-embed-el-10.1.40.jar;D:\MavenLibraries\org\apache\tomcat\embed\tomcat-embed-websocket\10.1.40\tomcat-embed-websocket-10.1.40.jar;D:\MavenLibraries\org\springframework\spring-web\6.2.6\spring-web-6.2.6.jar;D:\MavenLibraries\org\springframework\spring-webmvc\6.2.6\spring-webmvc-6.2.6.jar;D:\MavenLibraries\org\springframework\spring-expression\6.2.6\spring-expression-6.2.6.jar;D:\MavenLibraries\org\postgresql\postgresql\42.7.5\postgresql-42.7.5.jar;D:\MavenLibraries\org\checkerframework\checker-qual\3.48.3\checker-qual-3.48.3.jar;D:\MavenLibraries\org\projectlombok\lombok\1.18.38\lombok-1.18.38.jar;D:\MavenLibraries\org\springframework\boot\spring-boot-starter-test\3.4.5\spring-boot-starter-test-3.4.5.jar;D:\MavenLibraries\org\springframework\boot\spring-boot-test\3.4.5\spring-boot-test-3.4.5.jar;D:\MavenLibraries\org\springframework\boot\spring-boot-test-autoconfigure\3.4.5\spring-boot-test-autoconfigure-3.4.5.jar;D:\MavenLibraries\com\jayway\jsonpath\json-path\2.9.0\json-path-2.9.0.jar;D:\MavenLibraries\jakarta\xml\bind\jakarta.xml.bind-api\4.0.2\jakarta.xml.bind-api-4.0.2.jar;D:\MavenLibraries\jakarta\activation\jakarta.activation-api\2.1.3\jakarta.activation-api-2.1.3.jar;D:\MavenLibraries\net\minidev\json-smart\2.5.2\json-smart-2.5.2.jar;D:\MavenLibraries\net\minidev\accessors-smart\2.5.2\accessors-smart-2.5.2.jar;D:\MavenLibraries\org\ow2\asm\asm\9.7.1\asm-9.7.1.jar;D:\MavenLibraries\org\assertj\assertj-core\3.26.3\assertj-core-3.26.3.jar;D:\MavenLibraries\org\awaitility\awaitility\4.2.2\awaitility-4.2.2.jar;D:\MavenLibraries\org\hamcrest\hamcrest\2.2\hamcrest-2.2.jar;D:\MavenLibraries\org\junit\jupiter\junit-jupiter\5.11.4\junit-jupiter-5.11.4.jar;D:\MavenLibraries\org\junit\jupiter\junit-jupiter-api\5.11.4\junit-jupiter-api-5.11.4.jar;D:\MavenLibraries\org\opentest4j\opentest4j\1.3.0\opentest4j-1.3.0.jar;D:\MavenLibraries\org\junit\platform\junit-platform-commons\1.11.4\junit-platform-commons-1.11.4.jar;D:\MavenLibraries\org\apiguardian\apiguardian-api\1.1.2\apiguardian-api-1.1.2.jar;D:\MavenLibraries\org\junit\jupiter\junit-jupiter-params\5.11.4\junit-jupiter-params-5.11.4.jar;D:\MavenLibraries\org\junit\jupiter\junit-jupiter-engine\5.11.4\junit-jupiter-engine-5.11.4.jar;D:\MavenLibraries\org\junit\platform\junit-platform-engine\1.11.4\junit-platform-engine-1.11.4.jar;D:\MavenLibraries\org\mockito\mockito-core\5.14.2\mockito-core-5.14.2.jar;D:\MavenLibraries\net\bytebuddy\byte-buddy-agent\1.15.11\byte-buddy-agent-1.15.11.jar;D:\MavenLibraries\org\objenesis\objenesis\3.3\objenesis-3.3.jar;D:\MavenLibraries\org\mockito\mockito-junit-jupiter\5.14.2\mockito-junit-jupiter-5.14.2.jar;D:\MavenLibraries\org\skyscreamer\jsonassert\1.5.3\jsonassert-1.5.3.jar;D:\MavenLibraries\com\vaadin\external\google\android-json\0.0.20131108.vaadin1\android-json-0.0.20131108.vaadin1.jar;D:\MavenLibraries\org\springframework\spring-core\6.2.6\spring-core-6.2.6.jar;D:\MavenLibraries\org\springframework\spring-jcl\6.2.6\spring-jcl-6.2.6.jar;D:\MavenLibraries\org\springframework\spring-test\6.2.6\spring-test-6.2.6.jar;D:\MavenLibraries\org\xmlunit\xmlunit-core\2.10.0\xmlunit-core-2.10.0.jar;D:\MavenLibraries\org\springframework\batch\spring-batch-test\5.2.2\spring-batch-test-5.2.2.jar;D:\MavenLibraries\org\springframework\spring-jdbc\6.2.6\spring-jdbc-6.2.6.jar;"/>
    <property name="sun.cpu.endian" value="little"/>
    <property name="user.home" value="C:\Users\U063496"/>
    <property name="user.language" value="en"/>
    <property name="java.specification.vendor" value="Oracle Corporation"/>
    <property name="java.version.date" value="2024-10-15"/>
    <property name="java.home" value="C:\ProgramData\Zulu\zulu-17"/>
    <property name="file.separator" value="\"/>
    <property name="basedir" value="D:\Projects\CAMS\camsbatch"/>
    <property name="java.vm.compressedOopsMode" value="Zero based"/>
    <property name="line.separator" value="&#10;"/>
    <property name="java.vm.specification.vendor" value="Oracle Corporation"/>
    <property name="java.specification.name" value="Java Platform API Specification"/>
    <property name="FILE_LOG_CHARSET" value="windows-1252"/>
    <property name="java.awt.headless" value="true"/>
    <property name="surefire.real.class.path" value="C:\Users\U063496\AppData\Local\Temp\surefire13334740012921493881\surefirebooter-20250509010740214_3.jar"/>
    <property name="user.script" value=""/>
    <property name="sun.management.compiler" value="HotSpot 64-Bit Tiered Compilers"/>
    <property name="java.runtime.version" value="17.0.13+11-LTS"/>
    <property name="user.name" value="U063496"/>
    <property name="path.separator" value=";"/>
    <property name="os.version" value="10.0"/>
    <property name="java.runtime.name" value="OpenJDK Runtime Environment"/>
    <property name="file.encoding" value="Cp1252"/>
    <property name="java.vm.name" value="OpenJDK 64-Bit Server VM"/>
    <property name="java.vendor.version" value="Zulu17.54+21-CA"/>
    <property name="localRepository" value="D:\MavenLibraries"/>
    <property name="java.vendor.url.bug" value="http://www.azul.com/support/"/>
    <property name="java.io.tmpdir" value="C:\Users\U063496\AppData\Local\Temp\"/>
    <property name="com.zaxxer.hikari.pool_number" value="1"/>
    <property name="java.version" value="17.0.13"/>
    <property name="user.dir" value="D:\Projects\CAMS\camsbatch"/>
    <property name="os.arch" value="amd64"/>
    <property name="java.vm.specification.name" value="Java Virtual Machine Specification"/>
    <property name="PID" value="16688"/>
    <property name="sun.os.patch.level" value=""/>
    <property name="CONSOLE_LOG_CHARSET" value="windows-1252"/>
    <property name="native.encoding" value="Cp1252"/>
    <property name="java.library.path" value="C:\ProgramData\Zulu\zulu-17\bin;C:\WINDOWS\Sun\Java\bin;C:\WINDOWS\system32;C:\WINDOWS;C:\ProgramData\Zulu\zulu-17\bin\;C:\Program Files\Eclipse Adoptium\jdk-8.0.372.7-hotspot\bin;C:\Program Files\IBM\MQ\java\lib;C:\Program Files\IBM\MQ\java\lib64;C:\Program Files\Common Files\Oracle\Java\javapath;C:\Program Files (x86)\Common Files\Oracle\Java\javapath;C:\WINDOWS\system32;C:\WINDOWS;C:\WINDOWS\System32\Wbem;C:\WINDOWS\System32\WindowsPowerShell\v1.0\;C:\WINDOWS\System32\OpenSSH\;C:\Program Files (x86)\Windows Live\Shared;C:\Program Files\Microsoft VS Code\bin;C:\Program Files\Java\jdk-11.0.13\bin;C:\Program Files\RedHat\java-1.8.0-openjdk-1.8.0.312-2\bin;C:\Program Files\RedHat\java-1.8.0-openjdk-1.8.0.312-2\jre\bin;C:\Program Files\RedHat\java-11-openjdk-11.0.13-1\bin;C:\ExtLibrary\apache-ant-1.9.6\bin;C:\Program Files\IBM\MQ\bin64;C:\Program Files\IBM\MQ\bin;C:\Program Files\IBM\MQ\tools\c\samples\bin64;C:\Program Files\IBM\MQ\tools\c\samples\bin;C:\ProgramData\Zulu\zulu-17\\bin;C:\Program Files\RedHat\java-1.8.0-openjdk-1.8.0.332-2\bin;C:\Program Files\RedHat\java-1.8.0-openjdk-1.8.0.332-2\jre\bin;C:\Users\U063496\Documents\oc;C:\Program Files\PuTTY\;C:\Program Files\Git\cmd;C:\Program Files\Red Gate\Flyway Desktop\;C:\Program Files\dotnet\;C:\Program Files\RedHat\Podman\;C:\Program Files\nodejs\;C:\Users\U063496\AppData\Local\Microsoft\WindowsApps;C:\Users\U063496\AppData\Local\GitHubDesktop\bin;C:\Users\U063496\AppData\Local\Programs\Git\cmd;C:\Users\U063496\AppData\Roaming\npm;D:\Source\apache-maven-3.6.3\bin;;."/>
    <property name="java.vm.info" value="mixed mode, sharing"/>
    <property name="java.vendor" value="Azul Systems, Inc."/>
    <property name="java.vm.version" value="17.0.13+11-LTS"/>
    <property name="java.specification.maintenance.version" value="1"/>
    <property name="sun.io.unicode.encoding" value="UnicodeLittle"/>
    <property name="java.class.version" value="61.0"/>
    <property name="LOGGED_APPLICATION_NAME" value="[camsbatch] "/>
  </properties>
  <testcase name="contextLoads" classname="id.co.bca.camsbatch.CamsbatchApplicationTests" time="1.581">
    <system-out><![CDATA[01:07:41.420 [main] INFO org.springframework.test.context.support.AnnotationConfigContextLoaderUtils -- Could not detect default configuration classes for test class [id.co.bca.camsbatch.CamsbatchApplicationTests]: CamsbatchApplicationTests does not declare any static, non-private, non-final, nested classes annotated with @Configuration.
01:07:41.527 [main] INFO org.springframework.boot.test.context.SpringBootTestContextBootstrapper -- Found @SpringBootConfiguration id.co.bca.camsbatch.CamsbatchApplication for test class id.co.bca.camsbatch.CamsbatchApplicationTests

  .   ____          _            __ _ _
 /\\ / ___'_ __ _ _(_)_ __  __ _ \ \ \ \
( ( )\___ | '_ | '_| | '_ \/ _` | \ \ \ \
 \\/  ___)| |_)| | | | | || (_| |  ) ) ) )
  '  |____| .__|_| |_|_| |_\__, | / / / /
 =========|_|==============|___/=/_/_/_/

 :: Spring Boot ::                (v3.4.5)

2025-05-09T01:07:42.014+07:00  INFO 16688 --- [camsbatch] [           main] i.c.b.c.CamsbatchApplicationTests        : Starting CamsbatchApplicationTests using Java 17.0.13 with PID 16688 (started by U063496 in D:\Projects\CAMS\camsbatch)
2025-05-09T01:07:42.018+07:00  INFO 16688 --- [camsbatch] [           main] i.c.b.c.CamsbatchApplicationTests        : No active profile set, falling back to 1 default profile: "default"
2025-05-09T01:07:43.055+07:00  INFO 16688 --- [camsbatch] [           main] .s.d.r.c.RepositoryConfigurationDelegate : Bootstrapping Spring Data JPA repositories in DEFAULT mode.
2025-05-09T01:07:43.207+07:00  INFO 16688 --- [camsbatch] [           main] .s.d.r.c.RepositoryConfigurationDelegate : Finished Spring Data repository scanning in 123 ms. Found 3 JPA repository interfaces.
2025-05-09T01:07:43.796+07:00  INFO 16688 --- [camsbatch] [           main] com.zaxxer.hikari.HikariDataSource       : HikariPool-1 - Starting...
2025-05-09T01:07:44.050+07:00  INFO 16688 --- [camsbatch] [           main] com.zaxxer.hikari.pool.HikariPool        : HikariPool-1 - Added connection org.postgresql.jdbc.PgConnection@2173a742
2025-05-09T01:07:44.054+07:00  INFO 16688 --- [camsbatch] [           main] com.zaxxer.hikari.HikariDataSource       : HikariPool-1 - Start completed.
2025-05-09T01:07:44.215+07:00 DEBUG 16688 --- [camsbatch] [           main] o.hibernate.jpa.internal.util.LogHelper  : PersistenceUnitInfo [
	name: default
	persistence provider classname: null
	classloader: jdk.internal.loader.ClassLoaders$AppClassLoader@c387f44
	excludeUnlistedClasses: true
	JTA datasource: null
	Non JTA datasource: HikariDataSource (HikariPool-1)
	Transaction type: RESOURCE_LOCAL
	PU root URL: file:/D:/Projects/CAMS/camsbatch/target/test-classes/
	Shared Cache Mode: UNSPECIFIED
	Validation Mode: AUTO
	Jar files URLs []
	Managed classes names [
		id.co.bca.camsbatch.model.Customer
		id.co.bca.camsbatch.model.Order
		id.co.bca.camsbatch.model.Person]
	Mapping files names []
	Properties []
2025-05-09T01:07:44.251+07:00 DEBUG 16688 --- [camsbatch] [           main] o.h.i.internal.IntegratorServiceImpl     : Adding Integrator [org.hibernate.boot.beanvalidation.BeanValidationIntegrator].
2025-05-09T01:07:44.254+07:00 DEBUG 16688 --- [camsbatch] [           main] o.h.i.internal.IntegratorServiceImpl     : Adding Integrator [org.hibernate.cache.internal.CollectionCacheInvalidator].
2025-05-09T01:07:44.345+07:00  INFO 16688 --- [camsbatch] [           main] org.hibernate.Version                    : HHH000412: Hibernate ORM core version 6.6.13.Final
2025-05-09T01:07:44.351+07:00 DEBUG 16688 --- [camsbatch] [           main] org.hibernate.cfg.Environment            : HHH000206: 'hibernate.properties' not found
2025-05-09T01:07:44.488+07:00 DEBUG 16688 --- [camsbatch] [           main] org.hibernate.orm.idgen.factory          : Registering IdentifierGenerator strategy [uuid2] -> [org.hibernate.id.UUIDGenerator]
2025-05-09T01:07:44.490+07:00 DEBUG 16688 --- [camsbatch] [           main] org.hibernate.orm.idgen.factory          : Registering IdentifierGenerator strategy [guid] -> [org.hibernate.id.GUIDGenerator]
2025-05-09T01:07:44.494+07:00 DEBUG 16688 --- [camsbatch] [           main] org.hibernate.orm.idgen.factory          : Registering IdentifierGenerator strategy [uuid] -> [org.hibernate.id.UUIDHexGenerator]
2025-05-09T01:07:44.495+07:00 DEBUG 16688 --- [camsbatch] [           main] org.hibernate.orm.idgen.factory          : Registering IdentifierGenerator strategy [uuid.hex] -> [org.hibernate.id.UUIDHexGenerator]
2025-05-09T01:07:44.496+07:00 DEBUG 16688 --- [camsbatch] [           main] org.hibernate.orm.idgen.factory          : Registering IdentifierGenerator strategy [assigned] -> [org.hibernate.id.Assigned]
2025-05-09T01:07:44.499+07:00 DEBUG 16688 --- [camsbatch] [           main] org.hibernate.orm.idgen.factory          : Registering IdentifierGenerator strategy [identity] -> [org.hibernate.id.IdentityGenerator]
2025-05-09T01:07:44.500+07:00 DEBUG 16688 --- [camsbatch] [           main] org.hibernate.orm.idgen.factory          : Registering IdentifierGenerator strategy [select] -> [org.hibernate.id.SelectGenerator]
2025-05-09T01:07:44.502+07:00 DEBUG 16688 --- [camsbatch] [           main] org.hibernate.orm.idgen.factory          : Registering IdentifierGenerator strategy [sequence] -> [org.hibernate.id.enhanced.SequenceStyleGenerator]
2025-05-09T01:07:44.505+07:00 DEBUG 16688 --- [camsbatch] [           main] org.hibernate.orm.idgen.factory          : Registering IdentifierGenerator strategy [increment] -> [org.hibernate.id.IncrementGenerator]
2025-05-09T01:07:44.506+07:00 DEBUG 16688 --- [camsbatch] [           main] org.hibernate.orm.idgen.factory          : Registering IdentifierGenerator strategy [foreign] -> [org.hibernate.id.ForeignGenerator]
2025-05-09T01:07:44.507+07:00 DEBUG 16688 --- [camsbatch] [           main] org.hibernate.orm.idgen.factory          : Registering IdentifierGenerator strategy [enhanced-sequence] -> [org.hibernate.id.enhanced.SequenceStyleGenerator]
2025-05-09T01:07:44.508+07:00 DEBUG 16688 --- [camsbatch] [           main] org.hibernate.orm.idgen.factory          : Registering IdentifierGenerator strategy [enhanced-table] -> [org.hibernate.id.enhanced.TableGenerator]
2025-05-09T01:07:44.517+07:00 DEBUG 16688 --- [camsbatch] [           main] o.h.c.internal.RegionFactoryInitiator    : Cannot default RegionFactory based on registered strategies as `[]` RegionFactory strategies were registered
2025-05-09T01:07:44.521+07:00  INFO 16688 --- [camsbatch] [           main] o.h.c.internal.RegionFactoryInitiator    : HHH000026: Second-level cache disabled
2025-05-09T01:07:44.966+07:00 DEBUG 16688 --- [camsbatch] [           main] org.hibernate.type.BasicTypeRegistry     : Adding type registration boolean -> org.hibernate.type.BasicTypeReference@69a5c6be
2025-05-09T01:07:44.967+07:00 DEBUG 16688 --- [camsbatch] [           main] org.hibernate.type.BasicTypeRegistry     : Adding type registration boolean -> org.hibernate.type.BasicTypeReference@69a5c6be
2025-05-09T01:07:44.967+07:00 DEBUG 16688 --- [camsbatch] [           main] org.hibernate.type.BasicTypeRegistry     : Adding type registration java.lang.Boolean -> org.hibernate.type.BasicTypeReference@69a5c6be
2025-05-09T01:07:44.967+07:00 DEBUG 16688 --- [camsbatch] [           main] org.hibernate.type.BasicTypeRegistry     : Adding type registration numeric_boolean -> org.hibernate.type.BasicTypeReference@451e2fa9
2025-05-09T01:07:44.968+07:00 DEBUG 16688 --- [camsbatch] [           main] org.hibernate.type.BasicTypeRegistry     : Adding type registration org.hibernate.type.NumericBooleanConverter -> org.hibernate.type.BasicTypeReference@451e2fa9
2025-05-09T01:07:44.968+07:00 DEBUG 16688 --- [camsbatch] [           main] org.hibernate.type.BasicTypeRegistry     : Adding type registration true_false -> org.hibernate.type.BasicTypeReference@497ed877
2025-05-09T01:07:44.974+07:00 DEBUG 16688 --- [camsbatch] [           main] org.hibernate.type.BasicTypeRegistry     : Adding type registration org.hibernate.type.TrueFalseConverter -> org.hibernate.type.BasicTypeReference@497ed877
2025-05-09T01:07:44.975+07:00 DEBUG 16688 --- [camsbatch] [           main] org.hibernate.type.BasicTypeRegistry     : Adding type registration yes_no -> org.hibernate.type.BasicTypeReference@3cb6e0ee
2025-05-09T01:07:44.975+07:00 DEBUG 16688 --- [camsbatch] [           main] org.hibernate.type.BasicTypeRegistry     : Adding type registration org.hibernate.type.YesNoConverter -> org.hibernate.type.BasicTypeReference@3cb6e0ee
2025-05-09T01:07:44.975+07:00 DEBUG 16688 --- [camsbatch] [           main] org.hibernate.type.BasicTypeRegistry     : Adding type registration byte -> org.hibernate.type.BasicTypeReference@7b6141f0
2025-05-09T01:07:44.975+07:00 DEBUG 16688 --- [camsbatch] [           main] org.hibernate.type.BasicTypeRegistry     : Adding type registration byte -> org.hibernate.type.BasicTypeReference@7b6141f0
2025-05-09T01:07:44.975+07:00 DEBUG 16688 --- [camsbatch] [           main] org.hibernate.type.BasicTypeRegistry     : Adding type registration java.lang.Byte -> org.hibernate.type.BasicTypeReference@7b6141f0
2025-05-09T01:07:44.976+07:00 DEBUG 16688 --- [camsbatch] [           main] org.hibernate.type.BasicTypeRegistry     : Adding type registration binary -> org.hibernate.type.BasicTypeReference@4fb64a52
2025-05-09T01:07:44.976+07:00 DEBUG 16688 --- [camsbatch] [           main] org.hibernate.type.BasicTypeRegistry     : Adding type registration byte[] -> org.hibernate.type.BasicTypeReference@4fb64a52
2025-05-09T01:07:44.976+07:00 DEBUG 16688 --- [camsbatch] [           main] org.hibernate.type.BasicTypeRegistry     : Adding type registration [B -> org.hibernate.type.BasicTypeReference@4fb64a52
2025-05-09T01:07:44.976+07:00 DEBUG 16688 --- [camsbatch] [           main] org.hibernate.type.BasicTypeRegistry     : Adding type registration binary_wrapper -> org.hibernate.type.BasicTypeReference@70b48eb3
2025-05-09T01:07:44.976+07:00 DEBUG 16688 --- [camsbatch] [           main] org.hibernate.type.BasicTypeRegistry     : Adding type registration wrapper-binary -> org.hibernate.type.BasicTypeReference@70b48eb3
2025-05-09T01:07:44.976+07:00 DEBUG 16688 --- [camsbatch] [           main] org.hibernate.type.BasicTypeRegistry     : Adding type registration image -> org.hibernate.type.BasicTypeReference@7b8ea1db
2025-05-09T01:07:44.977+07:00 DEBUG 16688 --- [camsbatch] [           main] org.hibernate.type.BasicTypeRegistry     : Adding type registration blob -> org.hibernate.type.BasicTypeReference@a91119b
2025-05-09T01:07:44.977+07:00 DEBUG 16688 --- [camsbatch] [           main] org.hibernate.type.BasicTypeRegistry     : Adding type registration java.sql.Blob -> org.hibernate.type.BasicTypeReference@a91119b
2025-05-09T01:07:44.977+07:00 DEBUG 16688 --- [camsbatch] [           main] org.hibernate.type.BasicTypeRegistry     : Adding type registration materialized_blob -> org.hibernate.type.BasicTypeReference@77083e41
2025-05-09T01:07:44.977+07:00 DEBUG 16688 --- [camsbatch] [           main] org.hibernate.type.BasicTypeRegistry     : Adding type registration materialized_blob_wrapper -> org.hibernate.type.BasicTypeReference@231df705
2025-05-09T01:07:44.977+07:00 DEBUG 16688 --- [camsbatch] [           main] org.hibernate.type.BasicTypeRegistry     : Adding type registration short -> org.hibernate.type.BasicTypeReference@2d130ac4
2025-05-09T01:07:44.977+07:00 DEBUG 16688 --- [camsbatch] [           main] org.hibernate.type.BasicTypeRegistry     : Adding type registration short -> org.hibernate.type.BasicTypeReference@2d130ac4
2025-05-09T01:07:44.977+07:00 DEBUG 16688 --- [camsbatch] [           main] org.hibernate.type.BasicTypeRegistry     : Adding type registration java.lang.Short -> org.hibernate.type.BasicTypeReference@2d130ac4
2025-05-09T01:07:44.978+07:00 DEBUG 16688 --- [camsbatch] [           main] org.hibernate.type.BasicTypeRegistry     : Adding type registration integer -> org.hibernate.type.BasicTypeReference@2f0ccb34
2025-05-09T01:07:44.978+07:00 DEBUG 16688 --- [camsbatch] [           main] org.hibernate.type.BasicTypeRegistry     : Adding type registration int -> org.hibernate.type.BasicTypeReference@2f0ccb34
2025-05-09T01:07:44.978+07:00 DEBUG 16688 --- [camsbatch] [           main] org.hibernate.type.BasicTypeRegistry     : Adding type registration java.lang.Integer -> org.hibernate.type.BasicTypeReference@2f0ccb34
2025-05-09T01:07:44.978+07:00 DEBUG 16688 --- [camsbatch] [           main] org.hibernate.type.BasicTypeRegistry     : Adding type registration long -> org.hibernate.type.BasicTypeReference@194012a2
2025-05-09T01:07:44.978+07:00 DEBUG 16688 --- [camsbatch] [           main] org.hibernate.type.BasicTypeRegistry     : Adding type registration long -> org.hibernate.type.BasicTypeReference@194012a2
2025-05-09T01:07:44.978+07:00 DEBUG 16688 --- [camsbatch] [           main] org.hibernate.type.BasicTypeRegistry     : Adding type registration java.lang.Long -> org.hibernate.type.BasicTypeReference@194012a2
2025-05-09T01:07:44.978+07:00 DEBUG 16688 --- [camsbatch] [           main] org.hibernate.type.BasicTypeRegistry     : Adding type registration float -> org.hibernate.type.BasicTypeReference@55296b50
2025-05-09T01:07:44.979+07:00 DEBUG 16688 --- [camsbatch] [           main] org.hibernate.type.BasicTypeRegistry     : Adding type registration float -> org.hibernate.type.BasicTypeReference@55296b50
2025-05-09T01:07:44.979+07:00 DEBUG 16688 --- [camsbatch] [           main] org.hibernate.type.BasicTypeRegistry     : Adding type registration java.lang.Float -> org.hibernate.type.BasicTypeReference@55296b50
2025-05-09T01:07:44.979+07:00 DEBUG 16688 --- [camsbatch] [           main] org.hibernate.type.BasicTypeRegistry     : Adding type registration double -> org.hibernate.type.BasicTypeReference@60591e1b
2025-05-09T01:07:44.979+07:00 DEBUG 16688 --- [camsbatch] [           main] org.hibernate.type.BasicTypeRegistry     : Adding type registration double -> org.hibernate.type.BasicTypeReference@60591e1b
2025-05-09T01:07:44.979+07:00 DEBUG 16688 --- [camsbatch] [           main] org.hibernate.type.BasicTypeRegistry     : Adding type registration java.lang.Double -> org.hibernate.type.BasicTypeReference@60591e1b
2025-05-09T01:07:44.979+07:00 DEBUG 16688 --- [camsbatch] [           main] org.hibernate.type.BasicTypeRegistry     : Adding type registration big_integer -> org.hibernate.type.BasicTypeReference@29c53c4f
2025-05-09T01:07:44.979+07:00 DEBUG 16688 --- [camsbatch] [           main] org.hibernate.type.BasicTypeRegistry     : Adding type registration java.math.BigInteger -> org.hibernate.type.BasicTypeReference@29c53c4f
2025-05-09T01:07:44.979+07:00 DEBUG 16688 --- [camsbatch] [           main] org.hibernate.type.BasicTypeRegistry     : Adding type registration big_decimal -> org.hibernate.type.BasicTypeReference@3009eed7
2025-05-09T01:07:44.979+07:00 DEBUG 16688 --- [camsbatch] [           main] org.hibernate.type.BasicTypeRegistry     : Adding type registration java.math.BigDecimal -> org.hibernate.type.BasicTypeReference@3009eed7
2025-05-09T01:07:44.980+07:00 DEBUG 16688 --- [camsbatch] [           main] org.hibernate.type.BasicTypeRegistry     : Adding type registration character -> org.hibernate.type.BasicTypeReference@2ee4706d
2025-05-09T01:07:44.980+07:00 DEBUG 16688 --- [camsbatch] [           main] org.hibernate.type.BasicTypeRegistry     : Adding type registration char -> org.hibernate.type.BasicTypeReference@2ee4706d
2025-05-09T01:07:44.980+07:00 DEBUG 16688 --- [camsbatch] [           main] org.hibernate.type.BasicTypeRegistry     : Adding type registration java.lang.Character -> org.hibernate.type.BasicTypeReference@2ee4706d
2025-05-09T01:07:44.980+07:00 DEBUG 16688 --- [camsbatch] [           main] org.hibernate.type.BasicTypeRegistry     : Adding type registration character_nchar -> org.hibernate.type.BasicTypeReference@6650a6c
2025-05-09T01:07:44.980+07:00 DEBUG 16688 --- [camsbatch] [           main] org.hibernate.type.BasicTypeRegistry     : Adding type registration string -> org.hibernate.type.BasicTypeReference@64279ab
2025-05-09T01:07:44.980+07:00 DEBUG 16688 --- [camsbatch] [           main] org.hibernate.type.BasicTypeRegistry     : Adding type registration java.lang.String -> org.hibernate.type.BasicTypeReference@64279ab
2025-05-09T01:07:44.980+07:00 DEBUG 16688 --- [camsbatch] [           main] org.hibernate.type.BasicTypeRegistry     : Adding type registration nstring -> org.hibernate.type.BasicTypeReference@794240e2
2025-05-09T01:07:44.981+07:00 DEBUG 16688 --- [camsbatch] [           main] org.hibernate.type.BasicTypeRegistry     : Adding type registration characters -> org.hibernate.type.BasicTypeReference@74a820bf
2025-05-09T01:07:44.981+07:00 DEBUG 16688 --- [camsbatch] [           main] org.hibernate.type.BasicTypeRegistry     : Adding type registration char[] -> org.hibernate.type.BasicTypeReference@74a820bf
2025-05-09T01:07:44.981+07:00 DEBUG 16688 --- [camsbatch] [           main] org.hibernate.type.BasicTypeRegistry     : Adding type registration [C -> org.hibernate.type.BasicTypeReference@74a820bf
2025-05-09T01:07:44.981+07:00 DEBUG 16688 --- [camsbatch] [           main] org.hibernate.type.BasicTypeRegistry     : Adding type registration wrapper-characters -> org.hibernate.type.BasicTypeReference@5a30722c
2025-05-09T01:07:44.981+07:00 DEBUG 16688 --- [camsbatch] [           main] org.hibernate.type.BasicTypeRegistry     : Adding type registration text -> org.hibernate.type.BasicTypeReference@4f2ac7e0
2025-05-09T01:07:44.981+07:00 DEBUG 16688 --- [camsbatch] [           main] org.hibernate.type.BasicTypeRegistry     : Adding type registration ntext -> org.hibernate.type.BasicTypeReference@2484dbb7
2025-05-09T01:07:44.981+07:00 DEBUG 16688 --- [camsbatch] [           main] org.hibernate.type.BasicTypeRegistry     : Adding type registration clob -> org.hibernate.type.BasicTypeReference@111cba40
2025-05-09T01:07:44.981+07:00 DEBUG 16688 --- [camsbatch] [           main] org.hibernate.type.BasicTypeRegistry     : Adding type registration java.sql.Clob -> org.hibernate.type.BasicTypeReference@111cba40
2025-05-09T01:07:44.981+07:00 DEBUG 16688 --- [camsbatch] [           main] org.hibernate.type.BasicTypeRegistry     : Adding type registration nclob -> org.hibernate.type.BasicTypeReference@48e41b5d
2025-05-09T01:07:44.982+07:00 DEBUG 16688 --- [camsbatch] [           main] org.hibernate.type.BasicTypeRegistry     : Adding type registration java.sql.NClob -> org.hibernate.type.BasicTypeReference@48e41b5d
2025-05-09T01:07:44.982+07:00 DEBUG 16688 --- [camsbatch] [           main] org.hibernate.type.BasicTypeRegistry     : Adding type registration materialized_clob -> org.hibernate.type.BasicTypeReference@51e8d066
2025-05-09T01:07:44.982+07:00 DEBUG 16688 --- [camsbatch] [           main] org.hibernate.type.BasicTypeRegistry     : Adding type registration materialized_clob_char_array -> org.hibernate.type.BasicTypeReference@5333f08f
2025-05-09T01:07:44.982+07:00 DEBUG 16688 --- [camsbatch] [           main] org.hibernate.type.BasicTypeRegistry     : Adding type registration materialized_clob_character_array -> org.hibernate.type.BasicTypeReference@27898e13
2025-05-09T01:07:44.982+07:00 DEBUG 16688 --- [camsbatch] [           main] org.hibernate.type.BasicTypeRegistry     : Adding type registration materialized_nclob -> org.hibernate.type.BasicTypeReference@4f5f474c
2025-05-09T01:07:44.982+07:00 DEBUG 16688 --- [camsbatch] [           main] org.hibernate.type.BasicTypeRegistry     : Adding type registration materialized_nclob_character_array -> org.hibernate.type.BasicTypeReference@58a3d521
2025-05-09T01:07:44.982+07:00 DEBUG 16688 --- [camsbatch] [           main] org.hibernate.type.BasicTypeRegistry     : Adding type registration materialized_nclob_char_array -> org.hibernate.type.BasicTypeReference@14d8e132
2025-05-09T01:07:44.983+07:00 DEBUG 16688 --- [camsbatch] [           main] org.hibernate.type.BasicTypeRegistry     : Adding type registration Duration -> org.hibernate.type.BasicTypeReference@7f4a1cac
2025-05-09T01:07:44.984+07:00 DEBUG 16688 --- [camsbatch] [           main] org.hibernate.type.BasicTypeRegistry     : Adding type registration java.time.Duration -> org.hibernate.type.BasicTypeReference@7f4a1cac
2025-05-09T01:07:44.984+07:00 DEBUG 16688 --- [camsbatch] [           main] org.hibernate.type.BasicTypeRegistry     : Adding type registration LocalDateTime -> org.hibernate.type.BasicTypeReference@4a1a412e
2025-05-09T01:07:44.984+07:00 DEBUG 16688 --- [camsbatch] [           main] org.hibernate.type.BasicTypeRegistry     : Adding type registration java.time.LocalDateTime -> org.hibernate.type.BasicTypeReference@4a1a412e
2025-05-09T01:07:44.984+07:00 DEBUG 16688 --- [camsbatch] [           main] org.hibernate.type.BasicTypeRegistry     : Adding type registration LocalDate -> org.hibernate.type.BasicTypeReference@c568f91
2025-05-09T01:07:44.984+07:00 DEBUG 16688 --- [camsbatch] [           main] org.hibernate.type.BasicTypeRegistry     : Adding type registration java.time.LocalDate -> org.hibernate.type.BasicTypeReference@c568f91
2025-05-09T01:07:44.984+07:00 DEBUG 16688 --- [camsbatch] [           main] org.hibernate.type.BasicTypeRegistry     : Adding type registration LocalTime -> org.hibernate.type.BasicTypeReference@5fd43e58
2025-05-09T01:07:44.984+07:00 DEBUG 16688 --- [camsbatch] [           main] org.hibernate.type.BasicTypeRegistry     : Adding type registration java.time.LocalTime -> org.hibernate.type.BasicTypeReference@5fd43e58
2025-05-09T01:07:44.984+07:00 DEBUG 16688 --- [camsbatch] [           main] org.hibernate.type.BasicTypeRegistry     : Adding type registration OffsetDateTime -> org.hibernate.type.BasicTypeReference@70d4f672
2025-05-09T01:07:44.984+07:00 DEBUG 16688 --- [camsbatch] [           main] org.hibernate.type.BasicTypeRegistry     : Adding type registration java.time.OffsetDateTime -> org.hibernate.type.BasicTypeReference@70d4f672
2025-05-09T01:07:44.985+07:00 DEBUG 16688 --- [camsbatch] [           main] org.hibernate.type.BasicTypeRegistry     : Adding type registration OffsetDateTimeWithTimezone -> org.hibernate.type.BasicTypeReference@68dfda77
2025-05-09T01:07:44.985+07:00 DEBUG 16688 --- [camsbatch] [           main] org.hibernate.type.BasicTypeRegistry     : Adding type registration OffsetDateTimeWithoutTimezone -> org.hibernate.type.BasicTypeReference@50cdfafa
2025-05-09T01:07:44.985+07:00 DEBUG 16688 --- [camsbatch] [           main] org.hibernate.type.BasicTypeRegistry     : Adding type registration OffsetTime -> org.hibernate.type.BasicTypeReference@2e952845
2025-05-09T01:07:44.985+07:00 DEBUG 16688 --- [camsbatch] [           main] org.hibernate.type.BasicTypeRegistry     : Adding type registration java.time.OffsetTime -> org.hibernate.type.BasicTypeReference@2e952845
2025-05-09T01:07:44.985+07:00 DEBUG 16688 --- [camsbatch] [           main] org.hibernate.type.BasicTypeRegistry     : Adding type registration OffsetTimeUtc -> org.hibernate.type.BasicTypeReference@79252c83
2025-05-09T01:07:44.985+07:00 DEBUG 16688 --- [camsbatch] [           main] org.hibernate.type.BasicTypeRegistry     : Adding type registration OffsetTimeWithTimezone -> org.hibernate.type.BasicTypeReference@6fbf5db2
2025-05-09T01:07:44.985+07:00 DEBUG 16688 --- [camsbatch] [           main] org.hibernate.type.BasicTypeRegistry     : Adding type registration OffsetTimeWithoutTimezone -> org.hibernate.type.BasicTypeReference@509a6095
2025-05-09T01:07:44.985+07:00 DEBUG 16688 --- [camsbatch] [           main] org.hibernate.type.BasicTypeRegistry     : Adding type registration ZonedDateTime -> org.hibernate.type.BasicTypeReference@57cabdc3
2025-05-09T01:07:44.985+07:00 DEBUG 16688 --- [camsbatch] [           main] org.hibernate.type.BasicTypeRegistry     : Adding type registration java.time.ZonedDateTime -> org.hibernate.type.BasicTypeReference@57cabdc3
2025-05-09T01:07:44.986+07:00 DEBUG 16688 --- [camsbatch] [           main] org.hibernate.type.BasicTypeRegistry     : Adding type registration ZonedDateTimeWithTimezone -> org.hibernate.type.BasicTypeReference@75bd28d
2025-05-09T01:07:44.986+07:00 DEBUG 16688 --- [camsbatch] [           main] org.hibernate.type.BasicTypeRegistry     : Adding type registration ZonedDateTimeWithoutTimezone -> org.hibernate.type.BasicTypeReference@129c4d19
2025-05-09T01:07:44.986+07:00 DEBUG 16688 --- [camsbatch] [           main] org.hibernate.type.BasicTypeRegistry     : Adding type registration date -> org.hibernate.type.BasicTypeReference@11810917
2025-05-09T01:07:44.986+07:00 DEBUG 16688 --- [camsbatch] [           main] org.hibernate.type.BasicTypeRegistry     : Adding type registration java.sql.Date -> org.hibernate.type.BasicTypeReference@11810917
2025-05-09T01:07:44.986+07:00 DEBUG 16688 --- [camsbatch] [           main] org.hibernate.type.BasicTypeRegistry     : Adding type registration time -> org.hibernate.type.BasicTypeReference@13278a41
2025-05-09T01:07:44.986+07:00 DEBUG 16688 --- [camsbatch] [           main] org.hibernate.type.BasicTypeRegistry     : Adding type registration java.sql.Time -> org.hibernate.type.BasicTypeReference@13278a41
2025-05-09T01:07:44.986+07:00 DEBUG 16688 --- [camsbatch] [           main] org.hibernate.type.BasicTypeRegistry     : Adding type registration timestamp -> org.hibernate.type.BasicTypeReference@4a31ed12
2025-05-09T01:07:44.986+07:00 DEBUG 16688 --- [camsbatch] [           main] org.hibernate.type.BasicTypeRegistry     : Adding type registration java.sql.Timestamp -> org.hibernate.type.BasicTypeReference@4a31ed12
2025-05-09T01:07:44.986+07:00 DEBUG 16688 --- [camsbatch] [           main] org.hibernate.type.BasicTypeRegistry     : Adding type registration java.util.Date -> org.hibernate.type.BasicTypeReference@4a31ed12
2025-05-09T01:07:44.986+07:00 DEBUG 16688 --- [camsbatch] [           main] org.hibernate.type.BasicTypeRegistry     : Adding type registration calendar -> org.hibernate.type.BasicTypeReference@3ab595c8
2025-05-09T01:07:44.986+07:00 DEBUG 16688 --- [camsbatch] [           main] org.hibernate.type.BasicTypeRegistry     : Adding type registration java.util.Calendar -> org.hibernate.type.BasicTypeReference@3ab595c8
2025-05-09T01:07:44.987+07:00 DEBUG 16688 --- [camsbatch] [           main] org.hibernate.type.BasicTypeRegistry     : Adding type registration java.util.GregorianCalendar -> org.hibernate.type.BasicTypeReference@3ab595c8
2025-05-09T01:07:44.987+07:00 DEBUG 16688 --- [camsbatch] [           main] org.hibernate.type.BasicTypeRegistry     : Adding type registration calendar_date -> org.hibernate.type.BasicTypeReference@2365ea38
2025-05-09T01:07:44.987+07:00 DEBUG 16688 --- [camsbatch] [           main] org.hibernate.type.BasicTypeRegistry     : Adding type registration calendar_time -> org.hibernate.type.BasicTypeReference@cbf1997
2025-05-09T01:07:44.987+07:00 DEBUG 16688 --- [camsbatch] [           main] org.hibernate.type.BasicTypeRegistry     : Adding type registration instant -> org.hibernate.type.BasicTypeReference@49232c6f
2025-05-09T01:07:44.987+07:00 DEBUG 16688 --- [camsbatch] [           main] org.hibernate.type.BasicTypeRegistry     : Adding type registration java.time.Instant -> org.hibernate.type.BasicTypeReference@49232c6f
2025-05-09T01:07:44.987+07:00 DEBUG 16688 --- [camsbatch] [           main] org.hibernate.type.BasicTypeRegistry     : Adding type registration uuid -> org.hibernate.type.BasicTypeReference@5faeeb56
2025-05-09T01:07:44.987+07:00 DEBUG 16688 --- [camsbatch] [           main] org.hibernate.type.BasicTypeRegistry     : Adding type registration java.util.UUID -> org.hibernate.type.BasicTypeReference@5faeeb56
2025-05-09T01:07:44.988+07:00 DEBUG 16688 --- [camsbatch] [           main] org.hibernate.type.BasicTypeRegistry     : Adding type registration pg-uuid -> org.hibernate.type.BasicTypeReference@5faeeb56
2025-05-09T01:07:44.988+07:00 DEBUG 16688 --- [camsbatch] [           main] org.hibernate.type.BasicTypeRegistry     : Adding type registration uuid-binary -> org.hibernate.type.BasicTypeReference@5396eeb1
2025-05-09T01:07:44.988+07:00 DEBUG 16688 --- [camsbatch] [           main] org.hibernate.type.BasicTypeRegistry     : Adding type registration uuid-char -> org.hibernate.type.BasicTypeReference@279126f5
2025-05-09T01:07:44.989+07:00 DEBUG 16688 --- [camsbatch] [           main] org.hibernate.type.BasicTypeRegistry     : Adding type registration class -> org.hibernate.type.BasicTypeReference@7781263c
2025-05-09T01:07:44.989+07:00 DEBUG 16688 --- [camsbatch] [           main] org.hibernate.type.BasicTypeRegistry     : Adding type registration java.lang.Class -> org.hibernate.type.BasicTypeReference@7781263c
2025-05-09T01:07:44.989+07:00 DEBUG 16688 --- [camsbatch] [           main] org.hibernate.type.BasicTypeRegistry     : Adding type registration currency -> org.hibernate.type.BasicTypeReference@5fdd97c1
2025-05-09T01:07:44.989+07:00 DEBUG 16688 --- [camsbatch] [           main] org.hibernate.type.BasicTypeRegistry     : Adding type registration Currency -> org.hibernate.type.BasicTypeReference@5fdd97c1
2025-05-09T01:07:44.990+07:00 DEBUG 16688 --- [camsbatch] [           main] org.hibernate.type.BasicTypeRegistry     : Adding type registration java.util.Currency -> org.hibernate.type.BasicTypeReference@5fdd97c1
2025-05-09T01:07:44.990+07:00 DEBUG 16688 --- [camsbatch] [           main] org.hibernate.type.BasicTypeRegistry     : Adding type registration locale -> org.hibernate.type.BasicTypeReference@3b5a19ed
2025-05-09T01:07:44.990+07:00 DEBUG 16688 --- [camsbatch] [           main] org.hibernate.type.BasicTypeRegistry     : Adding type registration java.util.Locale -> org.hibernate.type.BasicTypeReference@3b5a19ed
2025-05-09T01:07:44.990+07:00 DEBUG 16688 --- [camsbatch] [           main] org.hibernate.type.BasicTypeRegistry     : Adding type registration serializable -> org.hibernate.type.BasicTypeReference@15d236fd
2025-05-09T01:07:44.990+07:00 DEBUG 16688 --- [camsbatch] [           main] org.hibernate.type.BasicTypeRegistry     : Adding type registration java.io.Serializable -> org.hibernate.type.BasicTypeReference@15d236fd
2025-05-09T01:07:44.990+07:00 DEBUG 16688 --- [camsbatch] [           main] org.hibernate.type.BasicTypeRegistry     : Adding type registration timezone -> org.hibernate.type.BasicTypeReference@6b9c42bd
2025-05-09T01:07:44.990+07:00 DEBUG 16688 --- [camsbatch] [           main] org.hibernate.type.BasicTypeRegistry     : Adding type registration java.util.TimeZone -> org.hibernate.type.BasicTypeReference@6b9c42bd
2025-05-09T01:07:44.991+07:00 DEBUG 16688 --- [camsbatch] [           main] org.hibernate.type.BasicTypeRegistry     : Adding type registration ZoneOffset -> org.hibernate.type.BasicTypeReference@584ca390
2025-05-09T01:07:44.991+07:00 DEBUG 16688 --- [camsbatch] [           main] org.hibernate.type.BasicTypeRegistry     : Adding type registration java.time.ZoneOffset -> org.hibernate.type.BasicTypeReference@584ca390
2025-05-09T01:07:44.991+07:00 DEBUG 16688 --- [camsbatch] [           main] org.hibernate.type.BasicTypeRegistry     : Adding type registration url -> org.hibernate.type.BasicTypeReference@33324c05
2025-05-09T01:07:44.991+07:00 DEBUG 16688 --- [camsbatch] [           main] org.hibernate.type.BasicTypeRegistry     : Adding type registration java.net.URL -> org.hibernate.type.BasicTypeReference@33324c05
2025-05-09T01:07:44.991+07:00 DEBUG 16688 --- [camsbatch] [           main] org.hibernate.type.BasicTypeRegistry     : Adding type registration vector -> org.hibernate.type.BasicTypeReference@37d3e140
2025-05-09T01:07:44.991+07:00 DEBUG 16688 --- [camsbatch] [           main] org.hibernate.type.BasicTypeRegistry     : Adding type registration float_vector -> org.hibernate.type.BasicTypeReference@3e53c4ad
2025-05-09T01:07:44.991+07:00 DEBUG 16688 --- [camsbatch] [           main] org.hibernate.type.BasicTypeRegistry     : Adding type registration double_vector -> org.hibernate.type.BasicTypeReference@33eb0d4
2025-05-09T01:07:44.991+07:00 DEBUG 16688 --- [camsbatch] [           main] org.hibernate.type.BasicTypeRegistry     : Adding type registration byte_vector -> org.hibernate.type.BasicTypeReference@224d86d2
2025-05-09T01:07:44.991+07:00 DEBUG 16688 --- [camsbatch] [           main] org.hibernate.type.BasicTypeRegistry     : Adding type registration row_version -> org.hibernate.type.BasicTypeReference@a3cba3a
2025-05-09T01:07:44.998+07:00 DEBUG 16688 --- [camsbatch] [           main] org.hibernate.type.BasicTypeRegistry     : Adding type registration object -> org.hibernate.type.JavaObjectType@20256a0b
2025-05-09T01:07:44.999+07:00 DEBUG 16688 --- [camsbatch] [           main] org.hibernate.type.BasicTypeRegistry     : Adding type registration java.lang.Object -> org.hibernate.type.JavaObjectType@20256a0b
2025-05-09T01:07:45.009+07:00 DEBUG 16688 --- [camsbatch] [           main] org.hibernate.type.BasicTypeRegistry     : Adding type registration null -> org.hibernate.type.NullType@5e193ef5
2025-05-09T01:07:45.010+07:00 DEBUG 16688 --- [camsbatch] [           main] org.hibernate.type.BasicTypeRegistry     : Adding type registration imm_date -> org.hibernate.type.BasicTypeReference@106c988
2025-05-09T01:07:45.010+07:00 DEBUG 16688 --- [camsbatch] [           main] org.hibernate.type.BasicTypeRegistry     : Adding type registration imm_time -> org.hibernate.type.BasicTypeReference@21274afe
2025-05-09T01:07:45.010+07:00 DEBUG 16688 --- [camsbatch] [           main] org.hibernate.type.BasicTypeRegistry     : Adding type registration imm_timestamp -> org.hibernate.type.BasicTypeReference@76a362a4
2025-05-09T01:07:45.010+07:00 DEBUG 16688 --- [camsbatch] [           main] org.hibernate.type.BasicTypeRegistry     : Adding type registration imm_calendar -> org.hibernate.type.BasicTypeReference@61da0413
2025-05-09T01:07:45.010+07:00 DEBUG 16688 --- [camsbatch] [           main] org.hibernate.type.BasicTypeRegistry     : Adding type registration imm_calendar_date -> org.hibernate.type.BasicTypeReference@5627cb29
2025-05-09T01:07:45.010+07:00 DEBUG 16688 --- [camsbatch] [           main] org.hibernate.type.BasicTypeRegistry     : Adding type registration imm_calendar_time -> org.hibernate.type.BasicTypeReference@4d4c1ba9
2025-05-09T01:07:45.010+07:00 DEBUG 16688 --- [camsbatch] [           main] org.hibernate.type.BasicTypeRegistry     : Adding type registration imm_binary -> org.hibernate.type.BasicTypeReference@2017f6e6
2025-05-09T01:07:45.011+07:00 DEBUG 16688 --- [camsbatch] [           main] org.hibernate.type.BasicTypeRegistry     : Adding type registration imm_serializable -> org.hibernate.type.BasicTypeReference@115c946b
2025-05-09T01:07:45.019+07:00 DEBUG 16688 --- [camsbatch] [           main] o.h.boot.internal.BootstrapContextImpl   : Injecting JPA temp ClassLoader [org.springframework.instrument.classloading.SimpleThrowawayClassLoader@7d484fcd] into BootstrapContext; was [null]
2025-05-09T01:07:45.019+07:00 DEBUG 16688 --- [camsbatch] [           main] o.h.boot.internal.ClassLoaderAccessImpl  : ClassLoaderAccessImpl#injectTempClassLoader(org.springframework.instrument.classloading.SimpleThrowawayClassLoader@7d484fcd) [was null]
2025-05-09T01:07:45.019+07:00 DEBUG 16688 --- [camsbatch] [           main] o.h.boot.internal.BootstrapContextImpl   : Injecting ScanEnvironment [org.hibernate.jpa.boot.internal.StandardJpaScanEnvironmentImpl@712e787e] into BootstrapContext; was [null]
2025-05-09T01:07:45.020+07:00 DEBUG 16688 --- [camsbatch] [           main] o.h.boot.internal.BootstrapContextImpl   : Injecting ScanOptions [org.hibernate.boot.archive.scan.internal.StandardScanOptions@53ea380b] into BootstrapContext; was [org.hibernate.boot.archive.scan.internal.StandardScanOptions@578c3fd9]
2025-05-09T01:07:45.062+07:00 DEBUG 16688 --- [camsbatch] [           main] o.h.j.b.i.PersistenceUnitInfoDescriptor  : Pushing class transformers for PU named 'default' on loading classloader jdk.internal.loader.ClassLoaders$AppClassLoader@c387f44
2025-05-09T01:07:45.632+07:00  INFO 16688 --- [camsbatch] [           main] o.s.o.j.p.SpringPersistenceUnitInfo      : No LoadTimeWeaver setup: ignoring JPA class transformer
2025-05-09T01:07:45.632+07:00 DEBUG 16688 --- [camsbatch] [           main] o.h.boot.internal.BootstrapContextImpl   : Injecting JPA temp ClassLoader [null] into BootstrapContext; was [org.springframework.instrument.classloading.SimpleThrowawayClassLoader@7d484fcd]
2025-05-09T01:07:45.632+07:00 DEBUG 16688 --- [camsbatch] [           main] o.h.boot.internal.ClassLoaderAccessImpl  : ClassLoaderAccessImpl#injectTempClassLoader(null) [was org.springframework.instrument.classloading.SimpleThrowawayClassLoader@7d484fcd]
2025-05-09T01:07:45.706+07:00 DEBUG 16688 --- [camsbatch] [           main] o.h.e.j.e.i.JdbcEnvironmentInitiator     : Database ->
	   name : PostgreSQL
	version : 11.2
	  major : 11
	  minor : 2
2025-05-09T01:07:45.706+07:00 DEBUG 16688 --- [camsbatch] [           main] o.h.e.j.e.i.JdbcEnvironmentInitiator     : Driver ->
	   name : PostgreSQL JDBC Driver
	version : 42.7.5
	  major : 42
	  minor : 7
2025-05-09T01:07:45.707+07:00 DEBUG 16688 --- [camsbatch] [           main] o.h.e.j.e.i.JdbcEnvironmentInitiator     : JDBC version : 4.2
2025-05-09T01:07:45.740+07:00  WARN 16688 --- [camsbatch] [           main] org.hibernate.dialect.Dialect            : HHH000511: The 11.2.0 version for [org.hibernate.dialect.PostgreSQLDialect] is no longer supported, hence certain features may not work properly. The minimum supported version is 12.0.0. Check the community dialects project for available legacy versions.
2025-05-09T01:07:45.749+07:00  WARN 16688 --- [camsbatch] [           main] org.hibernate.orm.deprecation            : HHH90000025: PostgreSQLDialect does not need to be specified explicitly using 'hibernate.dialect' (remove the property setting and it will be selected by default)
2025-05-09T01:07:45.754+07:00 DEBUG 16688 --- [camsbatch] [           main] org.hibernate.orm.dialect                : HHH035001: Using dialect: org.hibernate.dialect.PostgreSQLDialect, version: 11.2
2025-05-09T01:07:45.762+07:00 DEBUG 16688 --- [camsbatch] [           main] o.h.e.j.env.spi.IdentifierHelperBuilder  : JDBC driver metadata reported database stores quoted identifiers in neither upper, lower nor mixed case
2025-05-09T01:07:45.772+07:00 DEBUG 16688 --- [camsbatch] [           main] org.hibernate.orm.jdbc.lob               : HHH10010004: Disabling contextual LOB creation as Dialect reported it is not supported
2025-05-09T01:07:45.781+07:00  INFO 16688 --- [camsbatch] [           main] org.hibernate.orm.connections.pooling    : HHH10001005: Database info:
	Database JDBC URL [Connecting through datasource 'HikariDataSource (HikariPool-1)']
	Database driver: undefined/unknown
	Database version: 11.2
	Autocommit mode: undefined/unknown
	Isolation level: undefined/unknown
	Minimum pool size: undefined/unknown
	Maximum pool size: undefined/unknown
2025-05-09T01:07:45.796+07:00 DEBUG 16688 --- [camsbatch] [           main] o.h.t.d.sql.spi.DdlTypeRegistry          : addDescriptor(2003, org.hibernate.type.descriptor.sql.internal.ArrayDdlTypeImpl@2a120c88) replaced previous registration(org.hibernate.type.descriptor.sql.internal.ArrayDdlTypeImpl@285bf5ac)
2025-05-09T01:07:45.797+07:00 DEBUG 16688 --- [camsbatch] [           main] o.h.t.d.sql.spi.DdlTypeRegistry          : addDescriptor(6, org.hibernate.type.descriptor.sql.internal.CapacityDependentDdlType@3739f3c9) replaced previous registration(org.hibernate.type.descriptor.sql.internal.DdlTypeImpl@7ab2ba47)
2025-05-09T01:07:45.799+07:00 DEBUG 16688 --- [camsbatch] [           main] o.h.t.d.jdbc.spi.JdbcTypeRegistry        : addDescriptor(2004, BlobTypeDescriptor(BLOB_BINDING)) replaced previous registration(BlobTypeDescriptor(DEFAULT))
2025-05-09T01:07:45.799+07:00 DEBUG 16688 --- [camsbatch] [           main] o.h.t.d.jdbc.spi.JdbcTypeRegistry        : addDescriptor(2005, ClobTypeDescriptor(CLOB_BINDING)) replaced previous registration(ClobTypeDescriptor(DEFAULT))
2025-05-09T01:07:45.813+07:00 DEBUG 16688 --- [camsbatch] [           main] org.hibernate.type.BasicTypeRegistry     : Adding type registration JAVA_OBJECT -> org.hibernate.type.JavaObjectType@71ad959b
2025-05-09T01:07:45.813+07:00 DEBUG 16688 --- [camsbatch] [           main] org.hibernate.type.BasicTypeRegistry     : Adding type registration java.lang.Object -> org.hibernate.type.JavaObjectType@71ad959b
2025-05-09T01:07:45.814+07:00 DEBUG 16688 --- [camsbatch] [           main] org.hibernate.type.BasicTypeRegistry     : Type registration key [java.lang.Object] overrode previous entry : `org.hibernate.type.JavaObjectType@20256a0b`
2025-05-09T01:07:45.820+07:00 DEBUG 16688 --- [camsbatch] [           main] org.hibernate.type.BasicTypeRegistry     : Adding type registration org.hibernate.type.DurationType -> basicType@1(java.time.Duration,3015)
2025-05-09T01:07:45.821+07:00 DEBUG 16688 --- [camsbatch] [           main] org.hibernate.type.BasicTypeRegistry     : Adding type registration Duration -> basicType@1(java.time.Duration,3015)
2025-05-09T01:07:45.821+07:00 DEBUG 16688 --- [camsbatch] [           main] org.hibernate.type.BasicTypeRegistry     : Adding type registration java.time.Duration -> basicType@1(java.time.Duration,3015)
2025-05-09T01:07:45.853+07:00 DEBUG 16688 --- [camsbatch] [           main] org.hibernate.type.BasicTypeRegistry     : Adding type registration org.hibernate.type.OffsetDateTimeType -> basicType@2(java.time.OffsetDateTime,3003)
2025-05-09T01:07:45.853+07:00 DEBUG 16688 --- [camsbatch] [           main] org.hibernate.type.BasicTypeRegistry     : Adding type registration OffsetDateTime -> basicType@2(java.time.OffsetDateTime,3003)
2025-05-09T01:07:45.854+07:00 DEBUG 16688 --- [camsbatch] [           main] org.hibernate.type.BasicTypeRegistry     : Adding type registration java.time.OffsetDateTime -> basicType@2(java.time.OffsetDateTime,3003)
2025-05-09T01:07:45.854+07:00 DEBUG 16688 --- [camsbatch] [           main] org.hibernate.type.BasicTypeRegistry     : Adding type registration org.hibernate.type.ZonedDateTimeType -> basicType@3(java.time.ZonedDateTime,3003)
2025-05-09T01:07:45.854+07:00 DEBUG 16688 --- [camsbatch] [           main] org.hibernate.type.BasicTypeRegistry     : Adding type registration ZonedDateTime -> basicType@3(java.time.ZonedDateTime,3003)
2025-05-09T01:07:45.854+07:00 DEBUG 16688 --- [camsbatch] [           main] org.hibernate.type.BasicTypeRegistry     : Adding type registration java.time.ZonedDateTime -> basicType@3(java.time.ZonedDateTime,3003)
2025-05-09T01:07:45.855+07:00 DEBUG 16688 --- [camsbatch] [           main] org.hibernate.type.BasicTypeRegistry     : Adding type registration org.hibernate.type.OffsetTimeType -> basicType@4(java.time.OffsetTime,3007)
2025-05-09T01:07:45.855+07:00 DEBUG 16688 --- [camsbatch] [           main] org.hibernate.type.BasicTypeRegistry     : Adding type registration OffsetTime -> basicType@4(java.time.OffsetTime,3007)
2025-05-09T01:07:45.855+07:00 DEBUG 16688 --- [camsbatch] [           main] org.hibernate.type.BasicTypeRegistry     : Adding type registration java.time.OffsetTime -> basicType@4(java.time.OffsetTime,3007)
2025-05-09T01:07:45.857+07:00 DEBUG 16688 --- [camsbatch] [           main] o.h.type.spi.TypeConfiguration$Scope     : Scoping TypeConfiguration [org.hibernate.type.spi.TypeConfiguration@2c7ad4f3] to MetadataBuildingContext [org.hibernate.boot.internal.MetadataBuildingContextRootImpl@698f4aa]
2025-05-09T01:07:45.945+07:00 DEBUG 16688 --- [camsbatch] [           main] o.h.boot.model.relational.Namespace      : Created database namespace [logicalName=Name{catalog=null, schema=null}, physicalName=Name{catalog=null, schema=null}]
2025-05-09T01:07:45.978+07:00 DEBUG 16688 --- [camsbatch] [           main] o.h.boot.model.internal.EntityBinder     : Binding entity from annotated class: id.co.bca.camsbatch.model.Customer
2025-05-09T01:07:45.986+07:00 DEBUG 16688 --- [camsbatch] [           main] o.h.boot.model.internal.EntityBinder     : Import with entity name Customer
2025-05-09T01:07:45.992+07:00 DEBUG 16688 --- [camsbatch] [           main] o.h.boot.model.relational.Namespace      : Created database namespace [logicalName=Name{catalog=null, schema=cros}, physicalName=Name{catalog=null, schema=cros}]
2025-05-09T01:07:45.998+07:00 DEBUG 16688 --- [camsbatch] [           main] o.h.boot.model.internal.EntityBinder     : Bind entity id.co.bca.camsbatch.model.Customer on table customer
2025-05-09T01:07:46.013+07:00 DEBUG 16688 --- [camsbatch] [           main] o.h.boot.model.internal.AnnotatedColumn  : Binding column: AnnotatedDiscriminatorColumn(column='DTYPE')
2025-05-09T01:07:46.045+07:00 DEBUG 16688 --- [camsbatch] [           main] o.h.boot.model.internal.AnnotatedColumn  : Binding column: AnnotatedColumn()
2025-05-09T01:07:46.047+07:00 DEBUG 16688 --- [camsbatch] [           main] o.h.boot.internal.ClassLoaderAccessImpl  : Not known whether passed class name [id.co.bca.camsbatch.model.Customer] is safe
2025-05-09T01:07:46.048+07:00 DEBUG 16688 --- [camsbatch] [           main] o.h.boot.internal.ClassLoaderAccessImpl  : No temp ClassLoader provided; using live ClassLoader for loading potentially unsafe class : id.co.bca.camsbatch.model.Customer
2025-05-09T01:07:46.052+07:00 DEBUG 16688 --- [camsbatch] [           main] o.h.boot.model.internal.PropertyBinder   : MetadataSourceProcessor property id with lazy=false
2025-05-09T01:07:46.071+07:00 DEBUG 16688 --- [camsbatch] [           main] o.h.b.m.internal.AbstractPropertyHolder  : Attempting to locate auto-apply AttributeConverter for property [id.co.bca.camsbatch.model.Customer:id]
2025-05-09T01:07:46.077+07:00 DEBUG 16688 --- [camsbatch] [           main] o.h.b.model.internal.BasicValueBinder    : building BasicValue for id
2025-05-09T01:07:46.082+07:00 DEBUG 16688 --- [camsbatch] [           main] org.hibernate.mapping.BasicValue         : Skipping column re-registration: customer.id
2025-05-09T01:07:46.083+07:00 DEBUG 16688 --- [camsbatch] [           main] o.h.boot.model.internal.PropertyBinder   : Building property id
2025-05-09T01:07:46.088+07:00 DEBUG 16688 --- [camsbatch] [           main] o.h.boot.model.internal.BinderHelper     : #makeIdGenerator(BasicValue([Column(id)]), id, identity, , ...)
2025-05-09T01:07:46.095+07:00 DEBUG 16688 --- [camsbatch] [           main] o.h.boot.model.internal.AnnotatedColumn  : Binding column: AnnotatedColumn()
2025-05-09T01:07:46.095+07:00 DEBUG 16688 --- [camsbatch] [           main] o.h.boot.model.internal.PropertyBinder   : MetadataSourceProcessor property email with lazy=false
2025-05-09T01:07:46.096+07:00 DEBUG 16688 --- [camsbatch] [           main] o.h.b.m.internal.AbstractPropertyHolder  : Attempting to locate auto-apply AttributeConverter for property [id.co.bca.camsbatch.model.Customer:email]
2025-05-09T01:07:46.096+07:00 DEBUG 16688 --- [camsbatch] [           main] o.h.b.model.internal.BasicValueBinder    : building BasicValue for email
2025-05-09T01:07:46.096+07:00 DEBUG 16688 --- [camsbatch] [           main] org.hibernate.mapping.BasicValue         : Skipping column re-registration: customer.email
2025-05-09T01:07:46.096+07:00 DEBUG 16688 --- [camsbatch] [           main] o.h.boot.model.internal.PropertyBinder   : Building property email
2025-05-09T01:07:46.097+07:00 DEBUG 16688 --- [camsbatch] [           main] o.h.boot.model.internal.AnnotatedColumn  : Binding column: AnnotatedColumn()
2025-05-09T01:07:46.098+07:00 DEBUG 16688 --- [camsbatch] [           main] o.h.boot.model.internal.PropertyBinder   : MetadataSourceProcessor property firstName with lazy=false
2025-05-09T01:07:46.098+07:00 DEBUG 16688 --- [camsbatch] [           main] o.h.b.m.internal.AbstractPropertyHolder  : Attempting to locate auto-apply AttributeConverter for property [id.co.bca.camsbatch.model.Customer:firstName]
2025-05-09T01:07:46.098+07:00 DEBUG 16688 --- [camsbatch] [           main] o.h.b.model.internal.BasicValueBinder    : building BasicValue for firstName
2025-05-09T01:07:46.098+07:00 DEBUG 16688 --- [camsbatch] [           main] org.hibernate.mapping.BasicValue         : Skipping column re-registration: customer.first_name
2025-05-09T01:07:46.098+07:00 DEBUG 16688 --- [camsbatch] [           main] o.h.boot.model.internal.PropertyBinder   : Building property firstName
2025-05-09T01:07:46.098+07:00 DEBUG 16688 --- [camsbatch] [           main] o.h.boot.model.internal.AnnotatedColumn  : Binding column: AnnotatedColumn()
2025-05-09T01:07:46.099+07:00 DEBUG 16688 --- [camsbatch] [           main] o.h.boot.model.internal.PropertyBinder   : MetadataSourceProcessor property lastName with lazy=false
2025-05-09T01:07:46.099+07:00 DEBUG 16688 --- [camsbatch] [           main] o.h.b.m.internal.AbstractPropertyHolder  : Attempting to locate auto-apply AttributeConverter for property [id.co.bca.camsbatch.model.Customer:lastName]
2025-05-09T01:07:46.099+07:00 DEBUG 16688 --- [camsbatch] [           main] o.h.b.model.internal.BasicValueBinder    : building BasicValue for lastName
2025-05-09T01:07:46.099+07:00 DEBUG 16688 --- [camsbatch] [           main] org.hibernate.mapping.BasicValue         : Skipping column re-registration: customer.last_name
2025-05-09T01:07:46.099+07:00 DEBUG 16688 --- [camsbatch] [           main] o.h.boot.model.internal.PropertyBinder   : Building property lastName
2025-05-09T01:07:46.100+07:00 DEBUG 16688 --- [camsbatch] [           main] o.h.b.r.c.i.ClassLoaderServiceImpl       : HHH000194: Package not found or no package-info.java: id.co.bca.camsbatch.model
2025-05-09T01:07:46.118+07:00 DEBUG 16688 --- [camsbatch] [           main] o.h.boot.model.internal.EntityBinder     : Binding entity from annotated class: id.co.bca.camsbatch.model.Order
2025-05-09T01:07:46.119+07:00 DEBUG 16688 --- [camsbatch] [           main] o.h.boot.model.internal.EntityBinder     : Import with entity name Order
2025-05-09T01:07:46.119+07:00 DEBUG 16688 --- [camsbatch] [           main] o.h.boot.model.internal.EntityBinder     : Bind entity id.co.bca.camsbatch.model.Order on table order
2025-05-09T01:07:46.119+07:00 DEBUG 16688 --- [camsbatch] [           main] o.h.boot.model.internal.AnnotatedColumn  : Binding column: AnnotatedDiscriminatorColumn(column='DTYPE')
2025-05-09T01:07:46.120+07:00 DEBUG 16688 --- [camsbatch] [           main] o.h.boot.model.internal.AnnotatedColumn  : Binding column: AnnotatedColumn()
2025-05-09T01:07:46.120+07:00 DEBUG 16688 --- [camsbatch] [           main] o.h.boot.internal.ClassLoaderAccessImpl  : Not known whether passed class name [id.co.bca.camsbatch.model.Order] is safe
2025-05-09T01:07:46.120+07:00 DEBUG 16688 --- [camsbatch] [           main] o.h.boot.internal.ClassLoaderAccessImpl  : No temp ClassLoader provided; using live ClassLoader for loading potentially unsafe class : id.co.bca.camsbatch.model.Order
2025-05-09T01:07:46.121+07:00 DEBUG 16688 --- [camsbatch] [           main] o.h.boot.model.internal.PropertyBinder   : MetadataSourceProcessor property id with lazy=false
2025-05-09T01:07:46.121+07:00 DEBUG 16688 --- [camsbatch] [           main] o.h.b.m.internal.AbstractPropertyHolder  : Attempting to locate auto-apply AttributeConverter for property [id.co.bca.camsbatch.model.Order:id]
2025-05-09T01:07:46.121+07:00 DEBUG 16688 --- [camsbatch] [           main] o.h.b.model.internal.BasicValueBinder    : building BasicValue for id
2025-05-09T01:07:46.121+07:00 DEBUG 16688 --- [camsbatch] [           main] org.hibernate.mapping.BasicValue         : Skipping column re-registration: order.id
2025-05-09T01:07:46.121+07:00 DEBUG 16688 --- [camsbatch] [           main] o.h.boot.model.internal.PropertyBinder   : Building property id
2025-05-09T01:07:46.121+07:00 DEBUG 16688 --- [camsbatch] [           main] o.h.boot.model.internal.BinderHelper     : #makeIdGenerator(BasicValue([Column(id)]), id, identity, , ...)
2025-05-09T01:07:46.121+07:00 DEBUG 16688 --- [camsbatch] [           main] o.h.boot.model.internal.AnnotatedColumn  : Binding column: AnnotatedColumn()
2025-05-09T01:07:46.121+07:00 DEBUG 16688 --- [camsbatch] [           main] o.h.boot.model.internal.PropertyBinder   : MetadataSourceProcessor property customerName with lazy=false
2025-05-09T01:07:46.121+07:00 DEBUG 16688 --- [camsbatch] [           main] o.h.b.m.internal.AbstractPropertyHolder  : Attempting to locate auto-apply AttributeConverter for property [id.co.bca.camsbatch.model.Order:customerName]
2025-05-09T01:07:46.121+07:00 DEBUG 16688 --- [camsbatch] [           main] o.h.b.model.internal.BasicValueBinder    : building BasicValue for customerName
2025-05-09T01:07:46.121+07:00 DEBUG 16688 --- [camsbatch] [           main] org.hibernate.mapping.BasicValue         : Skipping column re-registration: order.customer_name
2025-05-09T01:07:46.122+07:00 DEBUG 16688 --- [camsbatch] [           main] o.h.boot.model.internal.PropertyBinder   : Building property customerName
2025-05-09T01:07:46.122+07:00 DEBUG 16688 --- [camsbatch] [           main] o.h.boot.model.internal.AnnotatedColumn  : Binding column: AnnotatedColumn()
2025-05-09T01:07:46.122+07:00 DEBUG 16688 --- [camsbatch] [           main] o.h.boot.model.internal.PropertyBinder   : MetadataSourceProcessor property orderDate with lazy=false
2025-05-09T01:07:46.122+07:00 DEBUG 16688 --- [camsbatch] [           main] o.h.b.m.internal.AbstractPropertyHolder  : Attempting to locate auto-apply AttributeConverter for property [id.co.bca.camsbatch.model.Order:orderDate]
2025-05-09T01:07:46.125+07:00 DEBUG 16688 --- [camsbatch] [           main] o.h.b.model.internal.BasicValueBinder    : building BasicValue for orderDate
2025-05-09T01:07:46.125+07:00 DEBUG 16688 --- [camsbatch] [           main] org.hibernate.mapping.BasicValue         : Skipping column re-registration: order.order_date
2025-05-09T01:07:46.125+07:00 DEBUG 16688 --- [camsbatch] [           main] o.h.boot.model.internal.PropertyBinder   : Building property orderDate
2025-05-09T01:07:46.126+07:00 DEBUG 16688 --- [camsbatch] [           main] o.h.boot.model.internal.AnnotatedColumn  : Binding column: AnnotatedColumn()
2025-05-09T01:07:46.126+07:00 DEBUG 16688 --- [camsbatch] [           main] o.h.boot.model.internal.PropertyBinder   : MetadataSourceProcessor property orderId with lazy=false
2025-05-09T01:07:46.126+07:00 DEBUG 16688 --- [camsbatch] [           main] o.h.b.m.internal.AbstractPropertyHolder  : Attempting to locate auto-apply AttributeConverter for property [id.co.bca.camsbatch.model.Order:orderId]
2025-05-09T01:07:46.127+07:00 DEBUG 16688 --- [camsbatch] [           main] o.h.b.model.internal.BasicValueBinder    : building BasicValue for orderId
2025-05-09T01:07:46.127+07:00 DEBUG 16688 --- [camsbatch] [           main] org.hibernate.mapping.BasicValue         : Skipping column re-registration: order.order_id
2025-05-09T01:07:46.127+07:00 DEBUG 16688 --- [camsbatch] [           main] o.h.boot.model.internal.PropertyBinder   : Building property orderId
2025-05-09T01:07:46.128+07:00 DEBUG 16688 --- [camsbatch] [           main] o.h.b.r.c.i.ClassLoaderServiceImpl       : HHH000194: Package not found or no package-info.java: id.co.bca.camsbatch.model
2025-05-09T01:07:46.128+07:00 DEBUG 16688 --- [camsbatch] [           main] o.h.boot.model.internal.EntityBinder     : Binding entity from annotated class: id.co.bca.camsbatch.model.Person
2025-05-09T01:07:46.129+07:00 DEBUG 16688 --- [camsbatch] [           main] o.h.boot.model.internal.EntityBinder     : Import with entity name Person
2025-05-09T01:07:46.129+07:00 DEBUG 16688 --- [camsbatch] [           main] o.h.boot.model.internal.EntityBinder     : Bind entity id.co.bca.camsbatch.model.Person on table person
2025-05-09T01:07:46.129+07:00 DEBUG 16688 --- [camsbatch] [           main] o.h.boot.model.internal.AnnotatedColumn  : Binding column: AnnotatedDiscriminatorColumn(column='DTYPE')
2025-05-09T01:07:46.132+07:00 DEBUG 16688 --- [camsbatch] [           main] o.h.boot.model.internal.AnnotatedColumn  : Binding column: AnnotatedColumn()
2025-05-09T01:07:46.132+07:00 DEBUG 16688 --- [camsbatch] [           main] o.h.boot.internal.ClassLoaderAccessImpl  : Not known whether passed class name [id.co.bca.camsbatch.model.Person] is safe
2025-05-09T01:07:46.132+07:00 DEBUG 16688 --- [camsbatch] [           main] o.h.boot.internal.ClassLoaderAccessImpl  : No temp ClassLoader provided; using live ClassLoader for loading potentially unsafe class : id.co.bca.camsbatch.model.Person
2025-05-09T01:07:46.132+07:00 DEBUG 16688 --- [camsbatch] [           main] o.h.boot.model.internal.PropertyBinder   : MetadataSourceProcessor property id with lazy=false
2025-05-09T01:07:46.132+07:00 DEBUG 16688 --- [camsbatch] [           main] o.h.b.m.internal.AbstractPropertyHolder  : Attempting to locate auto-apply AttributeConverter for property [id.co.bca.camsbatch.model.Person:id]
2025-05-09T01:07:46.133+07:00 DEBUG 16688 --- [camsbatch] [           main] o.h.b.model.internal.BasicValueBinder    : building BasicValue for id
2025-05-09T01:07:46.133+07:00 DEBUG 16688 --- [camsbatch] [           main] org.hibernate.mapping.BasicValue         : Skipping column re-registration: person.id
2025-05-09T01:07:46.133+07:00 DEBUG 16688 --- [camsbatch] [           main] o.h.boot.model.internal.PropertyBinder   : Building property id
2025-05-09T01:07:46.133+07:00 DEBUG 16688 --- [camsbatch] [           main] o.h.boot.model.internal.BinderHelper     : #makeIdGenerator(BasicValue([Column(id)]), id, identity, , ...)
2025-05-09T01:07:46.133+07:00 DEBUG 16688 --- [camsbatch] [           main] o.h.boot.model.internal.AnnotatedColumn  : Binding column: AnnotatedColumn()
2025-05-09T01:07:46.133+07:00 DEBUG 16688 --- [camsbatch] [           main] o.h.boot.model.internal.PropertyBinder   : MetadataSourceProcessor property age with lazy=false
2025-05-09T01:07:46.133+07:00 DEBUG 16688 --- [camsbatch] [           main] o.h.b.m.internal.AbstractPropertyHolder  : Attempting to locate auto-apply AttributeConverter for property [id.co.bca.camsbatch.model.Person:age]
2025-05-09T01:07:46.133+07:00 DEBUG 16688 --- [camsbatch] [           main] o.h.b.model.internal.BasicValueBinder    : building BasicValue for age
2025-05-09T01:07:46.133+07:00 DEBUG 16688 --- [camsbatch] [           main] org.hibernate.mapping.BasicValue         : Skipping column re-registration: person.age
2025-05-09T01:07:46.134+07:00 DEBUG 16688 --- [camsbatch] [           main] o.h.boot.model.internal.PropertyBinder   : Building property age
2025-05-09T01:07:46.134+07:00 DEBUG 16688 --- [camsbatch] [           main] o.h.boot.model.internal.AnnotatedColumn  : Binding column: AnnotatedColumn()
2025-05-09T01:07:46.134+07:00 DEBUG 16688 --- [camsbatch] [           main] o.h.boot.model.internal.PropertyBinder   : MetadataSourceProcessor property email with lazy=false
2025-05-09T01:07:46.134+07:00 DEBUG 16688 --- [camsbatch] [           main] o.h.b.m.internal.AbstractPropertyHolder  : Attempting to locate auto-apply AttributeConverter for property [id.co.bca.camsbatch.model.Person:email]
2025-05-09T01:07:46.134+07:00 DEBUG 16688 --- [camsbatch] [           main] o.h.b.model.internal.BasicValueBinder    : building BasicValue for email
2025-05-09T01:07:46.134+07:00 DEBUG 16688 --- [camsbatch] [           main] org.hibernate.mapping.BasicValue         : Skipping column re-registration: person.email
2025-05-09T01:07:46.134+07:00 DEBUG 16688 --- [camsbatch] [           main] o.h.boot.model.internal.PropertyBinder   : Building property email
2025-05-09T01:07:46.134+07:00 DEBUG 16688 --- [camsbatch] [           main] o.h.boot.model.internal.AnnotatedColumn  : Binding column: AnnotatedColumn()
2025-05-09T01:07:46.134+07:00 DEBUG 16688 --- [camsbatch] [           main] o.h.boot.model.internal.PropertyBinder   : MetadataSourceProcessor property firstName with lazy=false
2025-05-09T01:07:46.134+07:00 DEBUG 16688 --- [camsbatch] [           main] o.h.b.m.internal.AbstractPropertyHolder  : Attempting to locate auto-apply AttributeConverter for property [id.co.bca.camsbatch.model.Person:firstName]
2025-05-09T01:07:46.135+07:00 DEBUG 16688 --- [camsbatch] [           main] o.h.b.model.internal.BasicValueBinder    : building BasicValue for firstName
2025-05-09T01:07:46.135+07:00 DEBUG 16688 --- [camsbatch] [           main] org.hibernate.mapping.BasicValue         : Skipping column re-registration: person.first_name
2025-05-09T01:07:46.135+07:00 DEBUG 16688 --- [camsbatch] [           main] o.h.boot.model.internal.PropertyBinder   : Building property firstName
2025-05-09T01:07:46.135+07:00 DEBUG 16688 --- [camsbatch] [           main] o.h.boot.model.internal.AnnotatedColumn  : Binding column: AnnotatedColumn()
2025-05-09T01:07:46.135+07:00 DEBUG 16688 --- [camsbatch] [           main] o.h.boot.model.internal.PropertyBinder   : MetadataSourceProcessor property lastName with lazy=false
2025-05-09T01:07:46.135+07:00 DEBUG 16688 --- [camsbatch] [           main] o.h.b.m.internal.AbstractPropertyHolder  : Attempting to locate auto-apply AttributeConverter for property [id.co.bca.camsbatch.model.Person:lastName]
2025-05-09T01:07:46.135+07:00 DEBUG 16688 --- [camsbatch] [           main] o.h.b.model.internal.BasicValueBinder    : building BasicValue for lastName
2025-05-09T01:07:46.135+07:00 DEBUG 16688 --- [camsbatch] [           main] org.hibernate.mapping.BasicValue         : Skipping column re-registration: person.last_name
2025-05-09T01:07:46.135+07:00 DEBUG 16688 --- [camsbatch] [           main] o.h.boot.model.internal.PropertyBinder   : Building property lastName
2025-05-09T01:07:46.136+07:00 DEBUG 16688 --- [camsbatch] [           main] o.h.b.r.c.i.ClassLoaderServiceImpl       : HHH000194: Package not found or no package-info.java: id.co.bca.camsbatch.model
2025-05-09T01:07:46.140+07:00 DEBUG 16688 --- [camsbatch] [           main] o.h.b.model.internal.BasicValueBinder    : Starting `BasicValueBinder#fillSimpleValue` for id
2025-05-09T01:07:46.146+07:00 DEBUG 16688 --- [camsbatch] [           main] o.h.b.model.internal.BasicValueBinder    : Starting `BasicValueBinder#fillSimpleValue` for email
2025-05-09T01:07:46.147+07:00 DEBUG 16688 --- [camsbatch] [           main] o.h.b.model.internal.BasicValueBinder    : Starting `BasicValueBinder#fillSimpleValue` for firstName
2025-05-09T01:07:46.147+07:00 DEBUG 16688 --- [camsbatch] [           main] o.h.b.model.internal.BasicValueBinder    : Starting `BasicValueBinder#fillSimpleValue` for lastName
2025-05-09T01:07:46.147+07:00 DEBUG 16688 --- [camsbatch] [           main] o.h.b.model.internal.BasicValueBinder    : Starting `BasicValueBinder#fillSimpleValue` for id
2025-05-09T01:07:46.147+07:00 DEBUG 16688 --- [camsbatch] [           main] o.h.b.model.internal.BasicValueBinder    : Starting `BasicValueBinder#fillSimpleValue` for customerName
2025-05-09T01:07:46.147+07:00 DEBUG 16688 --- [camsbatch] [           main] o.h.b.model.internal.BasicValueBinder    : Starting `BasicValueBinder#fillSimpleValue` for orderDate
2025-05-09T01:07:46.147+07:00 DEBUG 16688 --- [camsbatch] [           main] o.h.b.model.internal.BasicValueBinder    : Starting `BasicValueBinder#fillSimpleValue` for orderId
2025-05-09T01:07:46.148+07:00 DEBUG 16688 --- [camsbatch] [           main] o.h.b.model.internal.BasicValueBinder    : Starting `BasicValueBinder#fillSimpleValue` for id
2025-05-09T01:07:46.148+07:00 DEBUG 16688 --- [camsbatch] [           main] o.h.b.model.internal.BasicValueBinder    : Starting `BasicValueBinder#fillSimpleValue` for age
2025-05-09T01:07:46.148+07:00 DEBUG 16688 --- [camsbatch] [           main] o.h.b.model.internal.BasicValueBinder    : Starting `BasicValueBinder#fillSimpleValue` for email
2025-05-09T01:07:46.148+07:00 DEBUG 16688 --- [camsbatch] [           main] o.h.b.model.internal.BasicValueBinder    : Starting `BasicValueBinder#fillSimpleValue` for firstName
2025-05-09T01:07:46.148+07:00 DEBUG 16688 --- [camsbatch] [           main] o.h.b.model.internal.BasicValueBinder    : Starting `BasicValueBinder#fillSimpleValue` for lastName
2025-05-09T01:07:46.153+07:00 DEBUG 16688 --- [camsbatch] [           main] org.hibernate.mapping.PrimaryKey         : Forcing column [id] to be non-null as it is part of the primary key for table [customer]
2025-05-09T01:07:46.153+07:00 DEBUG 16688 --- [camsbatch] [           main] org.hibernate.mapping.PrimaryKey         : Forcing column [id] to be non-null as it is part of the primary key for table [order]
2025-05-09T01:07:46.153+07:00 DEBUG 16688 --- [camsbatch] [           main] org.hibernate.mapping.PrimaryKey         : Forcing column [id] to be non-null as it is part of the primary key for table [person]
2025-05-09T01:07:46.299+07:00 DEBUG 16688 --- [camsbatch] [           main] o.hibernate.internal.SessionFactoryImpl  : Building session factory
2025-05-09T01:07:46.413+07:00 DEBUG 16688 --- [camsbatch] [           main] .h.s.i.SessionFactoryServiceRegistryImpl : EventListenerRegistry access via ServiceRegistry is deprecated.  Use `sessionFactory.getEventEngine().getListenerRegistry()` instead
2025-05-09T01:07:46.413+07:00 DEBUG 16688 --- [camsbatch] [           main] o.hibernate.internal.SessionFactoryImpl  : Instantiating SessionFactory with settings: {hibernate.format_sql=true, java.specification.version=17, sun.cpu.isalist=amd64, hibernate.resource.beans.container=org.springframework.orm.hibernate5.SpringBeanContainer@70439c3, hibernate.connection.handling_mode=DELAYED_ACQUISITION_AND_HOLD, sun.jnu.encoding=Cp1252, hibernate.dialect=org.hibernate.dialect.PostgreSQLDialect, hibernate.implicit_naming_strategy=org.springframework.boot.orm.jpa.hibernate.SpringImplicitNamingStrategy, java.class.path=D:\Projects\CAMS\camsbatch\target\test-classes;D:\Projects\CAMS\camsbatch\target\classes;D:\MavenLibraries\org\springframework\boot\spring-boot-starter-batch\3.4.5\spring-boot-starter-batch-3.4.5.jar;D:\MavenLibraries\org\springframework\boot\spring-boot-starter\3.4.5\spring-boot-starter-3.4.5.jar;D:\MavenLibraries\org\springframework\boot\spring-boot\3.4.5\spring-boot-3.4.5.jar;D:\MavenLibraries\org\springframework\boot\spring-boot-autoconfigure\3.4.5\spring-boot-autoconfigure-3.4.5.jar;D:\MavenLibraries\org\springframework\boot\spring-boot-starter-logging\3.4.5\spring-boot-starter-logging-3.4.5.jar;D:\MavenLibraries\ch\qos\logback\logback-classic\1.5.18\logback-classic-1.5.18.jar;D:\MavenLibraries\ch\qos\logback\logback-core\1.5.18\logback-core-1.5.18.jar;D:\MavenLibraries\org\apache\logging\log4j\log4j-to-slf4j\2.24.3\log4j-to-slf4j-2.24.3.jar;D:\MavenLibraries\org\apache\logging\log4j\log4j-api\2.24.3\log4j-api-2.24.3.jar;D:\MavenLibraries\org\slf4j\jul-to-slf4j\2.0.17\jul-to-slf4j-2.0.17.jar;D:\MavenLibraries\jakarta\annotation\jakarta.annotation-api\2.1.1\jakarta.annotation-api-2.1.1.jar;D:\MavenLibraries\org\yaml\snakeyaml\2.3\snakeyaml-2.3.jar;D:\MavenLibraries\org\springframework\boot\spring-boot-starter-jdbc\3.4.5\spring-boot-starter-jdbc-3.4.5.jar;D:\MavenLibraries\com\zaxxer\HikariCP\5.1.0\HikariCP-5.1.0.jar;D:\MavenLibraries\org\springframework\batch\spring-batch-core\5.2.2\spring-batch-core-5.2.2.jar;D:\MavenLibraries\org\springframework\batch\spring-batch-infrastructure\5.2.2\spring-batch-infrastructure-5.2.2.jar;D:\MavenLibraries\org\springframework\retry\spring-retry\2.0.11\spring-retry-2.0.11.jar;D:\MavenLibraries\org\springframework\spring-aop\6.2.6\spring-aop-6.2.6.jar;D:\MavenLibraries\org\springframework\spring-beans\6.2.6\spring-beans-6.2.6.jar;D:\MavenLibraries\org\springframework\spring-context\6.2.6\spring-context-6.2.6.jar;D:\MavenLibraries\org\springframework\spring-tx\6.2.6\spring-tx-6.2.6.jar;D:\MavenLibraries\io\micrometer\micrometer-core\1.14.6\micrometer-core-1.14.6.jar;D:\MavenLibraries\io\micrometer\micrometer-commons\1.14.6\micrometer-commons-1.14.6.jar;D:\MavenLibraries\org\hdrhistogram\HdrHistogram\2.2.2\HdrHistogram-2.2.2.jar;D:\MavenLibraries\org\latencyutils\LatencyUtils\2.0.3\LatencyUtils-2.0.3.jar;D:\MavenLibraries\io\micrometer\micrometer-observation\1.14.6\micrometer-observation-1.14.6.jar;D:\MavenLibraries\org\springframework\data\spring-data-commons\3.4.5\spring-data-commons-3.4.5.jar;D:\MavenLibraries\org\springframework\boot\spring-boot-starter-data-jpa\3.4.5\spring-boot-starter-data-jpa-3.4.5.jar;D:\MavenLibraries\org\hibernate\orm\hibernate-core\6.6.13.Final\hibernate-core-6.6.13.Final.jar;D:\MavenLibraries\jakarta\persistence\jakarta.persistence-api\3.1.0\jakarta.persistence-api-3.1.0.jar;D:\MavenLibraries\jakarta\transaction\jakarta.transaction-api\2.0.1\jakarta.transaction-api-2.0.1.jar;D:\MavenLibraries\org\jboss\logging\jboss-logging\3.6.1.Final\jboss-logging-3.6.1.Final.jar;D:\MavenLibraries\org\hibernate\common\hibernate-commons-annotations\7.0.3.Final\hibernate-commons-annotations-7.0.3.Final.jar;D:\MavenLibraries\io\smallrye\jandex\3.2.0\jandex-3.2.0.jar;D:\MavenLibraries\com\fasterxml\classmate\1.7.0\classmate-1.7.0.jar;D:\MavenLibraries\net\bytebuddy\byte-buddy\1.15.11\byte-buddy-1.15.11.jar;D:\MavenLibraries\org\glassfish\jaxb\jaxb-runtime\4.0.5\jaxb-runtime-4.0.5.jar;D:\MavenLibraries\org\glassfish\jaxb\jaxb-core\4.0.5\jaxb-core-4.0.5.jar;D:\MavenLibraries\org\eclipse\angus\angus-activation\2.0.2\angus-activation-2.0.2.jar;D:\MavenLibraries\org\glassfish\jaxb\txw2\4.0.5\txw2-4.0.5.jar;D:\MavenLibraries\com\sun\istack\istack-commons-runtime\4.1.2\istack-commons-runtime-4.1.2.jar;D:\MavenLibraries\jakarta\inject\jakarta.inject-api\2.0.1\jakarta.inject-api-2.0.1.jar;D:\MavenLibraries\org\antlr\antlr4-runtime\4.13.0\antlr4-runtime-4.13.0.jar;D:\MavenLibraries\org\springframework\data\spring-data-jpa\3.4.5\spring-data-jpa-3.4.5.jar;D:\MavenLibraries\org\springframework\spring-orm\6.2.6\spring-orm-6.2.6.jar;D:\MavenLibraries\org\slf4j\slf4j-api\2.0.17\slf4j-api-2.0.17.jar;D:\MavenLibraries\org\springframework\spring-aspects\6.2.6\spring-aspects-6.2.6.jar;D:\MavenLibraries\org\aspectj\aspectjweaver\1.9.24\aspectjweaver-1.9.24.jar;D:\MavenLibraries\org\springframework\boot\spring-boot-starter-web\3.4.5\spring-boot-starter-web-3.4.5.jar;D:\MavenLibraries\org\springframework\boot\spring-boot-starter-json\3.4.5\spring-boot-starter-json-3.4.5.jar;D:\MavenLibraries\com\fasterxml\jackson\core\jackson-databind\2.18.3\jackson-databind-2.18.3.jar;D:\MavenLibraries\com\fasterxml\jackson\core\jackson-annotations\2.18.3\jackson-annotations-2.18.3.jar;D:\MavenLibraries\com\fasterxml\jackson\core\jackson-core\2.18.3\jackson-core-2.18.3.jar;D:\MavenLibraries\com\fasterxml\jackson\datatype\jackson-datatype-jdk8\2.18.3\jackson-datatype-jdk8-2.18.3.jar;D:\MavenLibraries\com\fasterxml\jackson\datatype\jackson-datatype-jsr310\2.18.3\jackson-datatype-jsr310-2.18.3.jar;D:\MavenLibraries\com\fasterxml\jackson\module\jackson-module-parameter-names\2.18.3\jackson-module-parameter-names-2.18.3.jar;D:\MavenLibraries\org\springframework\boot\spring-boot-starter-tomcat\3.4.5\spring-boot-starter-tomcat-3.4.5.jar;D:\MavenLibraries\org\apache\tomcat\embed\tomcat-embed-core\10.1.40\tomcat-embed-core-10.1.40.jar;D:\MavenLibraries\org\apache\tomcat\embed\tomcat-embed-el\10.1.40\tomcat-embed-el-10.1.40.jar;D:\MavenLibraries\org\apache\tomcat\embed\tomcat-embed-websocket\10.1.40\tomcat-embed-websocket-10.1.40.jar;D:\MavenLibraries\org\springframework\spring-web\6.2.6\spring-web-6.2.6.jar;D:\MavenLibraries\org\springframework\spring-webmvc\6.2.6\spring-webmvc-6.2.6.jar;D:\MavenLibraries\org\springframework\spring-expression\6.2.6\spring-expression-6.2.6.jar;D:\MavenLibraries\org\postgresql\postgresql\42.7.5\postgresql-42.7.5.jar;D:\MavenLibraries\org\checkerframework\checker-qual\3.48.3\checker-qual-3.48.3.jar;D:\MavenLibraries\org\projectlombok\lombok\1.18.38\lombok-1.18.38.jar;D:\MavenLibraries\org\springframework\boot\spring-boot-starter-test\3.4.5\spring-boot-starter-test-3.4.5.jar;D:\MavenLibraries\org\springframework\boot\spring-boot-test\3.4.5\spring-boot-test-3.4.5.jar;D:\MavenLibraries\org\springframework\boot\spring-boot-test-autoconfigure\3.4.5\spring-boot-test-autoconfigure-3.4.5.jar;D:\MavenLibraries\com\jayway\jsonpath\json-path\2.9.0\json-path-2.9.0.jar;D:\MavenLibraries\jakarta\xml\bind\jakarta.xml.bind-api\4.0.2\jakarta.xml.bind-api-4.0.2.jar;D:\MavenLibraries\jakarta\activation\jakarta.activation-api\2.1.3\jakarta.activation-api-2.1.3.jar;D:\MavenLibraries\net\minidev\json-smart\2.5.2\json-smart-2.5.2.jar;D:\MavenLibraries\net\minidev\accessors-smart\2.5.2\accessors-smart-2.5.2.jar;D:\MavenLibraries\org\ow2\asm\asm\9.7.1\asm-9.7.1.jar;D:\MavenLibraries\org\assertj\assertj-core\3.26.3\assertj-core-3.26.3.jar;D:\MavenLibraries\org\awaitility\awaitility\4.2.2\awaitility-4.2.2.jar;D:\MavenLibraries\org\hamcrest\hamcrest\2.2\hamcrest-2.2.jar;D:\MavenLibraries\org\junit\jupiter\junit-jupiter\5.11.4\junit-jupiter-5.11.4.jar;D:\MavenLibraries\org\junit\jupiter\junit-jupiter-api\5.11.4\junit-jupiter-api-5.11.4.jar;D:\MavenLibraries\org\opentest4j\opentest4j\1.3.0\opentest4j-1.3.0.jar;D:\MavenLibraries\org\junit\platform\junit-platform-commons\1.11.4\junit-platform-commons-1.11.4.jar;D:\MavenLibraries\org\apiguardian\apiguardian-api\1.1.2\apiguardian-api-1.1.2.jar;D:\MavenLibraries\org\junit\jupiter\junit-jupiter-params\5.11.4\junit-jupiter-params-5.11.4.jar;D:\MavenLibraries\org\junit\jupiter\junit-jupiter-engine\5.11.4\junit-jupiter-engine-5.11.4.jar;D:\MavenLibraries\org\junit\platform\junit-platform-engine\1.11.4\junit-platform-engine-1.11.4.jar;D:\MavenLibraries\org\mockito\mockito-core\5.14.2\mockito-core-5.14.2.jar;D:\MavenLibraries\net\bytebuddy\byte-buddy-agent\1.15.11\byte-buddy-agent-1.15.11.jar;D:\MavenLibraries\org\objenesis\objenesis\3.3\objenesis-3.3.jar;D:\MavenLibraries\org\mockito\mockito-junit-jupiter\5.14.2\mockito-junit-jupiter-5.14.2.jar;D:\MavenLibraries\org\skyscreamer\jsonassert\1.5.3\jsonassert-1.5.3.jar;D:\MavenLibraries\com\vaadin\external\google\android-json\0.0.20131108.vaadin1\android-json-0.0.20131108.vaadin1.jar;D:\MavenLibraries\org\springframework\spring-core\6.2.6\spring-core-6.2.6.jar;D:\MavenLibraries\org\springframework\spring-jcl\6.2.6\spring-jcl-6.2.6.jar;D:\MavenLibraries\org\springframework\spring-test\6.2.6\spring-test-6.2.6.jar;D:\MavenLibraries\org\xmlunit\xmlunit-core\2.10.0\xmlunit-core-2.10.0.jar;D:\MavenLibraries\org\springframework\batch\spring-batch-test\5.2.2\spring-batch-test-5.2.2.jar;D:\MavenLibraries\org\springframework\spring-jdbc\6.2.6\spring-jdbc-6.2.6.jar;, java.vm.vendor=Azul Systems, Inc., sun.arch.data.model=64, user.variant=, java.vendor.url=http://www.azul.com/, user.timezone=Asia/Bangkok, jakarta.persistence.sharedCache.mode=UNSPECIFIED, org.jboss.logging.provider=slf4j, java.vm.specification.version=17, os.name=Windows 11, APPLICATION_NAME=camsbatch, jakarta.persistence.nonJtaDataSource=HikariDataSource (HikariPool-1), sun.java.launcher=SUN_STANDARD, user.country=US, sun.boot.library.path=C:\ProgramData\Zulu\zulu-17\bin, sun.java.command=C:\Users\U063496\AppData\Local\Temp\surefire13334740012921493881\surefirebooter-20250509010740214_3.jar C:\Users\U063496\AppData\Local\Temp\surefire13334740012921493881 2025-05-09T01-07-39_978-jvmRun1 surefire-20250509010740214_1tmp surefire_0-20250509010740214_2tmp, javax.persistence.nonJtaDataSource=HikariDataSource (HikariPool-1), hibernate.transaction.jta.platform=org.hibernate.engine.transaction.jta.platform.internal.NoJtaPlatform@72a33316, jdk.debug=release, surefire.test.class.path=D:\Projects\CAMS\camsbatch\target\test-classes;D:\Projects\CAMS\camsbatch\target\classes;D:\MavenLibraries\org\springframework\boot\spring-boot-starter-batch\3.4.5\spring-boot-starter-batch-3.4.5.jar;D:\MavenLibraries\org\springframework\boot\spring-boot-starter\3.4.5\spring-boot-starter-3.4.5.jar;D:\MavenLibraries\org\springframework\boot\spring-boot\3.4.5\spring-boot-3.4.5.jar;D:\MavenLibraries\org\springframework\boot\spring-boot-autoconfigure\3.4.5\spring-boot-autoconfigure-3.4.5.jar;D:\MavenLibraries\org\springframework\boot\spring-boot-starter-logging\3.4.5\spring-boot-starter-logging-3.4.5.jar;D:\MavenLibraries\ch\qos\logback\logback-classic\1.5.18\logback-classic-1.5.18.jar;D:\MavenLibraries\ch\qos\logback\logback-core\1.5.18\logback-core-1.5.18.jar;D:\MavenLibraries\org\apache\logging\log4j\log4j-to-slf4j\2.24.3\log4j-to-slf4j-2.24.3.jar;D:\MavenLibraries\org\apache\logging\log4j\log4j-api\2.24.3\log4j-api-2.24.3.jar;D:\MavenLibraries\org\slf4j\jul-to-slf4j\2.0.17\jul-to-slf4j-2.0.17.jar;D:\MavenLibraries\jakarta\annotation\jakarta.annotation-api\2.1.1\jakarta.annotation-api-2.1.1.jar;D:\MavenLibraries\org\yaml\snakeyaml\2.3\snakeyaml-2.3.jar;D:\MavenLibraries\org\springframework\boot\spring-boot-starter-jdbc\3.4.5\spring-boot-starter-jdbc-3.4.5.jar;D:\MavenLibraries\com\zaxxer\HikariCP\5.1.0\HikariCP-5.1.0.jar;D:\MavenLibraries\org\springframework\batch\spring-batch-core\5.2.2\spring-batch-core-5.2.2.jar;D:\MavenLibraries\org\springframework\batch\spring-batch-infrastructure\5.2.2\spring-batch-infrastructure-5.2.2.jar;D:\MavenLibraries\org\springframework\retry\spring-retry\2.0.11\spring-retry-2.0.11.jar;D:\MavenLibraries\org\springframework\spring-aop\6.2.6\spring-aop-6.2.6.jar;D:\MavenLibraries\org\springframework\spring-beans\6.2.6\spring-beans-6.2.6.jar;D:\MavenLibraries\org\springframework\spring-context\6.2.6\spring-context-6.2.6.jar;D:\MavenLibraries\org\springframework\spring-tx\6.2.6\spring-tx-6.2.6.jar;D:\MavenLibraries\io\micrometer\micrometer-core\1.14.6\micrometer-core-1.14.6.jar;D:\MavenLibraries\io\micrometer\micrometer-commons\1.14.6\micrometer-commons-1.14.6.jar;D:\MavenLibraries\org\hdrhistogram\HdrHistogram\2.2.2\HdrHistogram-2.2.2.jar;D:\MavenLibraries\org\latencyutils\LatencyUtils\2.0.3\LatencyUtils-2.0.3.jar;D:\MavenLibraries\io\micrometer\micrometer-observation\1.14.6\micrometer-observation-1.14.6.jar;D:\MavenLibraries\org\springframework\data\spring-data-commons\3.4.5\spring-data-commons-3.4.5.jar;D:\MavenLibraries\org\springframework\boot\spring-boot-starter-data-jpa\3.4.5\spring-boot-starter-data-jpa-3.4.5.jar;D:\MavenLibraries\org\hibernate\orm\hibernate-core\6.6.13.Final\hibernate-core-6.6.13.Final.jar;D:\MavenLibraries\jakarta\persistence\jakarta.persistence-api\3.1.0\jakarta.persistence-api-3.1.0.jar;D:\MavenLibraries\jakarta\transaction\jakarta.transaction-api\2.0.1\jakarta.transaction-api-2.0.1.jar;D:\MavenLibraries\org\jboss\logging\jboss-logging\3.6.1.Final\jboss-logging-3.6.1.Final.jar;D:\MavenLibraries\org\hibernate\common\hibernate-commons-annotations\7.0.3.Final\hibernate-commons-annotations-7.0.3.Final.jar;D:\MavenLibraries\io\smallrye\jandex\3.2.0\jandex-3.2.0.jar;D:\MavenLibraries\com\fasterxml\classmate\1.7.0\classmate-1.7.0.jar;D:\MavenLibraries\net\bytebuddy\byte-buddy\1.15.11\byte-buddy-1.15.11.jar;D:\MavenLibraries\org\glassfish\jaxb\jaxb-runtime\4.0.5\jaxb-runtime-4.0.5.jar;D:\MavenLibraries\org\glassfish\jaxb\jaxb-core\4.0.5\jaxb-core-4.0.5.jar;D:\MavenLibraries\org\eclipse\angus\angus-activation\2.0.2\angus-activation-2.0.2.jar;D:\MavenLibraries\org\glassfish\jaxb\txw2\4.0.5\txw2-4.0.5.jar;D:\MavenLibraries\com\sun\istack\istack-commons-runtime\4.1.2\istack-commons-runtime-4.1.2.jar;D:\MavenLibraries\jakarta\inject\jakarta.inject-api\2.0.1\jakarta.inject-api-2.0.1.jar;D:\MavenLibraries\org\antlr\antlr4-runtime\4.13.0\antlr4-runtime-4.13.0.jar;D:\MavenLibraries\org\springframework\data\spring-data-jpa\3.4.5\spring-data-jpa-3.4.5.jar;D:\MavenLibraries\org\springframework\spring-orm\6.2.6\spring-orm-6.2.6.jar;D:\MavenLibraries\org\slf4j\slf4j-api\2.0.17\slf4j-api-2.0.17.jar;D:\MavenLibraries\org\springframework\spring-aspects\6.2.6\spring-aspects-6.2.6.jar;D:\MavenLibraries\org\aspectj\aspectjweaver\1.9.24\aspectjweaver-1.9.24.jar;D:\MavenLibraries\org\springframework\boot\spring-boot-starter-web\3.4.5\spring-boot-starter-web-3.4.5.jar;D:\MavenLibraries\org\springframework\boot\spring-boot-starter-json\3.4.5\spring-boot-starter-json-3.4.5.jar;D:\MavenLibraries\com\fasterxml\jackson\core\jackson-databind\2.18.3\jackson-databind-2.18.3.jar;D:\MavenLibraries\com\fasterxml\jackson\core\jackson-annotations\2.18.3\jackson-annotations-2.18.3.jar;D:\MavenLibraries\com\fasterxml\jackson\core\jackson-core\2.18.3\jackson-core-2.18.3.jar;D:\MavenLibraries\com\fasterxml\jackson\datatype\jackson-datatype-jdk8\2.18.3\jackson-datatype-jdk8-2.18.3.jar;D:\MavenLibraries\com\fasterxml\jackson\datatype\jackson-datatype-jsr310\2.18.3\jackson-datatype-jsr310-2.18.3.jar;D:\MavenLibraries\com\fasterxml\jackson\module\jackson-module-parameter-names\2.18.3\jackson-module-parameter-names-2.18.3.jar;D:\MavenLibraries\org\springframework\boot\spring-boot-starter-tomcat\3.4.5\spring-boot-starter-tomcat-3.4.5.jar;D:\MavenLibraries\org\apache\tomcat\embed\tomcat-embed-core\10.1.40\tomcat-embed-core-10.1.40.jar;D:\MavenLibraries\org\apache\tomcat\embed\tomcat-embed-el\10.1.40\tomcat-embed-el-10.1.40.jar;D:\MavenLibraries\org\apache\tomcat\embed\tomcat-embed-websocket\10.1.40\tomcat-embed-websocket-10.1.40.jar;D:\MavenLibraries\org\springframework\spring-web\6.2.6\spring-web-6.2.6.jar;D:\MavenLibraries\org\springframework\spring-webmvc\6.2.6\spring-webmvc-6.2.6.jar;D:\MavenLibraries\org\springframework\spring-expression\6.2.6\spring-expression-6.2.6.jar;D:\MavenLibraries\org\postgresql\postgresql\42.7.5\postgresql-42.7.5.jar;D:\MavenLibraries\org\checkerframework\checker-qual\3.48.3\checker-qual-3.48.3.jar;D:\MavenLibraries\org\projectlombok\lombok\1.18.38\lombok-1.18.38.jar;D:\MavenLibraries\org\springframework\boot\spring-boot-starter-test\3.4.5\spring-boot-starter-test-3.4.5.jar;D:\MavenLibraries\org\springframework\boot\spring-boot-test\3.4.5\spring-boot-test-3.4.5.jar;D:\MavenLibraries\org\springframework\boot\spring-boot-test-autoconfigure\3.4.5\spring-boot-test-autoconfigure-3.4.5.jar;D:\MavenLibraries\com\jayway\jsonpath\json-path\2.9.0\json-path-2.9.0.jar;D:\MavenLibraries\jakarta\xml\bind\jakarta.xml.bind-api\4.0.2\jakarta.xml.bind-api-4.0.2.jar;D:\MavenLibraries\jakarta\activation\jakarta.activation-api\2.1.3\jakarta.activation-api-2.1.3.jar;D:\MavenLibraries\net\minidev\json-smart\2.5.2\json-smart-2.5.2.jar;D:\MavenLibraries\net\minidev\accessors-smart\2.5.2\accessors-smart-2.5.2.jar;D:\MavenLibraries\org\ow2\asm\asm\9.7.1\asm-9.7.1.jar;D:\MavenLibraries\org\assertj\assertj-core\3.26.3\assertj-core-3.26.3.jar;D:\MavenLibraries\org\awaitility\awaitility\4.2.2\awaitility-4.2.2.jar;D:\MavenLibraries\org\hamcrest\hamcrest\2.2\hamcrest-2.2.jar;D:\MavenLibraries\org\junit\jupiter\junit-jupiter\5.11.4\junit-jupiter-5.11.4.jar;D:\MavenLibraries\org\junit\jupiter\junit-jupiter-api\5.11.4\junit-jupiter-api-5.11.4.jar;D:\MavenLibraries\org\opentest4j\opentest4j\1.3.0\opentest4j-1.3.0.jar;D:\MavenLibraries\org\junit\platform\junit-platform-commons\1.11.4\junit-platform-commons-1.11.4.jar;D:\MavenLibraries\org\apiguardian\apiguardian-api\1.1.2\apiguardian-api-1.1.2.jar;D:\MavenLibraries\org\junit\jupiter\junit-jupiter-params\5.11.4\junit-jupiter-params-5.11.4.jar;D:\MavenLibraries\org\junit\jupiter\junit-jupiter-engine\5.11.4\junit-jupiter-engine-5.11.4.jar;D:\MavenLibraries\org\junit\platform\junit-platform-engine\1.11.4\junit-platform-engine-1.11.4.jar;D:\MavenLibraries\org\mockito\mockito-core\5.14.2\mockito-core-5.14.2.jar;D:\MavenLibraries\net\bytebuddy\byte-buddy-agent\1.15.11\byte-buddy-agent-1.15.11.jar;D:\MavenLibraries\org\objenesis\objenesis\3.3\objenesis-3.3.jar;D:\MavenLibraries\org\mockito\mockito-junit-jupiter\5.14.2\mockito-junit-jupiter-5.14.2.jar;D:\MavenLibraries\org\skyscreamer\jsonassert\1.5.3\jsonassert-1.5.3.jar;D:\MavenLibraries\com\vaadin\external\google\android-json\0.0.20131108.vaadin1\android-json-0.0.20131108.vaadin1.jar;D:\MavenLibraries\org\springframework\spring-core\6.2.6\spring-core-6.2.6.jar;D:\MavenLibraries\org\springframework\spring-jcl\6.2.6\spring-jcl-6.2.6.jar;D:\MavenLibraries\org\springframework\spring-test\6.2.6\spring-test-6.2.6.jar;D:\MavenLibraries\org\xmlunit\xmlunit-core\2.10.0\xmlunit-core-2.10.0.jar;D:\MavenLibraries\org\springframework\batch\spring-batch-test\5.2.2\spring-batch-test-5.2.2.jar;D:\MavenLibraries\org\springframework\spring-jdbc\6.2.6\spring-jdbc-6.2.6.jar;, sun.cpu.endian=little, hibernate.cdi.extensions=true, user.home=C:\Users\U063496, user.language=en, java.specification.vendor=Oracle Corporation, java.version.date=2024-10-15, java.home=C:\ProgramData\Zulu\zulu-17, file.separator=\, basedir=D:\Projects\CAMS\camsbatch, java.vm.compressedOopsMode=Zero based, line.separator=
, hibernate.persistenceUnitName=default, java.vm.specification.vendor=Oracle Corporation, java.specification.name=Java Platform API Specification, FILE_LOG_CHARSET=windows-1252, hibernate.transaction.coordinator_class=class org.hibernate.resource.transaction.backend.jdbc.internal.JdbcResourceLocalTransactionCoordinatorBuilderImpl, java.awt.headless=true, surefire.real.class.path=C:\Users\U063496\AppData\Local\Temp\surefire13334740012921493881\surefirebooter-20250509010740214_3.jar, jakarta.persistence.validation.mode=AUTO, hibernate.hbm2ddl.auto=update, user.script=, sun.management.compiler=HotSpot 64-Bit Tiered Compilers, java.runtime.version=17.0.13+11-LTS, user.name=U063496, path.separator=;, os.version=10.0, java.runtime.name=OpenJDK Runtime Environment, file.encoding=Cp1252, java.vm.name=OpenJDK 64-Bit Server VM, hibernate.show_sql=true, java.vendor.version=Zulu17.54+21-CA, localRepository=D:\MavenLibraries, java.vendor.url.bug=http://www.azul.com/support/, java.io.tmpdir=C:\Users\U063496\AppData\Local\Temp\, com.zaxxer.hikari.pool_number=1, java.version=17.0.13, hibernate.physical_naming_strategy=org.hibernate.boot.model.naming.CamelCaseToUnderscoresNamingStrategy, user.dir=D:\Projects\CAMS\camsbatch, os.arch=amd64, java.vm.specification.name=Java Virtual Machine Specification, PID=16688, sun.os.patch.level=, CONSOLE_LOG_CHARSET=windows-1252, hibernate.boot.CfgXmlAccessService.key=org.hibernate.boot.registry.StandardServiceRegistryBuilder$1@57fce8b, native.encoding=Cp1252, java.library.path=C:\ProgramData\Zulu\zulu-17\bin;C:\WINDOWS\Sun\Java\bin;C:\WINDOWS\system32;C:\WINDOWS;C:\ProgramData\Zulu\zulu-17\bin\;C:\Program Files\Eclipse Adoptium\jdk-8.0.372.7-hotspot\bin;C:\Program Files\IBM\MQ\java\lib;C:\Program Files\IBM\MQ\java\lib64;C:\Program Files\Common Files\Oracle\Java\javapath;C:\Program Files (x86)\Common Files\Oracle\Java\javapath;C:\WINDOWS\system32;C:\WINDOWS;C:\WINDOWS\System32\Wbem;C:\WINDOWS\System32\WindowsPowerShell\v1.0\;C:\WINDOWS\System32\OpenSSH\;C:\Program Files (x86)\Windows Live\Shared;C:\Program Files\Microsoft VS Code\bin;C:\Program Files\Java\jdk-11.0.13\bin;C:\Program Files\RedHat\java-1.8.0-openjdk-1.8.0.312-2\bin;C:\Program Files\RedHat\java-1.8.0-openjdk-1.8.0.312-2\jre\bin;C:\Program Files\RedHat\java-11-openjdk-11.0.13-1\bin;C:\ExtLibrary\apache-ant-1.9.6\bin;C:\Program Files\IBM\MQ\bin64;C:\Program Files\IBM\MQ\bin;C:\Program Files\IBM\MQ\tools\c\samples\bin64;C:\Program Files\IBM\MQ\tools\c\samples\bin;C:\ProgramData\Zulu\zulu-17\\bin;C:\Program Files\RedHat\java-1.8.0-openjdk-1.8.0.332-2\bin;C:\Program Files\RedHat\java-1.8.0-openjdk-1.8.0.332-2\jre\bin;C:\Users\U063496\Documents\oc;C:\Program Files\PuTTY\;C:\Program Files\Git\cmd;C:\Program Files\Red Gate\Flyway Desktop\;C:\Program Files\dotnet\;C:\Program Files\RedHat\Podman\;C:\Program Files\nodejs\;C:\Users\U063496\AppData\Local\Microsoft\WindowsApps;C:\Users\U063496\AppData\Local\GitHubDesktop\bin;C:\Users\U063496\AppData\Local\Programs\Git\cmd;C:\Users\U063496\AppData\Roaming\npm;D:\Source\apache-maven-3.6.3\bin;;., java.vendor=Azul Systems, Inc., java.vm.info=mixed mode, sharing, java.vm.version=17.0.13+11-LTS, java.specification.maintenance.version=1, sun.io.unicode.encoding=UnicodeLittle, hibernate.archive.scanner=org.hibernate.boot.archive.scan.internal.DisabledScanner, hibernate.connection.datasource=HikariDataSource (HikariPool-1), java.class.version=61.0, LOGGED_APPLICATION_NAME=[camsbatch] }
2025-05-09T01:07:46.420+07:00 DEBUG 16688 --- [camsbatch] [           main] o.hibernate.internal.SessionFactoryImpl  : Session factory constructed with filter configurations : {}
2025-05-09T01:07:46.486+07:00 DEBUG 16688 --- [camsbatch] [           main] o.h.q.sqm.function.SqmFunctionRegistry   : Registered SqmFunctionTemplate [NamedSqmFunctionTemplate(max)] under max; prior registration was null
2025-05-09T01:07:46.487+07:00 DEBUG 16688 --- [camsbatch] [           main] o.h.q.sqm.function.SqmFunctionRegistry   : Registered SqmFunctionTemplate [NamedSqmFunctionTemplate(min)] under min; prior registration was null
2025-05-09T01:07:46.488+07:00 DEBUG 16688 --- [camsbatch] [           main] o.h.q.sqm.function.SqmFunctionRegistry   : Registered SqmFunctionTemplate [NamedSqmFunctionTemplate(sum)] under sum; prior registration was null
2025-05-09T01:07:46.489+07:00 DEBUG 16688 --- [camsbatch] [           main] o.h.q.sqm.function.SqmFunctionRegistry   : Registered SqmFunctionTemplate [NamedSqmFunctionTemplate(avg)] under avg; prior registration was null
2025-05-09T01:07:46.493+07:00 DEBUG 16688 --- [camsbatch] [           main] o.h.q.sqm.function.SqmFunctionRegistry   : Registered SqmFunctionTemplate [org.hibernate.dialect.function.CountFunction@66048ac4] under count; prior registration was null
2025-05-09T01:07:46.495+07:00 DEBUG 16688 --- [camsbatch] [           main] o.h.q.sqm.function.SqmFunctionRegistry   : Registered SqmFunctionTemplate [org.hibernate.dialect.function.EveryAnyEmulation@f44d033] under every; prior registration was null
2025-05-09T01:07:46.495+07:00 DEBUG 16688 --- [camsbatch] [           main] o.h.q.sqm.function.SqmFunctionRegistry   : Registered SqmFunctionTemplate [org.hibernate.dialect.function.EveryAnyEmulation@283bb8b7] under any; prior registration was null
2025-05-09T01:07:46.496+07:00 DEBUG 16688 --- [camsbatch] [           main] o.h.q.sqm.function.SqmFunctionRegistry   : Registered SqmFunctionTemplate [NamedSqmFunctionTemplate(floor)] under floor; prior registration was null
2025-05-09T01:07:46.496+07:00 DEBUG 16688 --- [camsbatch] [           main] o.h.q.sqm.function.SqmFunctionRegistry   : Registered SqmFunctionTemplate [NamedSqmFunctionTemplate(ceiling)] under ceiling; prior registration was null
2025-05-09T01:07:46.496+07:00 DEBUG 16688 --- [camsbatch] [           main] o.h.q.sqm.function.SqmFunctionRegistry   : Registered SqmFunctionTemplate [NamedSqmFunctionTemplate(mod)] under mod; prior registration was null
2025-05-09T01:07:46.496+07:00 DEBUG 16688 --- [camsbatch] [           main] o.h.q.sqm.function.SqmFunctionRegistry   : Registered SqmFunctionTemplate [NamedSqmFunctionTemplate(abs)] under abs; prior registration was null
2025-05-09T01:07:46.496+07:00 DEBUG 16688 --- [camsbatch] [           main] o.h.q.sqm.function.SqmFunctionRegistry   : Registered SqmFunctionTemplate [NamedSqmFunctionTemplate(sign)] under sign; prior registration was null
2025-05-09T01:07:46.496+07:00 DEBUG 16688 --- [camsbatch] [           main] o.h.q.sqm.function.SqmFunctionRegistry   : Registered SqmFunctionTemplate [NamedSqmFunctionTemplate(sqrt)] under sqrt; prior registration was null
2025-05-09T01:07:46.496+07:00 DEBUG 16688 --- [camsbatch] [           main] o.h.q.sqm.function.SqmFunctionRegistry   : Registered SqmFunctionTemplate [NamedSqmFunctionTemplate(ln)] under ln; prior registration was null
2025-05-09T01:07:46.496+07:00 DEBUG 16688 --- [camsbatch] [           main] o.h.q.sqm.function.SqmFunctionRegistry   : Registered SqmFunctionTemplate [NamedSqmFunctionTemplate(exp)] under exp; prior registration was null
2025-05-09T01:07:46.496+07:00 DEBUG 16688 --- [camsbatch] [           main] o.h.q.sqm.function.SqmFunctionRegistry   : Registered SqmFunctionTemplate [NamedSqmFunctionTemplate(power)] under power; prior registration was null
2025-05-09T01:07:46.497+07:00 DEBUG 16688 --- [camsbatch] [           main] o.h.q.sqm.function.SqmFunctionRegistry   : Registered SqmFunctionTemplate [NamedSqmFunctionTemplate(round)] under round; prior registration was null
2025-05-09T01:07:46.497+07:00 DEBUG 16688 --- [camsbatch] [           main] o.h.q.sqm.function.SqmFunctionRegistry   : Registered SqmFunctionTemplate [NamedSqmFunctionTemplate(sin)] under sin; prior registration was null
2025-05-09T01:07:46.497+07:00 DEBUG 16688 --- [camsbatch] [           main] o.h.q.sqm.function.SqmFunctionRegistry   : Registered SqmFunctionTemplate [NamedSqmFunctionTemplate(cos)] under cos; prior registration was null
2025-05-09T01:07:46.497+07:00 DEBUG 16688 --- [camsbatch] [           main] o.h.q.sqm.function.SqmFunctionRegistry   : Registered SqmFunctionTemplate [NamedSqmFunctionTemplate(tan)] under tan; prior registration was null
2025-05-09T01:07:46.497+07:00 DEBUG 16688 --- [camsbatch] [           main] o.h.q.sqm.function.SqmFunctionRegistry   : Registered SqmFunctionTemplate [NamedSqmFunctionTemplate(asin)] under asin; prior registration was null
2025-05-09T01:07:46.497+07:00 DEBUG 16688 --- [camsbatch] [           main] o.h.q.sqm.function.SqmFunctionRegistry   : Registered SqmFunctionTemplate [NamedSqmFunctionTemplate(acos)] under acos; prior registration was null
2025-05-09T01:07:46.497+07:00 DEBUG 16688 --- [camsbatch] [           main] o.h.q.sqm.function.SqmFunctionRegistry   : Registered SqmFunctionTemplate [NamedSqmFunctionTemplate(atan)] under atan; prior registration was null
2025-05-09T01:07:46.497+07:00 DEBUG 16688 --- [camsbatch] [           main] o.h.q.sqm.function.SqmFunctionRegistry   : Registered SqmFunctionTemplate [NamedSqmFunctionTemplate(atan2)] under atan2; prior registration was null
2025-05-09T01:07:46.501+07:00 DEBUG 16688 --- [camsbatch] [           main] o.h.q.sqm.function.SqmFunctionRegistry   : Registered SqmFunctionTemplate [org.hibernate.query.sqm.function.PatternBasedSqmFunctionDescriptor@5dd23809] under sinh; prior registration was null
2025-05-09T01:07:46.501+07:00 DEBUG 16688 --- [camsbatch] [           main] o.h.q.sqm.function.SqmFunctionRegistry   : Registered SqmFunctionTemplate [org.hibernate.query.sqm.function.PatternBasedSqmFunctionDescriptor@664f49f] under cosh; prior registration was null
2025-05-09T01:07:46.501+07:00 DEBUG 16688 --- [camsbatch] [           main] o.h.q.sqm.function.SqmFunctionRegistry   : Registered SqmFunctionTemplate [org.hibernate.query.sqm.function.PatternBasedSqmFunctionDescriptor@60ab895f] under tanh; prior registration was null
2025-05-09T01:07:46.502+07:00 DEBUG 16688 --- [camsbatch] [           main] o.h.q.sqm.function.SqmFunctionRegistry   : Registered SqmFunctionTemplate [org.hibernate.query.sqm.function.PatternBasedSqmFunctionDescriptor@295f2d1b] under pi; prior registration was null
2025-05-09T01:07:46.502+07:00 DEBUG 16688 --- [camsbatch] [           main] o.h.q.sqm.function.SqmFunctionRegistry   : Registered SqmFunctionTemplate [org.hibernate.query.sqm.function.PatternBasedSqmFunctionDescriptor@65015a49] under log; prior registration was null
2025-05-09T01:07:46.502+07:00 DEBUG 16688 --- [camsbatch] [           main] o.h.q.sqm.function.SqmFunctionRegistry   : Registered SqmFunctionTemplate [NamedSqmFunctionTemplate(coalesce)] under coalesce; prior registration was null
2025-05-09T01:07:46.502+07:00 DEBUG 16688 --- [camsbatch] [           main] o.h.q.sqm.function.SqmFunctionRegistry   : Registered SqmFunctionTemplate [NamedSqmFunctionTemplate(nullif)] under nullif; prior registration was null
2025-05-09T01:07:46.502+07:00 DEBUG 16688 --- [camsbatch] [           main] o.h.q.sqm.function.SqmFunctionRegistry   : Registered SqmFunctionTemplate [NamedSqmFunctionTemplate(left)] under left; prior registration was null
2025-05-09T01:07:46.502+07:00 DEBUG 16688 --- [camsbatch] [           main] o.h.q.sqm.function.SqmFunctionRegistry   : Registered SqmFunctionTemplate [NamedSqmFunctionTemplate(right)] under right; prior registration was null
2025-05-09T01:07:46.502+07:00 DEBUG 16688 --- [camsbatch] [           main] o.h.q.sqm.function.SqmFunctionRegistry   : Registered SqmFunctionTemplate [NamedSqmFunctionTemplate(replace)] under replace; prior registration was null
2025-05-09T01:07:46.503+07:00 DEBUG 16688 --- [camsbatch] [           main] o.h.q.sqm.function.SqmFunctionRegistry   : Registered SqmFunctionTemplate [NamedSqmFunctionTemplate(concat)] under concat; prior registration was null
2025-05-09T01:07:46.503+07:00 DEBUG 16688 --- [camsbatch] [           main] o.h.q.sqm.function.SqmFunctionRegistry   : Registered SqmFunctionTemplate [NamedSqmFunctionTemplate(lower)] under lower; prior registration was null
2025-05-09T01:07:46.503+07:00 DEBUG 16688 --- [camsbatch] [           main] o.h.q.sqm.function.SqmFunctionRegistry   : Registered SqmFunctionTemplate [NamedSqmFunctionTemplate(upper)] under upper; prior registration was null
2025-05-09T01:07:46.503+07:00 DEBUG 16688 --- [camsbatch] [           main] o.h.q.sqm.function.SqmFunctionRegistry   : Registered SqmFunctionTemplate [NamedSqmFunctionTemplate(substring)] under substring; prior registration was null
2025-05-09T01:07:46.503+07:00 DEBUG 16688 --- [camsbatch] [           main] o.h.q.sqm.function.SqmFunctionRegistry   : Registered SqmFunctionTemplate [NamedSqmFunctionTemplate(locate)] under locate; prior registration was null
2025-05-09T01:07:46.503+07:00 DEBUG 16688 --- [camsbatch] [           main] o.h.q.sqm.function.SqmFunctionRegistry   : Registered SqmFunctionTemplate [NamedSqmFunctionTemplate(character_length)] under character_length; prior registration was null
2025-05-09T01:07:46.503+07:00 DEBUG 16688 --- [camsbatch] [           main] o.h.q.sqm.function.SqmFunctionRegistry   : Registering alternate key : length -> character_length
2025-05-09T01:07:46.504+07:00 DEBUG 16688 --- [camsbatch] [           main] o.h.q.sqm.function.SqmFunctionRegistry   : Registered SqmFunctionTemplate [org.hibernate.dialect.function.LocatePositionEmulation@51869ad6] under position; prior registration was null
2025-05-09T01:07:46.506+07:00 DEBUG 16688 --- [camsbatch] [           main] o.h.q.sqm.function.SqmFunctionRegistry   : Registered SqmFunctionTemplate [org.hibernate.dialect.function.InsertSubstringOverlayEmulation@71668a67] under overlay; prior registration was null
2025-05-09T01:07:46.507+07:00 DEBUG 16688 --- [camsbatch] [           main] o.h.q.sqm.function.SqmFunctionRegistry   : Registered SqmFunctionTemplate [org.hibernate.dialect.function.TrimFunction@2047adea] under trim; prior registration was null
2025-05-09T01:07:46.509+07:00 DEBUG 16688 --- [camsbatch] [           main] o.h.q.sqm.function.SqmFunctionRegistry   : Registered SqmFunctionTemplate [org.hibernate.dialect.function.CastFunction@61d011e] under cast; prior registration was null
2025-05-09T01:07:46.509+07:00 DEBUG 16688 --- [camsbatch] [           main] o.h.q.sqm.function.SqmFunctionRegistry   : Registered SqmFunctionTemplate [org.hibernate.query.sqm.function.PatternBasedSqmFunctionDescriptor@3b56947a] under collate; prior registration was null
2025-05-09T01:07:46.510+07:00 DEBUG 16688 --- [camsbatch] [           main] o.h.q.sqm.function.SqmFunctionRegistry   : Registered SqmFunctionTemplate [org.hibernate.dialect.function.ExtractFunction@3f80d8c] under extract; prior registration was null
2025-05-09T01:07:46.510+07:00 DEBUG 16688 --- [camsbatch] [           main] o.h.q.sqm.function.SqmFunctionRegistry   : Registered SqmFunctionTemplate [NamedSqmFunctionTemplate(least)] under least; prior registration was null
2025-05-09T01:07:46.511+07:00 DEBUG 16688 --- [camsbatch] [           main] o.h.q.sqm.function.SqmFunctionRegistry   : Registered SqmFunctionTemplate [NamedSqmFunctionTemplate(greatest)] under greatest; prior registration was null
2025-05-09T01:07:46.511+07:00 DEBUG 16688 --- [camsbatch] [           main] o.h.q.sqm.function.SqmFunctionRegistry   : Registered SqmFunctionTemplate [org.hibernate.dialect.function.CoalesceIfnullEmulation@5fe3b058] under ifnull; prior registration was null
2025-05-09T01:07:46.511+07:00 DEBUG 16688 --- [camsbatch] [           main] o.h.q.sqm.function.SqmFunctionRegistry   : Registered SqmFunctionTemplate [NamedSqmFunctionTemplate(lpad)] under lpad; prior registration was null
2025-05-09T01:07:46.511+07:00 DEBUG 16688 --- [camsbatch] [           main] o.h.q.sqm.function.SqmFunctionRegistry   : Registered SqmFunctionTemplate [NamedSqmFunctionTemplate(rpad)] under rpad; prior registration was null
2025-05-09T01:07:46.512+07:00 DEBUG 16688 --- [camsbatch] [           main] o.h.q.sqm.function.SqmFunctionRegistry   : Registered SqmFunctionTemplate [org.hibernate.dialect.function.LpadRpadPadEmulation@638d2ce3] under pad; prior registration was null
2025-05-09T01:07:46.512+07:00 DEBUG 16688 --- [camsbatch] [           main] o.h.q.sqm.function.SqmFunctionRegistry   : Registered SqmFunctionTemplate [org.hibernate.dialect.function.CastStrEmulation@131d977f] under str; prior registration was null
2025-05-09T01:07:46.514+07:00 DEBUG 16688 --- [camsbatch] [           main] o.h.q.sqm.function.SqmFunctionRegistry   : Registered SqmFunctionTemplate [org.hibernate.dialect.function.FormatFunction@b56c222] under format; prior registration was null
2025-05-09T01:07:46.515+07:00 DEBUG 16688 --- [camsbatch] [           main] o.h.q.sqm.function.SqmFunctionRegistry   : Registered SqmFunctionTemplate [org.hibernate.dialect.function.TimestampaddFunction@41bd6a0f] under timestampadd; prior registration was null
2025-05-09T01:07:46.516+07:00 DEBUG 16688 --- [camsbatch] [           main] o.h.q.sqm.function.SqmFunctionRegistry   : Registered SqmFunctionTemplate [org.hibernate.dialect.function.TimestampdiffFunction@2cc61b3b] under timestampdiff; prior registration was null
2025-05-09T01:07:46.516+07:00 DEBUG 16688 --- [camsbatch] [           main] o.h.q.sqm.function.SqmFunctionRegistry   : Registering alternate key : dateadd -> timestampadd
2025-05-09T01:07:46.516+07:00 DEBUG 16688 --- [camsbatch] [           main] o.h.q.sqm.function.SqmFunctionRegistry   : Registering alternate key : datediff -> timestampdiff
2025-05-09T01:07:46.517+07:00 DEBUG 16688 --- [camsbatch] [           main] o.h.q.sqm.function.SqmFunctionRegistry   : Registered SqmFunctionTemplate [org.hibernate.dialect.function.CurrentFunction@733fa95c] under current_date; prior registration was null
2025-05-09T01:07:46.517+07:00 DEBUG 16688 --- [camsbatch] [           main] o.h.q.sqm.function.SqmFunctionRegistry   : Registered SqmFunctionTemplate [org.hibernate.dialect.function.CurrentFunction@3b2c8bda] under current_time; prior registration was null
2025-05-09T01:07:46.517+07:00 DEBUG 16688 --- [camsbatch] [           main] o.h.q.sqm.function.SqmFunctionRegistry   : Registered SqmFunctionTemplate [org.hibernate.dialect.function.CurrentFunction@688d619c] under current_timestamp; prior registration was null
2025-05-09T01:07:46.517+07:00 DEBUG 16688 --- [camsbatch] [           main] o.h.q.sqm.function.SqmFunctionRegistry   : Registering alternate key : current date -> current_date
2025-05-09T01:07:46.517+07:00 DEBUG 16688 --- [camsbatch] [           main] o.h.q.sqm.function.SqmFunctionRegistry   : Registering alternate key : current time -> current_time
2025-05-09T01:07:46.517+07:00 DEBUG 16688 --- [camsbatch] [           main] o.h.q.sqm.function.SqmFunctionRegistry   : Registering alternate key : current timestamp -> current_timestamp
2025-05-09T01:07:46.517+07:00 DEBUG 16688 --- [camsbatch] [           main] o.h.q.sqm.function.SqmFunctionRegistry   : Registered SqmFunctionTemplate [org.hibernate.dialect.function.CurrentFunction@647ff23e] under local_date; prior registration was null
2025-05-09T01:07:46.517+07:00 DEBUG 16688 --- [camsbatch] [           main] o.h.q.sqm.function.SqmFunctionRegistry   : Registered SqmFunctionTemplate [org.hibernate.dialect.function.CurrentFunction@6a04d2a4] under local_time; prior registration was null
2025-05-09T01:07:46.517+07:00 DEBUG 16688 --- [camsbatch] [           main] o.h.q.sqm.function.SqmFunctionRegistry   : Registered SqmFunctionTemplate [org.hibernate.dialect.function.CurrentFunction@35a9e665] under local_datetime; prior registration was null
2025-05-09T01:07:46.517+07:00 DEBUG 16688 --- [camsbatch] [           main] o.h.q.sqm.function.SqmFunctionRegistry   : Registered SqmFunctionTemplate [org.hibernate.dialect.function.CurrentFunction@362be0cd] under offset_datetime; prior registration was null
2025-05-09T01:07:46.517+07:00 DEBUG 16688 --- [camsbatch] [           main] o.h.q.sqm.function.SqmFunctionRegistry   : Registering alternate key : local date -> local_date
2025-05-09T01:07:46.517+07:00 DEBUG 16688 --- [camsbatch] [           main] o.h.q.sqm.function.SqmFunctionRegistry   : Registering alternate key : local time -> local_time
2025-05-09T01:07:46.517+07:00 DEBUG 16688 --- [camsbatch] [           main] o.h.q.sqm.function.SqmFunctionRegistry   : Registering alternate key : local datetime -> local_datetime
2025-05-09T01:07:46.517+07:00 DEBUG 16688 --- [camsbatch] [           main] o.h.q.sqm.function.SqmFunctionRegistry   : Registering alternate key : offset datetime -> offset_datetime
2025-05-09T01:07:46.517+07:00 DEBUG 16688 --- [camsbatch] [           main] o.h.q.sqm.function.SqmFunctionRegistry   : Registered SqmFunctionTemplate [org.hibernate.dialect.function.CurrentFunction@2dde0a34] under instant; prior registration was null
2025-05-09T01:07:46.517+07:00 DEBUG 16688 --- [camsbatch] [           main] o.h.q.sqm.function.SqmFunctionRegistry   : Registering alternate key : current_instant -> instant
2025-05-09T01:07:46.518+07:00 DEBUG 16688 --- [camsbatch] [           main] o.h.q.sqm.function.SqmFunctionRegistry   : Registered SqmFunctionTemplate [org.hibernate.dialect.function.SqlFunction@2f75a9b1] under sql; prior registration was null
2025-05-09T01:07:46.518+07:00 DEBUG 16688 --- [camsbatch] [           main] o.h.q.sqm.function.SqmFunctionRegistry   : Registered SqmFunctionTemplate [NamedSqmFunctionTemplate(cot)] under cot; prior registration was null
2025-05-09T01:07:46.518+07:00 DEBUG 16688 --- [camsbatch] [           main] o.h.q.sqm.function.SqmFunctionRegistry   : Registered SqmFunctionTemplate [NamedSqmFunctionTemplate(radians)] under radians; prior registration was null
2025-05-09T01:07:46.518+07:00 DEBUG 16688 --- [camsbatch] [           main] o.h.q.sqm.function.SqmFunctionRegistry   : Registered SqmFunctionTemplate [NamedSqmFunctionTemplate(degrees)] under degrees; prior registration was null
2025-05-09T01:07:46.518+07:00 DEBUG 16688 --- [camsbatch] [           main] o.h.q.sqm.function.SqmFunctionRegistry   : Registered SqmFunctionTemplate [NamedSqmFunctionTemplate(log)] under log; prior registration was org.hibernate.query.sqm.function.PatternBasedSqmFunctionDescriptor@65015a49
2025-05-09T01:07:46.518+07:00 DEBUG 16688 --- [camsbatch] [           main] o.h.q.sqm.function.SqmFunctionRegistry   : Registered SqmFunctionTemplate [org.hibernate.query.sqm.function.PatternBasedSqmFunctionDescriptor@556aed22] under mod; prior registration was NamedSqmFunctionTemplate(mod)
2025-05-09T01:07:46.518+07:00 DEBUG 16688 --- [camsbatch] [           main] o.h.q.sqm.function.SqmFunctionRegistry   : Registered SqmFunctionTemplate [NamedSqmFunctionTemplate(log10)] under log10; prior registration was null
2025-05-09T01:07:46.518+07:00 DEBUG 16688 --- [camsbatch] [           main] o.h.q.sqm.function.SqmFunctionRegistry   : Registered SqmFunctionTemplate [NamedSqmFunctionTemplate(tanh)] under tanh; prior registration was org.hibernate.query.sqm.function.PatternBasedSqmFunctionDescriptor@60ab895f
2025-05-09T01:07:46.518+07:00 DEBUG 16688 --- [camsbatch] [           main] o.h.q.sqm.function.SqmFunctionRegistry   : Registered SqmFunctionTemplate [NamedSqmFunctionTemplate(sinh)] under sinh; prior registration was org.hibernate.query.sqm.function.PatternBasedSqmFunctionDescriptor@5dd23809
2025-05-09T01:07:46.518+07:00 DEBUG 16688 --- [camsbatch] [           main] o.h.q.sqm.function.SqmFunctionRegistry   : Registered SqmFunctionTemplate [NamedSqmFunctionTemplate(cosh)] under cosh; prior registration was org.hibernate.query.sqm.function.PatternBasedSqmFunctionDescriptor@664f49f
2025-05-09T01:07:46.521+07:00 DEBUG 16688 --- [camsbatch] [           main] o.h.q.sqm.function.SqmFunctionRegistry   : Registered SqmFunctionTemplate [NamedSqmFunctionTemplate(acosh)] under acosh; prior registration was null
2025-05-09T01:07:46.521+07:00 DEBUG 16688 --- [camsbatch] [           main] o.h.q.sqm.function.SqmFunctionRegistry   : Registered SqmFunctionTemplate [NamedSqmFunctionTemplate(asinh)] under asinh; prior registration was null
2025-05-09T01:07:46.521+07:00 DEBUG 16688 --- [camsbatch] [           main] o.h.q.sqm.function.SqmFunctionRegistry   : Registered SqmFunctionTemplate [NamedSqmFunctionTemplate(atanh)] under atanh; prior registration was null
2025-05-09T01:07:46.521+07:00 DEBUG 16688 --- [camsbatch] [           main] o.h.q.sqm.function.SqmFunctionRegistry   : Registered SqmFunctionTemplate [NamedSqmFunctionTemplate(cbrt)] under cbrt; prior registration was null
2025-05-09T01:07:46.521+07:00 DEBUG 16688 --- [camsbatch] [           main] o.h.q.sqm.function.SqmFunctionRegistry   : Registered SqmFunctionTemplate [NamedSqmFunctionTemplate(pi)] under pi; prior registration was org.hibernate.query.sqm.function.PatternBasedSqmFunctionDescriptor@295f2d1b
2025-05-09T01:07:46.521+07:00 DEBUG 16688 --- [camsbatch] [           main] o.h.q.sqm.function.SqmFunctionRegistry   : Registered SqmFunctionTemplate [NamedSqmFunctionTemplate(ltrim)] under ltrim; prior registration was null
2025-05-09T01:07:46.521+07:00 DEBUG 16688 --- [camsbatch] [           main] o.h.q.sqm.function.SqmFunctionRegistry   : Registered SqmFunctionTemplate [NamedSqmFunctionTemplate(rtrim)] under rtrim; prior registration was null
2025-05-09T01:07:46.521+07:00 DEBUG 16688 --- [camsbatch] [           main] o.h.q.sqm.function.SqmFunctionRegistry   : Registered SqmFunctionTemplate [NamedSqmFunctionTemplate(repeat)] under repeat; prior registration was null
2025-05-09T01:07:46.521+07:00 DEBUG 16688 --- [camsbatch] [           main] o.h.q.sqm.function.SqmFunctionRegistry   : Registered SqmFunctionTemplate [NamedSqmFunctionTemplate(md5)] under md5; prior registration was null
2025-05-09T01:07:46.522+07:00 DEBUG 16688 --- [camsbatch] [           main] o.h.q.sqm.function.SqmFunctionRegistry   : Registered SqmFunctionTemplate [NamedSqmFunctionTemplate(initcap)] under initcap; prior registration was null
2025-05-09T01:07:46.522+07:00 DEBUG 16688 --- [camsbatch] [           main] o.h.q.sqm.function.SqmFunctionRegistry   : Registered SqmFunctionTemplate [NamedSqmFunctionTemplate(substr)] under substr; prior registration was null
2025-05-09T01:07:46.522+07:00 DEBUG 16688 --- [camsbatch] [           main] o.h.q.sqm.function.SqmFunctionRegistry   : Registered SqmFunctionTemplate [NamedSqmFunctionTemplate(substr)] under substring; prior registration was NamedSqmFunctionTemplate(substring)
2025-05-09T01:07:46.522+07:00 DEBUG 16688 --- [camsbatch] [           main] o.h.q.sqm.function.SqmFunctionRegistry   : Registered SqmFunctionTemplate [NamedSqmFunctionTemplate(translate)] under translate; prior registration was null
2025-05-09T01:07:46.522+07:00 DEBUG 16688 --- [camsbatch] [           main] o.h.q.sqm.function.SqmFunctionRegistry   : Registered SqmFunctionTemplate [NamedSqmFunctionTemplate(to_number)] under to_number; prior registration was null
2025-05-09T01:07:46.522+07:00 DEBUG 16688 --- [camsbatch] [           main] o.h.q.sqm.function.SqmFunctionRegistry   : Registered SqmFunctionTemplate [NamedSqmFunctionTemplate(to_char)] under to_char; prior registration was null
2025-05-09T01:07:46.522+07:00 DEBUG 16688 --- [camsbatch] [           main] o.h.q.sqm.function.SqmFunctionRegistry   : Registered SqmFunctionTemplate [NamedSqmFunctionTemplate(to_date)] under to_date; prior registration was null
2025-05-09T01:07:46.522+07:00 DEBUG 16688 --- [camsbatch] [           main] o.h.q.sqm.function.SqmFunctionRegistry   : Registered SqmFunctionTemplate [NamedSqmFunctionTemplate(to_timestamp)] under to_timestamp; prior registration was null
2025-05-09T01:07:46.523+07:00 DEBUG 16688 --- [camsbatch] [           main] o.h.q.sqm.function.SqmFunctionRegistry   : Registered SqmFunctionTemplate [org.hibernate.dialect.function.ConcatPipeFunction@19e801b5] under concat; prior registration was NamedSqmFunctionTemplate(concat)
2025-05-09T01:07:46.525+07:00 DEBUG 16688 --- [camsbatch] [           main] o.h.q.sqm.function.SqmFunctionRegistry   : Registered SqmFunctionTemplate [NamedSqmFunctionTemplate(localtime)] under localtime; prior registration was null
2025-05-09T01:07:46.525+07:00 DEBUG 16688 --- [camsbatch] [           main] o.h.q.sqm.function.SqmFunctionRegistry   : Registered SqmFunctionTemplate [NamedSqmFunctionTemplate(localtimestamp)] under localtimestamp; prior registration was null
2025-05-09T01:07:46.525+07:00 DEBUG 16688 --- [camsbatch] [           main] o.h.q.sqm.function.SqmFunctionRegistry   : Registered SqmFunctionTemplate [NamedSqmFunctionTemplate(localtime)] under local_time; prior registration was org.hibernate.dialect.function.CurrentFunction@6a04d2a4
2025-05-09T01:07:46.525+07:00 DEBUG 16688 --- [camsbatch] [           main] o.h.q.sqm.function.SqmFunctionRegistry   : Registered SqmFunctionTemplate [NamedSqmFunctionTemplate(localtimestamp)] under local_datetime; prior registration was org.hibernate.dialect.function.CurrentFunction@35a9e665
2025-05-09T01:07:46.526+07:00 DEBUG 16688 --- [camsbatch] [           main] o.h.q.sqm.function.SqmFunctionRegistry   : Registered SqmFunctionTemplate [org.hibernate.dialect.function.LengthFunction@9cc0505] under character_length; prior registration was NamedSqmFunctionTemplate(character_length)
2025-05-09T01:07:46.526+07:00 DEBUG 16688 --- [camsbatch] [           main] o.h.q.sqm.function.SqmFunctionRegistry   : Registering alternate key : length -> character_length
2025-05-09T01:07:46.527+07:00 DEBUG 16688 --- [camsbatch] [           main] o.h.q.sqm.function.SqmFunctionRegistry   : Registered SqmFunctionTemplate [org.hibernate.dialect.function.LengthFunction@645d4639] under bit_length; prior registration was null
2025-05-09T01:07:46.527+07:00 DEBUG 16688 --- [camsbatch] [           main] o.h.q.sqm.function.SqmFunctionRegistry   : Registered SqmFunctionTemplate [org.hibernate.dialect.function.LengthFunction@8ee03f5] under octet_length; prior registration was null
2025-05-09T01:07:46.527+07:00 DEBUG 16688 --- [camsbatch] [           main] o.h.q.sqm.function.SqmFunctionRegistry   : Registered SqmFunctionTemplate [NamedSqmFunctionTemplate(ascii)] under ascii; prior registration was null
2025-05-09T01:07:46.527+07:00 DEBUG 16688 --- [camsbatch] [           main] o.h.q.sqm.function.SqmFunctionRegistry   : Registered SqmFunctionTemplate [NamedSqmFunctionTemplate(chr)] under chr; prior registration was null
2025-05-09T01:07:46.527+07:00 DEBUG 16688 --- [camsbatch] [           main] o.h.q.sqm.function.SqmFunctionRegistry   : Registering alternate key : char -> chr
2025-05-09T01:07:46.527+07:00 DEBUG 16688 --- [camsbatch] [           main] o.h.q.sqm.function.SqmFunctionRegistry   : Registered SqmFunctionTemplate [org.hibernate.query.sqm.function.PatternBasedSqmFunctionDescriptor@5ad40184] under position; prior registration was org.hibernate.dialect.function.LocatePositionEmulation@51869ad6
2025-05-09T01:07:46.528+07:00 DEBUG 16688 --- [camsbatch] [           main] o.h.q.sqm.function.SqmFunctionRegistry   : Registered SqmFunctionTemplate [org.hibernate.query.sqm.function.PatternBasedSqmFunctionDescriptor@3359c3f6] under bitand; prior registration was null
2025-05-09T01:07:46.528+07:00 DEBUG 16688 --- [camsbatch] [           main] o.h.q.sqm.function.SqmFunctionRegistry   : Registered SqmFunctionTemplate [org.hibernate.query.sqm.function.PatternBasedSqmFunctionDescriptor@3d3b272a] under bitor; prior registration was null
2025-05-09T01:07:46.528+07:00 DEBUG 16688 --- [camsbatch] [           main] o.h.q.sqm.function.SqmFunctionRegistry   : Registered SqmFunctionTemplate [org.hibernate.query.sqm.function.PatternBasedSqmFunctionDescriptor@45b27ad3] under bitxor; prior registration was null
2025-05-09T01:07:46.528+07:00 DEBUG 16688 --- [camsbatch] [           main] o.h.q.sqm.function.SqmFunctionRegistry   : Registered SqmFunctionTemplate [org.hibernate.query.sqm.function.PatternBasedSqmFunctionDescriptor@3f908bc0] under bitnot; prior registration was null
2025-05-09T01:07:46.528+07:00 DEBUG 16688 --- [camsbatch] [           main] o.h.q.sqm.function.SqmFunctionRegistry   : Registered SqmFunctionTemplate [NamedSqmFunctionTemplate(bit_and)] under bit_and; prior registration was null
2025-05-09T01:07:46.528+07:00 DEBUG 16688 --- [camsbatch] [           main] o.h.q.sqm.function.SqmFunctionRegistry   : Registered SqmFunctionTemplate [NamedSqmFunctionTemplate(bit_or)] under bit_or; prior registration was null
2025-05-09T01:07:46.528+07:00 DEBUG 16688 --- [camsbatch] [           main] o.h.q.sqm.function.SqmFunctionRegistry   : Registered SqmFunctionTemplate [NamedSqmFunctionTemplate(bool_and)] under bool_and; prior registration was null
2025-05-09T01:07:46.528+07:00 DEBUG 16688 --- [camsbatch] [           main] o.h.q.sqm.function.SqmFunctionRegistry   : Registering alternate key : every -> bool_and
2025-05-09T01:07:46.528+07:00 DEBUG 16688 --- [camsbatch] [           main] o.h.q.sqm.function.SqmFunctionRegistry   : Registered SqmFunctionTemplate [NamedSqmFunctionTemplate(bool_or)] under bool_or; prior registration was null
2025-05-09T01:07:46.528+07:00 DEBUG 16688 --- [camsbatch] [           main] o.h.q.sqm.function.SqmFunctionRegistry   : Registering alternate key : any -> bool_or
2025-05-09T01:07:46.528+07:00 DEBUG 16688 --- [camsbatch] [           main] o.h.q.sqm.function.SqmFunctionRegistry   : Registered SqmFunctionTemplate [org.hibernate.query.sqm.function.PatternBasedSqmFunctionDescriptor@422ba9b7] under median; prior registration was null
2025-05-09T01:07:46.528+07:00 DEBUG 16688 --- [camsbatch] [           main] o.h.q.sqm.function.SqmFunctionRegistry   : Registered SqmFunctionTemplate [NamedSqmFunctionTemplate(stddev)] under stddev; prior registration was null
2025-05-09T01:07:46.528+07:00 DEBUG 16688 --- [camsbatch] [           main] o.h.q.sqm.function.SqmFunctionRegistry   : Registered SqmFunctionTemplate [NamedSqmFunctionTemplate(stddev_pop)] under stddev_pop; prior registration was null
2025-05-09T01:07:46.529+07:00 DEBUG 16688 --- [camsbatch] [           main] o.h.q.sqm.function.SqmFunctionRegistry   : Registered SqmFunctionTemplate [NamedSqmFunctionTemplate(stddev_samp)] under stddev_samp; prior registration was null
2025-05-09T01:07:46.529+07:00 DEBUG 16688 --- [camsbatch] [           main] o.h.q.sqm.function.SqmFunctionRegistry   : Registered SqmFunctionTemplate [NamedSqmFunctionTemplate(variance)] under variance; prior registration was null
2025-05-09T01:07:46.529+07:00 DEBUG 16688 --- [camsbatch] [           main] o.h.q.sqm.function.SqmFunctionRegistry   : Registered SqmFunctionTemplate [NamedSqmFunctionTemplate(var_pop)] under var_pop; prior registration was null
2025-05-09T01:07:46.529+07:00 DEBUG 16688 --- [camsbatch] [           main] o.h.q.sqm.function.SqmFunctionRegistry   : Registered SqmFunctionTemplate [NamedSqmFunctionTemplate(var_samp)] under var_samp; prior registration was null
2025-05-09T01:07:46.529+07:00 DEBUG 16688 --- [camsbatch] [           main] o.h.q.sqm.function.SqmFunctionRegistry   : Registered SqmFunctionTemplate [NamedSqmFunctionTemplate(covar_pop)] under covar_pop; prior registration was null
2025-05-09T01:07:46.529+07:00 DEBUG 16688 --- [camsbatch] [           main] o.h.q.sqm.function.SqmFunctionRegistry   : Registered SqmFunctionTemplate [NamedSqmFunctionTemplate(covar_samp)] under covar_samp; prior registration was null
2025-05-09T01:07:46.529+07:00 DEBUG 16688 --- [camsbatch] [           main] o.h.q.sqm.function.SqmFunctionRegistry   : Registered SqmFunctionTemplate [NamedSqmFunctionTemplate(corr)] under corr; prior registration was null
2025-05-09T01:07:46.529+07:00 DEBUG 16688 --- [camsbatch] [           main] o.h.q.sqm.function.SqmFunctionRegistry   : Registered SqmFunctionTemplate [NamedSqmFunctionTemplate(regr_avgx)] under regr_avgx; prior registration was null
2025-05-09T01:07:46.529+07:00 DEBUG 16688 --- [camsbatch] [           main] o.h.q.sqm.function.SqmFunctionRegistry   : Registered SqmFunctionTemplate [NamedSqmFunctionTemplate(regr_avgy)] under regr_avgy; prior registration was null
2025-05-09T01:07:46.530+07:00 DEBUG 16688 --- [camsbatch] [           main] o.h.q.sqm.function.SqmFunctionRegistry   : Registered SqmFunctionTemplate [NamedSqmFunctionTemplate(regr_count)] under regr_count; prior registration was null
2025-05-09T01:07:46.530+07:00 DEBUG 16688 --- [camsbatch] [           main] o.h.q.sqm.function.SqmFunctionRegistry   : Registered SqmFunctionTemplate [NamedSqmFunctionTemplate(regr_intercept)] under regr_intercept; prior registration was null
2025-05-09T01:07:46.530+07:00 DEBUG 16688 --- [camsbatch] [           main] o.h.q.sqm.function.SqmFunctionRegistry   : Registered SqmFunctionTemplate [NamedSqmFunctionTemplate(regr_r2)] under regr_r2; prior registration was null
2025-05-09T01:07:46.530+07:00 DEBUG 16688 --- [camsbatch] [           main] o.h.q.sqm.function.SqmFunctionRegistry   : Registered SqmFunctionTemplate [NamedSqmFunctionTemplate(regr_slope)] under regr_slope; prior registration was null
2025-05-09T01:07:46.530+07:00 DEBUG 16688 --- [camsbatch] [           main] o.h.q.sqm.function.SqmFunctionRegistry   : Registered SqmFunctionTemplate [NamedSqmFunctionTemplate(regr_sxx)] under regr_sxx; prior registration was null
2025-05-09T01:07:46.530+07:00 DEBUG 16688 --- [camsbatch] [           main] o.h.q.sqm.function.SqmFunctionRegistry   : Registered SqmFunctionTemplate [NamedSqmFunctionTemplate(regr_sxy)] under regr_sxy; prior registration was null
2025-05-09T01:07:46.530+07:00 DEBUG 16688 --- [camsbatch] [           main] o.h.q.sqm.function.SqmFunctionRegistry   : Registered SqmFunctionTemplate [NamedSqmFunctionTemplate(regr_syy)] under regr_syy; prior registration was null
2025-05-09T01:07:46.530+07:00 DEBUG 16688 --- [camsbatch] [           main] o.h.q.sqm.function.SqmFunctionRegistry   : Registered SqmFunctionTemplate [org.hibernate.query.sqm.function.PatternBasedSqmFunctionDescriptor@707f4647] under insert; prior registration was null
2025-05-09T01:07:46.531+07:00 DEBUG 16688 --- [camsbatch] [           main] o.h.q.sqm.function.SqmFunctionRegistry   : Registered SqmFunctionTemplate [org.hibernate.query.sqm.function.MultipatternSqmFunctionDescriptor@16949dfa] under overlay; prior registration was org.hibernate.dialect.function.InsertSubstringOverlayEmulation@71668a67
2025-05-09T01:07:46.531+07:00 DEBUG 16688 --- [camsbatch] [           main] o.h.q.sqm.function.SqmFunctionRegistry   : Registered SqmFunctionTemplate [NamedSqmFunctionTemplate(soundex)] under soundex; prior registration was null
2025-05-09T01:07:46.531+07:00 DEBUG 16688 --- [camsbatch] [           main] o.h.q.sqm.function.SqmFunctionRegistry   : Registered SqmFunctionTemplate [org.hibernate.query.sqm.function.MultipatternSqmFunctionDescriptor@d6d683e] under locate; prior registration was NamedSqmFunctionTemplate(locate)
2025-05-09T01:07:46.531+07:00 DEBUG 16688 --- [camsbatch] [           main] o.h.q.sqm.function.SqmFunctionRegistry   : Registered SqmFunctionTemplate [NamedSqmFunctionTemplate(row_number)] under row_number; prior registration was null
2025-05-09T01:07:46.532+07:00 DEBUG 16688 --- [camsbatch] [           main] o.h.q.sqm.function.SqmFunctionRegistry   : Registered SqmFunctionTemplate [NamedSqmFunctionTemplate(lag)] under lag; prior registration was null
2025-05-09T01:07:46.532+07:00 DEBUG 16688 --- [camsbatch] [           main] o.h.q.sqm.function.SqmFunctionRegistry   : Registered SqmFunctionTemplate [NamedSqmFunctionTemplate(lead)] under lead; prior registration was null
2025-05-09T01:07:46.532+07:00 DEBUG 16688 --- [camsbatch] [           main] o.h.q.sqm.function.SqmFunctionRegistry   : Registered SqmFunctionTemplate [NamedSqmFunctionTemplate(first_value)] under first_value; prior registration was null
2025-05-09T01:07:46.532+07:00 DEBUG 16688 --- [camsbatch] [           main] o.h.q.sqm.function.SqmFunctionRegistry   : Registered SqmFunctionTemplate [NamedSqmFunctionTemplate(last_value)] under last_value; prior registration was null
2025-05-09T01:07:46.532+07:00 DEBUG 16688 --- [camsbatch] [           main] o.h.q.sqm.function.SqmFunctionRegistry   : Registered SqmFunctionTemplate [NamedSqmFunctionTemplate(nth_value)] under nth_value; prior registration was null
2025-05-09T01:07:46.533+07:00 DEBUG 16688 --- [camsbatch] [           main] o.h.q.sqm.function.SqmFunctionRegistry   : Registered SqmFunctionTemplate [org.hibernate.dialect.function.ListaggStringAggEmulation@507f47f9] under listagg; prior registration was null
2025-05-09T01:07:46.534+07:00 DEBUG 16688 --- [camsbatch] [           main] o.h.q.sqm.function.SqmFunctionRegistry   : Registered SqmFunctionTemplate [org.hibernate.dialect.function.array.PostgreSQLArrayConstructorFunction@7598d675] under array; prior registration was null
2025-05-09T01:07:46.535+07:00 DEBUG 16688 --- [camsbatch] [           main] o.h.q.sqm.function.SqmFunctionRegistry   : Registered SqmFunctionTemplate [org.hibernate.dialect.function.array.PostgreSQLArrayConstructorFunction@4946485c] under array_list; prior registration was null
2025-05-09T01:07:46.535+07:00 DEBUG 16688 --- [camsbatch] [           main] o.h.q.sqm.function.SqmFunctionRegistry   : Registered SqmFunctionTemplate [org.hibernate.dialect.function.array.ArrayAggFunction@340fc1aa] under array_agg; prior registration was null
2025-05-09T01:07:46.538+07:00 DEBUG 16688 --- [camsbatch] [           main] o.h.q.sqm.function.SqmFunctionRegistry   : Registered SqmFunctionTemplate [org.hibernate.dialect.function.array.PostgreSQLArrayPositionFunction@4182a651] under array_position; prior registration was null
2025-05-09T01:07:46.549+07:00 DEBUG 16688 --- [camsbatch] [           main] o.h.q.sqm.function.SqmFunctionRegistry   : Registered SqmFunctionTemplate [org.hibernate.dialect.function.array.PostgreSQLArrayPositionsFunction@71e7c13f] under array_positions; prior registration was null
2025-05-09T01:07:46.551+07:00 DEBUG 16688 --- [camsbatch] [           main] o.h.q.sqm.function.SqmFunctionRegistry   : Registered SqmFunctionTemplate [org.hibernate.dialect.function.array.PostgreSQLArrayPositionsFunction@7ac1b6c0] under array_positions_list; prior registration was null
2025-05-09T01:07:46.551+07:00 DEBUG 16688 --- [camsbatch] [           main] o.h.q.sqm.function.SqmFunctionRegistry   : Registered SqmFunctionTemplate [org.hibernate.query.sqm.function.PatternBasedSqmFunctionDescriptor@3a751535] under array_length; prior registration was null
2025-05-09T01:07:46.553+07:00 DEBUG 16688 --- [camsbatch] [           main] o.h.q.sqm.function.SqmFunctionRegistry   : Registered SqmFunctionTemplate [org.hibernate.dialect.function.DynamicDispatchFunction@4ad8d36f] under length; prior registration was null
2025-05-09T01:07:46.554+07:00 DEBUG 16688 --- [camsbatch] [           main] o.h.q.sqm.function.SqmFunctionRegistry   : Registered SqmFunctionTemplate [org.hibernate.dialect.function.array.PostgreSQLArrayConcatFunction@727956bb] under array_concat; prior registration was null
2025-05-09T01:07:46.556+07:00 DEBUG 16688 --- [camsbatch] [           main] o.h.q.sqm.function.SqmFunctionRegistry   : Registered SqmFunctionTemplate [org.hibernate.dialect.function.array.PostgreSQLArrayConcatElementFunction@4449b273] under array_prepend; prior registration was null
2025-05-09T01:07:46.556+07:00 DEBUG 16688 --- [camsbatch] [           main] o.h.q.sqm.function.SqmFunctionRegistry   : Registered SqmFunctionTemplate [org.hibernate.dialect.function.array.PostgreSQLArrayConcatElementFunction@1fa18f87] under array_append; prior registration was null
2025-05-09T01:07:46.561+07:00 DEBUG 16688 --- [camsbatch] [           main] o.h.q.sqm.function.SqmFunctionRegistry   : Registered SqmFunctionTemplate [org.hibernate.dialect.function.array.ArrayContainsOperatorFunction@506b083] under array_contains; prior registration was null
2025-05-09T01:07:46.561+07:00 DEBUG 16688 --- [camsbatch] [           main] o.h.q.sqm.function.SqmFunctionRegistry   : Registered SqmFunctionTemplate [org.hibernate.dialect.function.array.ArrayContainsOperatorFunction@5eee3da9] under array_contains_nullable; prior registration was null
2025-05-09T01:07:46.564+07:00 DEBUG 16688 --- [camsbatch] [           main] o.h.q.sqm.function.SqmFunctionRegistry   : Registered SqmFunctionTemplate [org.hibernate.dialect.function.array.ArrayIncludesOperatorFunction@37364634] under array_includes; prior registration was null
2025-05-09T01:07:46.564+07:00 DEBUG 16688 --- [camsbatch] [           main] o.h.q.sqm.function.SqmFunctionRegistry   : Registered SqmFunctionTemplate [org.hibernate.dialect.function.array.ArrayIncludesOperatorFunction@3dec79f8] under array_includes_nullable; prior registration was null
2025-05-09T01:07:46.565+07:00 DEBUG 16688 --- [camsbatch] [           main] o.h.q.sqm.function.SqmFunctionRegistry   : Registered SqmFunctionTemplate [org.hibernate.dialect.function.array.ArrayIntersectsOperatorFunction@103e7c7c] under array_intersects; prior registration was null
2025-05-09T01:07:46.565+07:00 DEBUG 16688 --- [camsbatch] [           main] o.h.q.sqm.function.SqmFunctionRegistry   : Registered SqmFunctionTemplate [org.hibernate.dialect.function.array.ArrayIntersectsOperatorFunction@5c3710b3] under array_intersects_nullable; prior registration was null
2025-05-09T01:07:46.565+07:00 DEBUG 16688 --- [camsbatch] [           main] o.h.q.sqm.function.SqmFunctionRegistry   : Registering alternate key : array_overlaps -> array_intersects
2025-05-09T01:07:46.565+07:00 DEBUG 16688 --- [camsbatch] [           main] o.h.q.sqm.function.SqmFunctionRegistry   : Registering alternate key : array_overlaps_nullable -> array_intersects_nullable
2025-05-09T01:07:46.566+07:00 DEBUG 16688 --- [camsbatch] [           main] o.h.q.sqm.function.SqmFunctionRegistry   : Registered SqmFunctionTemplate [org.hibernate.query.sqm.function.PatternBasedSqmFunctionDescriptor@3355b8ff] under array_get; prior registration was null
2025-05-09T01:07:46.567+07:00 DEBUG 16688 --- [camsbatch] [           main] o.h.q.sqm.function.SqmFunctionRegistry   : Registered SqmFunctionTemplate [org.hibernate.dialect.function.array.ArraySetUnnestFunction@2cff5aa3] under array_set; prior registration was null
2025-05-09T01:07:46.567+07:00 DEBUG 16688 --- [camsbatch] [           main] o.h.q.sqm.function.SqmFunctionRegistry   : Registered SqmFunctionTemplate [NamedSqmFunctionTemplate(array_remove)] under array_remove; prior registration was null
2025-05-09T01:07:46.567+07:00 DEBUG 16688 --- [camsbatch] [           main] o.h.q.sqm.function.SqmFunctionRegistry   : Registered SqmFunctionTemplate [org.hibernate.dialect.function.array.ArrayRemoveIndexUnnestFunction@25df2014] under array_remove_index; prior registration was null
2025-05-09T01:07:46.567+07:00 DEBUG 16688 --- [camsbatch] [           main] o.h.q.sqm.function.SqmFunctionRegistry   : Registered SqmFunctionTemplate [org.hibernate.query.sqm.function.PatternBasedSqmFunctionDescriptor@270b8c2a] under array_slice; prior registration was null
2025-05-09T01:07:46.567+07:00 DEBUG 16688 --- [camsbatch] [           main] o.h.q.sqm.function.SqmFunctionRegistry   : Registered SqmFunctionTemplate [NamedSqmFunctionTemplate(array_replace)] under array_replace; prior registration was null
2025-05-09T01:07:46.568+07:00 DEBUG 16688 --- [camsbatch] [           main] o.h.q.sqm.function.SqmFunctionRegistry   : Registered SqmFunctionTemplate [org.hibernate.dialect.function.array.PostgreSQLArrayTrimEmulation@69c1ea07] under array_trim; prior registration was null
2025-05-09T01:07:46.569+07:00 DEBUG 16688 --- [camsbatch] [           main] o.h.q.sqm.function.SqmFunctionRegistry   : Registered SqmFunctionTemplate [org.hibernate.dialect.function.array.PostgreSQLArrayFillFunction@413eaf5d] under array_fill; prior registration was null
2025-05-09T01:07:46.569+07:00 DEBUG 16688 --- [camsbatch] [           main] o.h.q.sqm.function.SqmFunctionRegistry   : Registered SqmFunctionTemplate [org.hibernate.dialect.function.array.PostgreSQLArrayFillFunction@3e28af44] under array_fill_list; prior registration was null
2025-05-09T01:07:46.570+07:00 DEBUG 16688 --- [camsbatch] [           main] o.h.q.sqm.function.SqmFunctionRegistry   : Registered SqmFunctionTemplate [org.hibernate.dialect.function.array.ArrayToStringFunction@7482309c] under array_to_string; prior registration was null
2025-05-09T01:07:46.570+07:00 DEBUG 16688 --- [camsbatch] [           main] o.h.q.sqm.function.SqmFunctionRegistry   : Registered SqmFunctionTemplate [NamedSqmFunctionTemplate(make_date)] under make_date; prior registration was null
2025-05-09T01:07:46.570+07:00 DEBUG 16688 --- [camsbatch] [           main] o.h.q.sqm.function.SqmFunctionRegistry   : Registered SqmFunctionTemplate [NamedSqmFunctionTemplate(make_time)] under make_time; prior registration was null
2025-05-09T01:07:46.570+07:00 DEBUG 16688 --- [camsbatch] [           main] o.h.q.sqm.function.SqmFunctionRegistry   : Registered SqmFunctionTemplate [NamedSqmFunctionTemplate(make_timestamp)] under make_timestamp; prior registration was null
2025-05-09T01:07:46.570+07:00 DEBUG 16688 --- [camsbatch] [           main] o.h.q.sqm.function.SqmFunctionRegistry   : Registered SqmFunctionTemplate [NamedSqmFunctionTemplate(make_timestamptz)] under make_timestamptz; prior registration was null
2025-05-09T01:07:46.571+07:00 DEBUG 16688 --- [camsbatch] [           main] o.h.q.sqm.function.SqmFunctionRegistry   : Registered SqmFunctionTemplate [org.hibernate.dialect.function.InverseDistributionFunction@71f29d91] under mode; prior registration was null
2025-05-09T01:07:46.571+07:00 DEBUG 16688 --- [camsbatch] [           main] o.h.q.sqm.function.SqmFunctionRegistry   : Registered SqmFunctionTemplate [org.hibernate.dialect.function.InverseDistributionFunction@6143b2b1] under percentile_cont; prior registration was null
2025-05-09T01:07:46.571+07:00 DEBUG 16688 --- [camsbatch] [           main] o.h.q.sqm.function.SqmFunctionRegistry   : Registered SqmFunctionTemplate [org.hibernate.dialect.function.InverseDistributionFunction@a63643e] under percentile_disc; prior registration was null
2025-05-09T01:07:46.572+07:00 DEBUG 16688 --- [camsbatch] [           main] o.h.q.sqm.function.SqmFunctionRegistry   : Registered SqmFunctionTemplate [org.hibernate.dialect.function.HypotheticalSetFunction@4bab78ce] under rank; prior registration was null
2025-05-09T01:07:46.572+07:00 DEBUG 16688 --- [camsbatch] [           main] o.h.q.sqm.function.SqmFunctionRegistry   : Registered SqmFunctionTemplate [org.hibernate.dialect.function.HypotheticalSetFunction@42ffbab6] under dense_rank; prior registration was null
2025-05-09T01:07:46.572+07:00 DEBUG 16688 --- [camsbatch] [           main] o.h.q.sqm.function.SqmFunctionRegistry   : Registered SqmFunctionTemplate [org.hibernate.dialect.function.HypotheticalSetFunction@7672960e] under percent_rank; prior registration was null
2025-05-09T01:07:46.572+07:00 DEBUG 16688 --- [camsbatch] [           main] o.h.q.sqm.function.SqmFunctionRegistry   : Registered SqmFunctionTemplate [org.hibernate.dialect.function.HypotheticalSetFunction@69bca406] under cume_dist; prior registration was null
2025-05-09T01:07:46.573+07:00 DEBUG 16688 --- [camsbatch] [           main] o.h.q.sqm.function.SqmFunctionRegistry   : Registered SqmFunctionTemplate [org.hibernate.dialect.function.PostgreSQLMinMaxFunction@2864d34d] under min; prior registration was NamedSqmFunctionTemplate(min)
2025-05-09T01:07:46.573+07:00 DEBUG 16688 --- [camsbatch] [           main] o.h.q.sqm.function.SqmFunctionRegistry   : Registered SqmFunctionTemplate [org.hibernate.dialect.function.PostgreSQLMinMaxFunction@5fb514c2] under max; prior registration was NamedSqmFunctionTemplate(max)
2025-05-09T01:07:46.573+07:00 DEBUG 16688 --- [camsbatch] [           main] o.h.q.sqm.function.SqmFunctionRegistry   : Registered SqmFunctionTemplate [org.hibernate.query.sqm.function.PatternBasedSqmFunctionDescriptor@3e9b3b3c] under bitxor; prior registration was org.hibernate.query.sqm.function.PatternBasedSqmFunctionDescriptor@45b27ad3
2025-05-09T01:07:46.576+07:00 DEBUG 16688 --- [camsbatch] [           main] o.h.q.sqm.function.SqmFunctionRegistry   : Registered SqmFunctionTemplate [org.hibernate.dialect.function.PostgreSQLTruncRoundFunction@22a63740] under round; prior registration was NamedSqmFunctionTemplate(round)
2025-05-09T01:07:46.578+07:00 DEBUG 16688 --- [camsbatch] [           main] o.h.q.sqm.function.SqmFunctionRegistry   : Registered SqmFunctionTemplate [org.hibernate.dialect.function.PostgreSQLTruncFunction@25823192] under trunc; prior registration was null
2025-05-09T01:07:46.578+07:00 DEBUG 16688 --- [camsbatch] [           main] o.h.q.sqm.function.SqmFunctionRegistry   : Registering alternate key : truncate -> trunc
2025-05-09T01:07:46.579+07:00 DEBUG 16688 --- [camsbatch] [           main] o.h.q.sqm.function.SqmFunctionRegistry   : Registered SqmFunctionTemplate [org.hibernate.query.sqm.function.PatternBasedSqmFunctionDescriptor@3df04fa1] under date_trunc; prior registration was null
2025-05-09T01:07:46.581+07:00 DEBUG 16688 --- [camsbatch] [           main] org.hibernate.HQL_FUNCTIONS              : abs(NUMERIC arg)
2025-05-09T01:07:46.581+07:00 DEBUG 16688 --- [camsbatch] [           main] org.hibernate.HQL_FUNCTIONS              : Double acos(NUMERIC arg)
2025-05-09T01:07:46.581+07:00 DEBUG 16688 --- [camsbatch] [           main] org.hibernate.HQL_FUNCTIONS              : Double acosh(NUMERIC arg)
2025-05-09T01:07:46.581+07:00 DEBUG 16688 --- [camsbatch] [           main] org.hibernate.HQL_FUNCTIONS              : Boolean any(BOOLEAN predicate)
2025-05-09T01:07:46.581+07:00 DEBUG 16688 --- [camsbatch] [           main] org.hibernate.HQL_FUNCTIONS              : array( ... )
2025-05-09T01:07:46.598+07:00 DEBUG 16688 --- [camsbatch] [           main] org.hibernate.HQL_FUNCTIONS              : array_agg(arg)
2025-05-09T01:07:46.598+07:00 DEBUG 16688 --- [camsbatch] [           main] org.hibernate.HQL_FUNCTIONS              : array_append( ... )
2025-05-09T01:07:46.599+07:00 DEBUG 16688 --- [camsbatch] [           main] org.hibernate.HQL_FUNCTIONS              : array_concat( ... )
2025-05-09T01:07:46.599+07:00 DEBUG 16688 --- [camsbatch] [           main] org.hibernate.HQL_FUNCTIONS              : Boolean array_contains(ARRAY haystackArray, OBJECT needleElementOrArray)
2025-05-09T01:07:46.599+07:00 DEBUG 16688 --- [camsbatch] [           main] org.hibernate.HQL_FUNCTIONS              : Boolean array_contains_nullable(ARRAY haystackArray, OBJECT needleElementOrArray)
2025-05-09T01:07:46.599+07:00 DEBUG 16688 --- [camsbatch] [           main] org.hibernate.HQL_FUNCTIONS              : array_fill(OBJECT element, INTEGER elementCount)
2025-05-09T01:07:46.599+07:00 DEBUG 16688 --- [camsbatch] [           main] org.hibernate.HQL_FUNCTIONS              : array_fill_list(OBJECT element, INTEGER elementCount)
2025-05-09T01:07:46.599+07:00 DEBUG 16688 --- [camsbatch] [           main] org.hibernate.HQL_FUNCTIONS              : array_get(ARRAY array, INTEGER index)
2025-05-09T01:07:46.599+07:00 DEBUG 16688 --- [camsbatch] [           main] org.hibernate.HQL_FUNCTIONS              : Boolean array_includes(ARRAY haystackArray, OBJECT needleArray)
2025-05-09T01:07:46.599+07:00 DEBUG 16688 --- [camsbatch] [           main] org.hibernate.HQL_FUNCTIONS              : Boolean array_includes_nullable(ARRAY haystackArray, OBJECT needleArray)
2025-05-09T01:07:46.599+07:00 DEBUG 16688 --- [camsbatch] [           main] org.hibernate.HQL_FUNCTIONS              : Boolean array_intersects(ARRAY array0, OBJECT array1)
2025-05-09T01:07:46.599+07:00 DEBUG 16688 --- [camsbatch] [           main] org.hibernate.HQL_FUNCTIONS              : Boolean array_intersects_nullable(ARRAY array0, OBJECT array1)
2025-05-09T01:07:46.599+07:00 DEBUG 16688 --- [camsbatch] [           main] org.hibernate.HQL_FUNCTIONS              : Integer array_length(ARRAY array)
2025-05-09T01:07:46.599+07:00 DEBUG 16688 --- [camsbatch] [           main] org.hibernate.HQL_FUNCTIONS              : array_list( ... )
2025-05-09T01:07:46.599+07:00 DEBUG 16688 --- [camsbatch] [           main] org.hibernate.HQL_FUNCTIONS              : Boolean array_overlaps(ARRAY array0, OBJECT array1)
2025-05-09T01:07:46.599+07:00 DEBUG 16688 --- [camsbatch] [           main] org.hibernate.HQL_FUNCTIONS              : Boolean array_overlaps_nullable(ARRAY array0, OBJECT array1)
2025-05-09T01:07:46.599+07:00 DEBUG 16688 --- [camsbatch] [           main] org.hibernate.HQL_FUNCTIONS              : Integer array_position(ARRAY array, OBJECT element[, INTEGER startPosition])
2025-05-09T01:07:46.599+07:00 DEBUG 16688 --- [camsbatch] [           main] org.hibernate.HQL_FUNCTIONS              : int[] array_positions(ARRAY array, OBJECT element)
2025-05-09T01:07:46.599+07:00 DEBUG 16688 --- [camsbatch] [           main] org.hibernate.HQL_FUNCTIONS              : List array_positions_list(ARRAY array, OBJECT element)
2025-05-09T01:07:46.599+07:00 DEBUG 16688 --- [camsbatch] [           main] org.hibernate.HQL_FUNCTIONS              : array_prepend( ... )
2025-05-09T01:07:46.599+07:00 DEBUG 16688 --- [camsbatch] [           main] org.hibernate.HQL_FUNCTIONS              : array_remove( ... )
2025-05-09T01:07:46.599+07:00 DEBUG 16688 --- [camsbatch] [           main] org.hibernate.HQL_FUNCTIONS              : array_remove_index( ... )
2025-05-09T01:07:46.599+07:00 DEBUG 16688 --- [camsbatch] [           main] org.hibernate.HQL_FUNCTIONS              : array_replace(ARRAY array, OBJECT old, OBJECT new)
2025-05-09T01:07:46.599+07:00 DEBUG 16688 --- [camsbatch] [           main] org.hibernate.HQL_FUNCTIONS              : array_set( ... )
2025-05-09T01:07:46.599+07:00 DEBUG 16688 --- [camsbatch] [           main] org.hibernate.HQL_FUNCTIONS              : array_slice(ARRAY array, INTEGER start, INTEGER end)
2025-05-09T01:07:46.599+07:00 DEBUG 16688 --- [camsbatch] [           main] org.hibernate.HQL_FUNCTIONS              : String array_to_string( ... )
2025-05-09T01:07:46.599+07:00 DEBUG 16688 --- [camsbatch] [           main] org.hibernate.HQL_FUNCTIONS              : array_trim( ... )
2025-05-09T01:07:46.599+07:00 DEBUG 16688 --- [camsbatch] [           main] org.hibernate.HQL_FUNCTIONS              : Integer ascii(STRING arg)
2025-05-09T01:07:46.599+07:00 DEBUG 16688 --- [camsbatch] [           main] org.hibernate.HQL_FUNCTIONS              : Double asin(NUMERIC arg)
2025-05-09T01:07:46.599+07:00 DEBUG 16688 --- [camsbatch] [           main] org.hibernate.HQL_FUNCTIONS              : Double asinh(NUMERIC arg)
2025-05-09T01:07:46.599+07:00 DEBUG 16688 --- [camsbatch] [           main] org.hibernate.HQL_FUNCTIONS              : Double atan(NUMERIC arg)
2025-05-09T01:07:46.600+07:00 DEBUG 16688 --- [camsbatch] [           main] org.hibernate.HQL_FUNCTIONS              : Double atan2(NUMERIC arg0, NUMERIC arg1)
2025-05-09T01:07:46.600+07:00 DEBUG 16688 --- [camsbatch] [           main] org.hibernate.HQL_FUNCTIONS              : Double atanh(NUMERIC arg)
2025-05-09T01:07:46.600+07:00 DEBUG 16688 --- [camsbatch] [           main] org.hibernate.HQL_FUNCTIONS              : avg(arg)
2025-05-09T01:07:46.600+07:00 DEBUG 16688 --- [camsbatch] [           main] org.hibernate.HQL_FUNCTIONS              : bit_and(arg)
2025-05-09T01:07:46.600+07:00 DEBUG 16688 --- [camsbatch] [           main] org.hibernate.HQL_FUNCTIONS              : Integer bit_length(STRING_OR_CLOB arg)
2025-05-09T01:07:46.600+07:00 DEBUG 16688 --- [camsbatch] [           main] org.hibernate.HQL_FUNCTIONS              : bit_or(arg)
2025-05-09T01:07:46.600+07:00 DEBUG 16688 --- [camsbatch] [           main] org.hibernate.HQL_FUNCTIONS              : bitand(arg0, arg1)
2025-05-09T01:07:46.600+07:00 DEBUG 16688 --- [camsbatch] [           main] org.hibernate.HQL_FUNCTIONS              : bitnot(arg)
2025-05-09T01:07:46.600+07:00 DEBUG 16688 --- [camsbatch] [           main] org.hibernate.HQL_FUNCTIONS              : bitor(arg0, arg1)
2025-05-09T01:07:46.600+07:00 DEBUG 16688 --- [camsbatch] [           main] org.hibernate.HQL_FUNCTIONS              : bitxor(arg0, arg1)
2025-05-09T01:07:46.600+07:00 DEBUG 16688 --- [camsbatch] [           main] org.hibernate.HQL_FUNCTIONS              : Boolean bool_and(BOOLEAN predicate)
2025-05-09T01:07:46.600+07:00 DEBUG 16688 --- [camsbatch] [           main] org.hibernate.HQL_FUNCTIONS              : Boolean bool_or(BOOLEAN predicate)
2025-05-09T01:07:46.600+07:00 DEBUG 16688 --- [camsbatch] [           main] org.hibernate.HQL_FUNCTIONS              : cast(arg as Type)
2025-05-09T01:07:46.600+07:00 DEBUG 16688 --- [camsbatch] [           main] org.hibernate.HQL_FUNCTIONS              : Double cbrt(NUMERIC arg)
2025-05-09T01:07:46.600+07:00 DEBUG 16688 --- [camsbatch] [           main] org.hibernate.HQL_FUNCTIONS              : ceiling(NUMERIC arg)
2025-05-09T01:07:46.600+07:00 DEBUG 16688 --- [camsbatch] [           main] org.hibernate.HQL_FUNCTIONS              : Character char(INTEGER arg)
2025-05-09T01:07:46.600+07:00 DEBUG 16688 --- [camsbatch] [           main] org.hibernate.HQL_FUNCTIONS              : Integer character_length(STRING_OR_CLOB arg)
2025-05-09T01:07:46.600+07:00 DEBUG 16688 --- [camsbatch] [           main] org.hibernate.HQL_FUNCTIONS              : Character chr(INTEGER arg)
2025-05-09T01:07:46.600+07:00 DEBUG 16688 --- [camsbatch] [           main] org.hibernate.HQL_FUNCTIONS              : coalesce(arg0[, arg1[, ...]])
2025-05-09T01:07:46.600+07:00 DEBUG 16688 --- [camsbatch] [           main] org.hibernate.HQL_FUNCTIONS              : String collate(STRING string as COLLATION collation)
2025-05-09T01:07:46.600+07:00 DEBUG 16688 --- [camsbatch] [           main] org.hibernate.HQL_FUNCTIONS              : (STRING string0[, STRING string1[, ...]])
2025-05-09T01:07:46.600+07:00 DEBUG 16688 --- [camsbatch] [           main] org.hibernate.HQL_FUNCTIONS              : Double corr(NUMERIC arg0, NUMERIC arg1)
2025-05-09T01:07:46.600+07:00 DEBUG 16688 --- [camsbatch] [           main] org.hibernate.HQL_FUNCTIONS              : Double cos(NUMERIC arg)
2025-05-09T01:07:46.600+07:00 DEBUG 16688 --- [camsbatch] [           main] org.hibernate.HQL_FUNCTIONS              : Double cosh(NUMERIC arg)
2025-05-09T01:07:46.600+07:00 DEBUG 16688 --- [camsbatch] [           main] org.hibernate.HQL_FUNCTIONS              : Double cot(NUMERIC arg)
2025-05-09T01:07:46.600+07:00 DEBUG 16688 --- [camsbatch] [           main] org.hibernate.HQL_FUNCTIONS              : Long count([distinct ]{arg|*})
2025-05-09T01:07:46.601+07:00 DEBUG 16688 --- [camsbatch] [           main] org.hibernate.HQL_FUNCTIONS              : Double covar_pop(NUMERIC arg0, NUMERIC arg1)
2025-05-09T01:07:46.601+07:00 DEBUG 16688 --- [camsbatch] [           main] org.hibernate.HQL_FUNCTIONS              : Double covar_samp(NUMERIC arg0, NUMERIC arg1)
2025-05-09T01:07:46.601+07:00 DEBUG 16688 --- [camsbatch] [           main] org.hibernate.HQL_FUNCTIONS              : Double cume_dist([arg0[, ...]])
2025-05-09T01:07:46.601+07:00 DEBUG 16688 --- [camsbatch] [           main] org.hibernate.HQL_FUNCTIONS              : Date current date
2025-05-09T01:07:46.601+07:00 DEBUG 16688 --- [camsbatch] [           main] org.hibernate.HQL_FUNCTIONS              : Time current time
2025-05-09T01:07:46.601+07:00 DEBUG 16688 --- [camsbatch] [           main] org.hibernate.HQL_FUNCTIONS              : Timestamp current timestamp
2025-05-09T01:07:46.601+07:00 DEBUG 16688 --- [camsbatch] [           main] org.hibernate.HQL_FUNCTIONS              : Date current_date
2025-05-09T01:07:46.601+07:00 DEBUG 16688 --- [camsbatch] [           main] org.hibernate.HQL_FUNCTIONS              : Instant current_instant
2025-05-09T01:07:46.601+07:00 DEBUG 16688 --- [camsbatch] [           main] org.hibernate.HQL_FUNCTIONS              : Time current_time
2025-05-09T01:07:46.601+07:00 DEBUG 16688 --- [camsbatch] [           main] org.hibernate.HQL_FUNCTIONS              : Timestamp current_timestamp
2025-05-09T01:07:46.601+07:00 DEBUG 16688 --- [camsbatch] [           main] org.hibernate.HQL_FUNCTIONS              : date_trunc(STRING field, TEMPORAL datetime)
2025-05-09T01:07:46.601+07:00 DEBUG 16688 --- [camsbatch] [           main] org.hibernate.HQL_FUNCTIONS              : dateadd(TEMPORAL_UNIT field, INTEGER magnitude, TEMPORAL datetime)
2025-05-09T01:07:46.601+07:00 DEBUG 16688 --- [camsbatch] [           main] org.hibernate.HQL_FUNCTIONS              : Long|Double datediff(TEMPORAL_UNIT field, TEMPORAL start, TEMPORAL end)
2025-05-09T01:07:46.601+07:00 DEBUG 16688 --- [camsbatch] [           main] org.hibernate.HQL_FUNCTIONS              : Double degrees(NUMERIC arg)
2025-05-09T01:07:46.601+07:00 DEBUG 16688 --- [camsbatch] [           main] org.hibernate.HQL_FUNCTIONS              : Long dense_rank([arg0[, ...]])
2025-05-09T01:07:46.601+07:00 DEBUG 16688 --- [camsbatch] [           main] org.hibernate.HQL_FUNCTIONS              : Boolean every(BOOLEAN predicate)
2025-05-09T01:07:46.601+07:00 DEBUG 16688 --- [camsbatch] [           main] org.hibernate.HQL_FUNCTIONS              : Double exp(NUMERIC arg)
2025-05-09T01:07:46.601+07:00 DEBUG 16688 --- [camsbatch] [           main] org.hibernate.HQL_FUNCTIONS              : extract(TEMPORAL_UNIT field from TEMPORAL arg)
2025-05-09T01:07:46.601+07:00 DEBUG 16688 --- [camsbatch] [           main] org.hibernate.HQL_FUNCTIONS              : first_valueANY value
2025-05-09T01:07:46.601+07:00 DEBUG 16688 --- [camsbatch] [           main] org.hibernate.HQL_FUNCTIONS              : floor(NUMERIC arg)
2025-05-09T01:07:46.601+07:00 DEBUG 16688 --- [camsbatch] [           main] org.hibernate.HQL_FUNCTIONS              : String format(TEMPORAL datetime as STRING pattern)
2025-05-09T01:07:46.601+07:00 DEBUG 16688 --- [camsbatch] [           main] org.hibernate.HQL_FUNCTIONS              : greatest(COMPARABLE arg0, COMPARABLE arg1[, arg2[, ...]])
2025-05-09T01:07:46.601+07:00 DEBUG 16688 --- [camsbatch] [           main] org.hibernate.HQL_FUNCTIONS              : ifnull(arg0, arg1)
2025-05-09T01:07:46.601+07:00 DEBUG 16688 --- [camsbatch] [           main] org.hibernate.HQL_FUNCTIONS              : String initcap(arg)
2025-05-09T01:07:46.602+07:00 DEBUG 16688 --- [camsbatch] [           main] org.hibernate.HQL_FUNCTIONS              : String insert(STRING string, INTEGER start, INTEGER length, STRING replacement)
2025-05-09T01:07:46.602+07:00 DEBUG 16688 --- [camsbatch] [           main] org.hibernate.HQL_FUNCTIONS              : Instant instant
2025-05-09T01:07:46.602+07:00 DEBUG 16688 --- [camsbatch] [           main] org.hibernate.HQL_FUNCTIONS              : lagANY value[, INTEGER offset[, ANY default]]
2025-05-09T01:07:46.602+07:00 DEBUG 16688 --- [camsbatch] [           main] org.hibernate.HQL_FUNCTIONS              : last_valueANY value
2025-05-09T01:07:46.602+07:00 DEBUG 16688 --- [camsbatch] [           main] org.hibernate.HQL_FUNCTIONS              : leadANY value[, INTEGER offset[, ANY default]]
2025-05-09T01:07:46.602+07:00 DEBUG 16688 --- [camsbatch] [           main] org.hibernate.HQL_FUNCTIONS              : least(COMPARABLE arg0, COMPARABLE arg1[, arg2[, ...]])
2025-05-09T01:07:46.602+07:00 DEBUG 16688 --- [camsbatch] [           main] org.hibernate.HQL_FUNCTIONS              : String left(STRING string, INTEGER length)
2025-05-09T01:07:46.602+07:00 DEBUG 16688 --- [camsbatch] [           main] org.hibernate.HQL_FUNCTIONS              : length
2025-05-09T01:07:46.602+07:00 DEBUG 16688 --- [camsbatch] [           main] org.hibernate.HQL_FUNCTIONS              : String listagg(STRING arg0, STRING arg1)
2025-05-09T01:07:46.602+07:00 DEBUG 16688 --- [camsbatch] [           main] org.hibernate.HQL_FUNCTIONS              : Double ln(NUMERIC arg)
2025-05-09T01:07:46.602+07:00 DEBUG 16688 --- [camsbatch] [           main] org.hibernate.HQL_FUNCTIONS              : LocalDate local date
2025-05-09T01:07:46.602+07:00 DEBUG 16688 --- [camsbatch] [           main] org.hibernate.HQL_FUNCTIONS              : LocalDateTime local datetime
2025-05-09T01:07:46.602+07:00 DEBUG 16688 --- [camsbatch] [           main] org.hibernate.HQL_FUNCTIONS              : LocalTime local time
2025-05-09T01:07:46.602+07:00 DEBUG 16688 --- [camsbatch] [           main] org.hibernate.HQL_FUNCTIONS              : LocalDate local_date
2025-05-09T01:07:46.602+07:00 DEBUG 16688 --- [camsbatch] [           main] org.hibernate.HQL_FUNCTIONS              : LocalDateTime local_datetime
2025-05-09T01:07:46.603+07:00 DEBUG 16688 --- [camsbatch] [           main] org.hibernate.HQL_FUNCTIONS              : LocalTime local_time
2025-05-09T01:07:46.603+07:00 DEBUG 16688 --- [camsbatch] [           main] org.hibernate.HQL_FUNCTIONS              : Time localtime
2025-05-09T01:07:46.603+07:00 DEBUG 16688 --- [camsbatch] [           main] org.hibernate.HQL_FUNCTIONS              : Timestamp localtimestamp
2025-05-09T01:07:46.603+07:00 DEBUG 16688 --- [camsbatch] [           main] org.hibernate.HQL_FUNCTIONS              : Integer locate(STRING pattern, STRING string[, INTEGER start])
2025-05-09T01:07:46.603+07:00 DEBUG 16688 --- [camsbatch] [           main] org.hibernate.HQL_FUNCTIONS              : Double log(NUMERIC arg0[, NUMERIC arg1])
2025-05-09T01:07:46.603+07:00 DEBUG 16688 --- [camsbatch] [           main] org.hibernate.HQL_FUNCTIONS              : Double log10(NUMERIC arg)
2025-05-09T01:07:46.603+07:00 DEBUG 16688 --- [camsbatch] [           main] org.hibernate.HQL_FUNCTIONS              : String lower(STRING string)
2025-05-09T01:07:46.603+07:00 DEBUG 16688 --- [camsbatch] [           main] org.hibernate.HQL_FUNCTIONS              : String lpad(STRING string, INTEGER length[, STRING padding])
2025-05-09T01:07:46.603+07:00 DEBUG 16688 --- [camsbatch] [           main] org.hibernate.HQL_FUNCTIONS              : String ltrim(STRING string[, STRING characters])
2025-05-09T01:07:46.603+07:00 DEBUG 16688 --- [camsbatch] [           main] org.hibernate.HQL_FUNCTIONS              : Date make_date(INTEGER arg0, INTEGER arg1, INTEGER arg2)
2025-05-09T01:07:46.603+07:00 DEBUG 16688 --- [camsbatch] [           main] org.hibernate.HQL_FUNCTIONS              : Time make_time(INTEGER arg0, INTEGER arg1, INTEGER arg2)
2025-05-09T01:07:46.603+07:00 DEBUG 16688 --- [camsbatch] [           main] org.hibernate.HQL_FUNCTIONS              : Timestamp make_timestamp(INTEGER arg0, INTEGER arg1, INTEGER arg2, INTEGER arg3, INTEGER arg4, INTEGER arg5)
2025-05-09T01:07:46.604+07:00 DEBUG 16688 --- [camsbatch] [           main] org.hibernate.HQL_FUNCTIONS              : Timestamp make_timestamptz(INTEGER arg0, INTEGER arg1, INTEGER arg2, INTEGER arg3, INTEGER arg4, INTEGER arg5[, INTEGER arg6])
2025-05-09T01:07:46.604+07:00 DEBUG 16688 --- [camsbatch] [           main] org.hibernate.HQL_FUNCTIONS              : max(COMPARABLE arg)
2025-05-09T01:07:46.604+07:00 DEBUG 16688 --- [camsbatch] [           main] org.hibernate.HQL_FUNCTIONS              : String md5(arg)
2025-05-09T01:07:46.604+07:00 DEBUG 16688 --- [camsbatch] [           main] org.hibernate.HQL_FUNCTIONS              : Double median(NUMERIC arg)
2025-05-09T01:07:46.604+07:00 DEBUG 16688 --- [camsbatch] [           main] org.hibernate.HQL_FUNCTIONS              : min(COMPARABLE arg)
2025-05-09T01:07:46.604+07:00 DEBUG 16688 --- [camsbatch] [           main] org.hibernate.HQL_FUNCTIONS              : Integer mod(INTEGER arg0, INTEGER arg1)
2025-05-09T01:07:46.604+07:00 DEBUG 16688 --- [camsbatch] [           main] org.hibernate.HQL_FUNCTIONS              : mode()
2025-05-09T01:07:46.604+07:00 DEBUG 16688 --- [camsbatch] [           main] org.hibernate.HQL_FUNCTIONS              : nth_valueANY value, INTEGER nth
2025-05-09T01:07:46.604+07:00 DEBUG 16688 --- [camsbatch] [           main] org.hibernate.HQL_FUNCTIONS              : nullif(arg0, arg1)
2025-05-09T01:07:46.604+07:00 DEBUG 16688 --- [camsbatch] [           main] org.hibernate.HQL_FUNCTIONS              : Integer octet_length(STRING_OR_CLOB arg)
2025-05-09T01:07:46.604+07:00 DEBUG 16688 --- [camsbatch] [           main] org.hibernate.HQL_FUNCTIONS              : OffsetDateTime offset datetime
2025-05-09T01:07:46.604+07:00 DEBUG 16688 --- [camsbatch] [           main] org.hibernate.HQL_FUNCTIONS              : OffsetDateTime offset_datetime
2025-05-09T01:07:46.604+07:00 DEBUG 16688 --- [camsbatch] [           main] org.hibernate.HQL_FUNCTIONS              : String overlay(string placing replacement from start[ for length])
2025-05-09T01:07:46.604+07:00 DEBUG 16688 --- [camsbatch] [           main] org.hibernate.HQL_FUNCTIONS              : String pad(STRING string with INTEGER length {leading|trailing}[ STRING character])
2025-05-09T01:07:46.604+07:00 DEBUG 16688 --- [camsbatch] [           main] org.hibernate.HQL_FUNCTIONS              : Double percent_rank([arg0[, ...]])
2025-05-09T01:07:46.604+07:00 DEBUG 16688 --- [camsbatch] [           main] org.hibernate.HQL_FUNCTIONS              : percentile_cont(NUMERIC arg)
2025-05-09T01:07:46.605+07:00 DEBUG 16688 --- [camsbatch] [           main] org.hibernate.HQL_FUNCTIONS              : percentile_disc(NUMERIC arg)
2025-05-09T01:07:46.605+07:00 DEBUG 16688 --- [camsbatch] [           main] org.hibernate.HQL_FUNCTIONS              : Double pi
2025-05-09T01:07:46.605+07:00 DEBUG 16688 --- [camsbatch] [           main] org.hibernate.HQL_FUNCTIONS              : Integer position(STRING pattern in STRING string)
2025-05-09T01:07:46.605+07:00 DEBUG 16688 --- [camsbatch] [           main] org.hibernate.HQL_FUNCTIONS              : Double power(NUMERIC arg0, NUMERIC arg1)
2025-05-09T01:07:46.605+07:00 DEBUG 16688 --- [camsbatch] [           main] org.hibernate.HQL_FUNCTIONS              : Double radians(NUMERIC arg)
2025-05-09T01:07:46.605+07:00 DEBUG 16688 --- [camsbatch] [           main] org.hibernate.HQL_FUNCTIONS              : Long rank([arg0[, ...]])
2025-05-09T01:07:46.605+07:00 DEBUG 16688 --- [camsbatch] [           main] org.hibernate.HQL_FUNCTIONS              : Double regr_avgx(NUMERIC arg0, NUMERIC arg1)
2025-05-09T01:07:46.605+07:00 DEBUG 16688 --- [camsbatch] [           main] org.hibernate.HQL_FUNCTIONS              : Double regr_avgy(NUMERIC arg0, NUMERIC arg1)
2025-05-09T01:07:46.605+07:00 DEBUG 16688 --- [camsbatch] [           main] org.hibernate.HQL_FUNCTIONS              : Double regr_count(NUMERIC arg0, NUMERIC arg1)
2025-05-09T01:07:46.605+07:00 DEBUG 16688 --- [camsbatch] [           main] org.hibernate.HQL_FUNCTIONS              : Double regr_intercept(NUMERIC arg0, NUMERIC arg1)
2025-05-09T01:07:46.605+07:00 DEBUG 16688 --- [camsbatch] [           main] org.hibernate.HQL_FUNCTIONS              : Double regr_r2(NUMERIC arg0, NUMERIC arg1)
2025-05-09T01:07:46.605+07:00 DEBUG 16688 --- [camsbatch] [           main] org.hibernate.HQL_FUNCTIONS              : Double regr_slope(NUMERIC arg0, NUMERIC arg1)
2025-05-09T01:07:46.605+07:00 DEBUG 16688 --- [camsbatch] [           main] org.hibernate.HQL_FUNCTIONS              : Double regr_sxx(NUMERIC arg0, NUMERIC arg1)
2025-05-09T01:07:46.605+07:00 DEBUG 16688 --- [camsbatch] [           main] org.hibernate.HQL_FUNCTIONS              : Double regr_sxy(NUMERIC arg0, NUMERIC arg1)
2025-05-09T01:07:46.605+07:00 DEBUG 16688 --- [camsbatch] [           main] org.hibernate.HQL_FUNCTIONS              : Double regr_syy(NUMERIC arg0, NUMERIC arg1)
2025-05-09T01:07:46.605+07:00 DEBUG 16688 --- [camsbatch] [           main] org.hibernate.HQL_FUNCTIONS              : String repeat(STRING string, INTEGER times)
2025-05-09T01:07:46.605+07:00 DEBUG 16688 --- [camsbatch] [           main] org.hibernate.HQL_FUNCTIONS              : String replace(STRING string, STRING pattern, STRING replacement)
2025-05-09T01:07:46.606+07:00 DEBUG 16688 --- [camsbatch] [           main] org.hibernate.HQL_FUNCTIONS              : String right(STRING string, INTEGER length)
2025-05-09T01:07:46.606+07:00 DEBUG 16688 --- [camsbatch] [           main] org.hibernate.HQL_FUNCTIONS              : round(NUMERIC number[, INTEGER places])
2025-05-09T01:07:46.606+07:00 DEBUG 16688 --- [camsbatch] [           main] org.hibernate.HQL_FUNCTIONS              : Long row_number()
2025-05-09T01:07:46.606+07:00 DEBUG 16688 --- [camsbatch] [           main] org.hibernate.HQL_FUNCTIONS              : String rpad(STRING string, INTEGER length[, STRING padding])
2025-05-09T01:07:46.606+07:00 DEBUG 16688 --- [camsbatch] [           main] org.hibernate.HQL_FUNCTIONS              : String rtrim(STRING string[, STRING characters])
2025-05-09T01:07:46.606+07:00 DEBUG 16688 --- [camsbatch] [           main] org.hibernate.HQL_FUNCTIONS              : Integer sign(NUMERIC arg)
2025-05-09T01:07:46.606+07:00 DEBUG 16688 --- [camsbatch] [           main] org.hibernate.HQL_FUNCTIONS              : Double sin(NUMERIC arg)
2025-05-09T01:07:46.606+07:00 DEBUG 16688 --- [camsbatch] [           main] org.hibernate.HQL_FUNCTIONS              : Double sinh(NUMERIC arg)
2025-05-09T01:07:46.606+07:00 DEBUG 16688 --- [camsbatch] [           main] org.hibernate.HQL_FUNCTIONS              : String soundex(arg)
2025-05-09T01:07:46.606+07:00 DEBUG 16688 --- [camsbatch] [           main] org.hibernate.HQL_FUNCTIONS              : Object sql
2025-05-09T01:07:46.606+07:00 DEBUG 16688 --- [camsbatch] [           main] org.hibernate.HQL_FUNCTIONS              : Double sqrt(NUMERIC arg)
2025-05-09T01:07:46.606+07:00 DEBUG 16688 --- [camsbatch] [           main] org.hibernate.HQL_FUNCTIONS              : Double stddev(NUMERIC arg)
2025-05-09T01:07:46.606+07:00 DEBUG 16688 --- [camsbatch] [           main] org.hibernate.HQL_FUNCTIONS              : Double stddev_pop(NUMERIC arg)
2025-05-09T01:07:46.606+07:00 DEBUG 16688 --- [camsbatch] [           main] org.hibernate.HQL_FUNCTIONS              : Double stddev_samp(NUMERIC arg)
2025-05-09T01:07:46.606+07:00 DEBUG 16688 --- [camsbatch] [           main] org.hibernate.HQL_FUNCTIONS              : String str(arg)
2025-05-09T01:07:46.606+07:00 DEBUG 16688 --- [camsbatch] [           main] org.hibernate.HQL_FUNCTIONS              : String substr(STRING string, INTEGER start[, INTEGER length])
2025-05-09T01:07:46.606+07:00 DEBUG 16688 --- [camsbatch] [           main] org.hibernate.HQL_FUNCTIONS              : String substring(STRING string{ from|,} INTEGER start[{ for|,} INTEGER length])
2025-05-09T01:07:46.606+07:00 DEBUG 16688 --- [camsbatch] [           main] org.hibernate.HQL_FUNCTIONS              : sum(arg)
2025-05-09T01:07:46.606+07:00 DEBUG 16688 --- [camsbatch] [           main] org.hibernate.HQL_FUNCTIONS              : Double tan(NUMERIC arg)
2025-05-09T01:07:46.606+07:00 DEBUG 16688 --- [camsbatch] [           main] org.hibernate.HQL_FUNCTIONS              : Double tanh(NUMERIC arg)
2025-05-09T01:07:46.607+07:00 DEBUG 16688 --- [camsbatch] [           main] org.hibernate.HQL_FUNCTIONS              : timestampadd(TEMPORAL_UNIT field, INTEGER magnitude, TEMPORAL datetime)
2025-05-09T01:07:46.612+07:00 DEBUG 16688 --- [camsbatch] [           main] org.hibernate.HQL_FUNCTIONS              : Long|Double timestampdiff(TEMPORAL_UNIT field, TEMPORAL start, TEMPORAL end)
2025-05-09T01:07:46.616+07:00 DEBUG 16688 --- [camsbatch] [           main] org.hibernate.HQL_FUNCTIONS              : String to_char(ANY arg0[, STRING arg1, STRING arg2])
2025-05-09T01:07:46.616+07:00 DEBUG 16688 --- [camsbatch] [           main] org.hibernate.HQL_FUNCTIONS              : Date to_date(STRING arg0[, STRING arg1, STRING arg2])
2025-05-09T01:07:46.616+07:00 DEBUG 16688 --- [camsbatch] [           main] org.hibernate.HQL_FUNCTIONS              : Double to_number(STRING arg0[, STRING arg1, STRING arg2])
2025-05-09T01:07:46.616+07:00 DEBUG 16688 --- [camsbatch] [           main] org.hibernate.HQL_FUNCTIONS              : Timestamp to_timestamp(STRING arg0[, STRING arg1, STRING arg2])
2025-05-09T01:07:46.616+07:00 DEBUG 16688 --- [camsbatch] [           main] org.hibernate.HQL_FUNCTIONS              : String translate(STRING arg0, STRING arg1, STRING arg2)
2025-05-09T01:07:46.616+07:00 DEBUG 16688 --- [camsbatch] [           main] org.hibernate.HQL_FUNCTIONS              : String trim([[{leading|trailing|both} ][STRING arg0 ]from] STRING arg1)
2025-05-09T01:07:46.616+07:00 DEBUG 16688 --- [camsbatch] [           main] org.hibernate.HQL_FUNCTIONS              : trunc( ... )
2025-05-09T01:07:46.616+07:00 DEBUG 16688 --- [camsbatch] [           main] org.hibernate.HQL_FUNCTIONS              : truncate( ... )
2025-05-09T01:07:46.616+07:00 DEBUG 16688 --- [camsbatch] [           main] org.hibernate.HQL_FUNCTIONS              : String upper(STRING string)
2025-05-09T01:07:46.616+07:00 DEBUG 16688 --- [camsbatch] [           main] org.hibernate.HQL_FUNCTIONS              : Double var_pop(NUMERIC arg)
2025-05-09T01:07:46.616+07:00 DEBUG 16688 --- [camsbatch] [           main] org.hibernate.HQL_FUNCTIONS              : Double var_samp(NUMERIC arg)
2025-05-09T01:07:46.616+07:00 DEBUG 16688 --- [camsbatch] [           main] org.hibernate.HQL_FUNCTIONS              : Double variance(NUMERIC arg)
2025-05-09T01:07:46.621+07:00 DEBUG 16688 --- [camsbatch] [           main] org.hibernate.orm.query.plan.cache       : Starting QueryInterpretationCache(2048)
2025-05-09T01:07:46.785+07:00 DEBUG 16688 --- [camsbatch] [           main] .h.s.i.SessionFactoryServiceRegistryImpl : EventListenerRegistry access via ServiceRegistry is deprecated.  Use `sessionFactory.getEventEngine().getListenerRegistry()` instead
2025-05-09T01:07:46.786+07:00 DEBUG 16688 --- [camsbatch] [           main] h.e.i.EntityCopyObserverFactoryInitiator : Configured EntityCopyObserver strategy: disallow
2025-05-09T01:07:46.971+07:00 DEBUG 16688 --- [camsbatch] [           main] o.h.boot.internal.ClassLoaderAccessImpl  : Not known whether passed class name [id.co.bca.camsbatch.model.Order] is safe
2025-05-09T01:07:46.971+07:00 DEBUG 16688 --- [camsbatch] [           main] o.h.boot.internal.ClassLoaderAccessImpl  : No temp ClassLoader provided; using live ClassLoader for loading potentially unsafe class : id.co.bca.camsbatch.model.Order
2025-05-09T01:07:47.305+07:00 DEBUG 16688 --- [camsbatch] [           main] o.h.b.i.bytebuddy.BytecodeProviderImpl   : HHH000513: Unable to create the ReflectionOptimizer for [id.co.bca.camsbatch.model.Order]: private accessor [customerName]
2025-05-09T01:07:47.356+07:00 DEBUG 16688 --- [camsbatch] [           main] o.h.boot.internal.ClassLoaderAccessImpl  : Not known whether passed class name [id.co.bca.camsbatch.model.Person] is safe
2025-05-09T01:07:47.356+07:00 DEBUG 16688 --- [camsbatch] [           main] o.h.boot.internal.ClassLoaderAccessImpl  : No temp ClassLoader provided; using live ClassLoader for loading potentially unsafe class : id.co.bca.camsbatch.model.Person
2025-05-09T01:07:47.393+07:00 DEBUG 16688 --- [camsbatch] [           main] o.h.b.i.bytebuddy.BytecodeProviderImpl   : HHH000513: Unable to create the ReflectionOptimizer for [id.co.bca.camsbatch.model.Person]: private accessor [age]
2025-05-09T01:07:47.395+07:00 DEBUG 16688 --- [camsbatch] [           main] o.h.boot.internal.ClassLoaderAccessImpl  : Not known whether passed class name [id.co.bca.camsbatch.model.Customer] is safe
2025-05-09T01:07:47.395+07:00 DEBUG 16688 --- [camsbatch] [           main] o.h.boot.internal.ClassLoaderAccessImpl  : No temp ClassLoader provided; using live ClassLoader for loading potentially unsafe class : id.co.bca.camsbatch.model.Customer
2025-05-09T01:07:47.418+07:00 DEBUG 16688 --- [camsbatch] [           main] o.h.b.i.bytebuddy.BytecodeProviderImpl   : HHH000513: Unable to create the ReflectionOptimizer for [id.co.bca.camsbatch.model.Customer]: private accessor [email]
2025-05-09T01:07:47.461+07:00 DEBUG 16688 --- [camsbatch] [           main] o.hibernate.orm.model.mapping.creation   : Starting post-init callbacks
2025-05-09T01:07:47.461+07:00 DEBUG 16688 --- [camsbatch] [           main] o.hibernate.orm.model.mapping.creation   : Starting PostInitCallbackEntry : Entity(id.co.bca.camsbatch.model.Order) `staticFetchableList` generator
2025-05-09T01:07:47.462+07:00 DEBUG 16688 --- [camsbatch] [           main] o.hibernate.orm.model.mapping.creation   : Starting PostInitCallbackEntry : Entity(id.co.bca.camsbatch.model.Person) `staticFetchableList` generator
2025-05-09T01:07:47.462+07:00 DEBUG 16688 --- [camsbatch] [           main] o.hibernate.orm.model.mapping.creation   : Starting PostInitCallbackEntry : Entity(id.co.bca.camsbatch.model.Customer) `staticFetchableList` generator
2025-05-09T01:07:47.659+07:00 DEBUG 16688 --- [camsbatch] [           main] org.hibernate.orm.sql.ast.create         : Created new SQL alias : o1_0
2025-05-09T01:07:47.664+07:00 DEBUG 16688 --- [camsbatch] [           main] org.hibernate.orm.sql.ast.create         : Registration of TableGroup [StandardTableGroup(id.co.bca.camsbatch.model.Order)] with identifierForTableGroup [id.co.bca.camsbatch.model.Order] for NavigablePath [id.co.bca.camsbatch.model.Order] 
2025-05-09T01:07:47.688+07:00 DEBUG 16688 --- [camsbatch] [           main] org.hibernate.orm.results.graph.AST      : DomainResult Graph:
 \-EntityResultImpl [id.co.bca.camsbatch.model.Order]
 |  +-BasicFetch [id.co.bca.camsbatch.model.Order.customerName]
 |  +-BasicFetch [id.co.bca.camsbatch.model.Order.orderDate]
 |  \-BasicFetch [id.co.bca.camsbatch.model.Order.orderId]

2025-05-09T01:07:47.695+07:00 DEBUG 16688 --- [camsbatch] [           main] org.hibernate.orm.sql.ast.tree           : SQL AST Tree:
    SelectStatement {
      FromClause {
        StandardTableGroup (o1 : id.co.bca.camsbatch.model.Order) {
          primaryTableReference : cros.order as o1_0
        }
      }
    }

2025-05-09T01:07:47.715+07:00 DEBUG 16688 --- [camsbatch] [           main] o.h.p.entity.AbstractEntityPersister     : Static SQL for entity: id.co.bca.camsbatch.model.Order
2025-05-09T01:07:47.716+07:00 DEBUG 16688 --- [camsbatch] [           main] o.h.p.entity.AbstractEntityPersister     :  Version select: select id from cros.order where id=?
2025-05-09T01:07:47.716+07:00 DEBUG 16688 --- [camsbatch] [           main] o.h.p.entity.AbstractEntityPersister     :  Insert (0): insert into cros.order (customer_name,order_date,order_id) values (?,?,?)
2025-05-09T01:07:47.716+07:00 DEBUG 16688 --- [camsbatch] [           main] o.h.p.entity.AbstractEntityPersister     :  Update (0): update cros.order set customer_name=?,order_date=?,order_id=? where id=?
2025-05-09T01:07:47.716+07:00 DEBUG 16688 --- [camsbatch] [           main] o.h.p.entity.AbstractEntityPersister     :  Delete (0): delete from cros.order where id=?
2025-05-09T01:07:47.716+07:00 DEBUG 16688 --- [camsbatch] [           main] org.hibernate.orm.sql.ast.create         : Created new SQL alias : p1_0
2025-05-09T01:07:47.716+07:00 DEBUG 16688 --- [camsbatch] [           main] org.hibernate.orm.sql.ast.create         : Registration of TableGroup [StandardTableGroup(id.co.bca.camsbatch.model.Person)] with identifierForTableGroup [id.co.bca.camsbatch.model.Person] for NavigablePath [id.co.bca.camsbatch.model.Person] 
2025-05-09T01:07:47.716+07:00 DEBUG 16688 --- [camsbatch] [           main] org.hibernate.orm.results.graph.AST      : DomainResult Graph:
 \-EntityResultImpl [id.co.bca.camsbatch.model.Person]
 |  +-BasicFetch [id.co.bca.camsbatch.model.Person.age]
 |  +-BasicFetch [id.co.bca.camsbatch.model.Person.email]
 |  +-BasicFetch [id.co.bca.camsbatch.model.Person.firstName]
 |  \-BasicFetch [id.co.bca.camsbatch.model.Person.lastName]

2025-05-09T01:07:47.716+07:00 DEBUG 16688 --- [camsbatch] [           main] org.hibernate.orm.sql.ast.tree           : SQL AST Tree:
    SelectStatement {
      FromClause {
        StandardTableGroup (p1 : id.co.bca.camsbatch.model.Person) {
          primaryTableReference : cros.person as p1_0
        }
      }
    }

2025-05-09T01:07:47.717+07:00 DEBUG 16688 --- [camsbatch] [           main] o.h.p.entity.AbstractEntityPersister     : Static SQL for entity: id.co.bca.camsbatch.model.Person
2025-05-09T01:07:47.717+07:00 DEBUG 16688 --- [camsbatch] [           main] o.h.p.entity.AbstractEntityPersister     :  Version select: select id from cros.person where id=?
2025-05-09T01:07:47.717+07:00 DEBUG 16688 --- [camsbatch] [           main] o.h.p.entity.AbstractEntityPersister     :  Insert (0): insert into cros.person (age,email,first_name,last_name) values (?,?,?,?)
2025-05-09T01:07:47.717+07:00 DEBUG 16688 --- [camsbatch] [           main] o.h.p.entity.AbstractEntityPersister     :  Update (0): update cros.person set age=?,email=?,first_name=?,last_name=? where id=?
2025-05-09T01:07:47.717+07:00 DEBUG 16688 --- [camsbatch] [           main] o.h.p.entity.AbstractEntityPersister     :  Delete (0): delete from cros.person where id=?
2025-05-09T01:07:47.717+07:00 DEBUG 16688 --- [camsbatch] [           main] org.hibernate.orm.sql.ast.create         : Created new SQL alias : c1_0
2025-05-09T01:07:47.717+07:00 DEBUG 16688 --- [camsbatch] [           main] org.hibernate.orm.sql.ast.create         : Registration of TableGroup [StandardTableGroup(id.co.bca.camsbatch.model.Customer)] with identifierForTableGroup [id.co.bca.camsbatch.model.Customer] for NavigablePath [id.co.bca.camsbatch.model.Customer] 
2025-05-09T01:07:47.717+07:00 DEBUG 16688 --- [camsbatch] [           main] org.hibernate.orm.results.graph.AST      : DomainResult Graph:
 \-EntityResultImpl [id.co.bca.camsbatch.model.Customer]
 |  +-BasicFetch [id.co.bca.camsbatch.model.Customer.email]
 |  +-BasicFetch [id.co.bca.camsbatch.model.Customer.firstName]
 |  \-BasicFetch [id.co.bca.camsbatch.model.Customer.lastName]

2025-05-09T01:07:47.717+07:00 DEBUG 16688 --- [camsbatch] [           main] org.hibernate.orm.sql.ast.tree           : SQL AST Tree:
    SelectStatement {
      FromClause {
        StandardTableGroup (c1 : id.co.bca.camsbatch.model.Customer) {
          primaryTableReference : cros.customer as c1_0
        }
      }
    }

2025-05-09T01:07:47.717+07:00 DEBUG 16688 --- [camsbatch] [           main] o.h.p.entity.AbstractEntityPersister     : Static SQL for entity: id.co.bca.camsbatch.model.Customer
2025-05-09T01:07:47.717+07:00 DEBUG 16688 --- [camsbatch] [           main] o.h.p.entity.AbstractEntityPersister     :  Version select: select id from cros.customer where id=?
2025-05-09T01:07:47.717+07:00 DEBUG 16688 --- [camsbatch] [           main] o.h.p.entity.AbstractEntityPersister     :  Insert (0): insert into cros.customer (email,first_name,last_name) values (?,?,?)
2025-05-09T01:07:47.717+07:00 DEBUG 16688 --- [camsbatch] [           main] o.h.p.entity.AbstractEntityPersister     :  Update (0): update cros.customer set email=?,first_name=?,last_name=? where id=?
2025-05-09T01:07:47.717+07:00 DEBUG 16688 --- [camsbatch] [           main] o.h.p.entity.AbstractEntityPersister     :  Delete (0): delete from cros.customer where id=?
2025-05-09T01:07:47.769+07:00  INFO 16688 --- [camsbatch] [           main] o.h.e.t.j.p.i.JtaPlatformInitiator       : HHH000489: No JTA platform available (set 'hibernate.transaction.jta.platform' to enable JTA platform integration)
2025-05-09T01:07:47.770+07:00 DEBUG 16688 --- [camsbatch] [           main] o.h.type.spi.TypeConfiguration$Scope     : Scoping TypeConfiguration [org.hibernate.type.spi.TypeConfiguration@2c7ad4f3] to SessionFactoryImplementor [org.hibernate.internal.SessionFactoryImpl@38197e82]
2025-05-09T01:07:47.772+07:00 DEBUG 16688 --- [camsbatch] [           main] o.h.query.named.NamedObjectRepository    : Checking 0 named HQL queries
2025-05-09T01:07:47.772+07:00 DEBUG 16688 --- [camsbatch] [           main] o.h.query.named.NamedObjectRepository    : Checking 0 named SQL queries
2025-05-09T01:07:47.881+07:00 DEBUG 16688 --- [camsbatch] [           main] org.hibernate.mapping.Table              : No alter strings for table : customer
2025-05-09T01:07:47.881+07:00 DEBUG 16688 --- [camsbatch] [           main] org.hibernate.mapping.Table              : No alter strings for table : order
2025-05-09T01:07:47.881+07:00 DEBUG 16688 --- [camsbatch] [           main] org.hibernate.mapping.Table              : No alter strings for table : person
2025-05-09T01:07:47.902+07:00 DEBUG 16688 --- [camsbatch] [           main] o.h.internal.SessionFactoryRegistry      : Initializing SessionFactoryRegistry : org.hibernate.internal.SessionFactoryRegistry@76208b80
2025-05-09T01:07:47.903+07:00 DEBUG 16688 --- [camsbatch] [           main] o.h.internal.SessionFactoryRegistry      : Registering SessionFactory: aad6453d-bec1-4608-b28b-2b9be63ab2ef (<unnamed>)
2025-05-09T01:07:47.903+07:00 DEBUG 16688 --- [camsbatch] [           main] o.h.internal.SessionFactoryRegistry      : Not binding SessionFactory to JNDI, no JNDI name configured
2025-05-09T01:07:47.903+07:00 DEBUG 16688 --- [camsbatch] [           main] o.hibernate.internal.SessionFactoryImpl  : Instantiated SessionFactory
2025-05-09T01:07:47.903+07:00  INFO 16688 --- [camsbatch] [           main] j.LocalContainerEntityManagerFactoryBean : Initialized JPA EntityManagerFactory for persistence unit 'default'
2025-05-09T01:07:48.909+07:00  WARN 16688 --- [camsbatch] [           main] JpaBaseConfiguration$JpaWebConfiguration : spring.jpa.open-in-view is enabled by default. Therefore, database queries may be performed during view rendering. Explicitly configure spring.jpa.open-in-view to disable this warning
2025-05-09T01:07:50.180+07:00 DEBUG 16688 --- [camsbatch] [           main] o.h.stat.internal.StatisticsInitiator    : Statistics initialized [enabled=false]
2025-05-09T01:07:50.779+07:00  INFO 16688 --- [camsbatch] [           main] i.c.b.c.CamsbatchApplicationTests        : Started CamsbatchApplicationTests in 9.075 seconds (process running for 10.26)
2025-05-09T01:07:50.827+07:00 DEBUG 16688 --- [camsbatch] [           main] o.h.e.t.internal.TransactionImpl         : On TransactionImpl creation, JpaCompliance#isJpaTransactionComplianceEnabled == false
2025-05-09T01:07:50.827+07:00 DEBUG 16688 --- [camsbatch] [           main] o.h.e.t.internal.TransactionImpl         : begin
2025-05-09T01:07:50.853+07:00 DEBUG 16688 --- [camsbatch] [           main] o.h.e.t.internal.TransactionImpl         : committing
2025-05-09T01:07:50.859+07:00 DEBUG 16688 --- [camsbatch] [           main] o.h.e.t.internal.TransactionImpl         : On TransactionImpl creation, JpaCompliance#isJpaTransactionComplianceEnabled == false
2025-05-09T01:07:50.859+07:00 DEBUG 16688 --- [camsbatch] [           main] o.h.e.t.internal.TransactionImpl         : begin
2025-05-09T01:07:50.891+07:00 DEBUG 16688 --- [camsbatch] [           main] o.h.e.t.internal.TransactionImpl         : committing
2025-05-09T01:07:50.895+07:00  INFO 16688 --- [camsbatch] [           main] o.s.b.c.l.s.TaskExecutorJobLauncher      : Job: [FlowJob: [name=importDataJob]] launched with the following parameters: [{'time':'{value=1746727670789, type=class java.lang.Long, identifying=true}'}]
2025-05-09T01:07:50.915+07:00 DEBUG 16688 --- [camsbatch] [           main] o.h.e.t.internal.TransactionImpl         : On TransactionImpl creation, JpaCompliance#isJpaTransactionComplianceEnabled == false
2025-05-09T01:07:50.915+07:00 DEBUG 16688 --- [camsbatch] [           main] o.h.e.t.internal.TransactionImpl         : begin
2025-05-09T01:07:50.925+07:00 DEBUG 16688 --- [camsbatch] [           main] o.h.e.t.internal.TransactionImpl         : committing
2025-05-09T01:07:50.953+07:00 DEBUG 16688 --- [camsbatch] [   batch_task-2] o.h.e.t.internal.TransactionImpl         : On TransactionImpl creation, JpaCompliance#isJpaTransactionComplianceEnabled == false
2025-05-09T01:07:50.954+07:00 DEBUG 16688 --- [camsbatch] [   batch_task-3] o.h.e.t.internal.TransactionImpl         : On TransactionImpl creation, JpaCompliance#isJpaTransactionComplianceEnabled == false
2025-05-09T01:07:50.955+07:00 DEBUG 16688 --- [camsbatch] [   batch_task-3] o.h.e.t.internal.TransactionImpl         : begin
2025-05-09T01:07:50.955+07:00 DEBUG 16688 --- [camsbatch] [   batch_task-2] o.h.e.t.internal.TransactionImpl         : begin
2025-05-09T01:07:50.958+07:00 DEBUG 16688 --- [camsbatch] [   batch_task-3] o.h.e.t.internal.TransactionImpl         : committing
2025-05-09T01:07:50.959+07:00 DEBUG 16688 --- [camsbatch] [   batch_task-3] o.h.e.t.internal.TransactionImpl         : On TransactionImpl creation, JpaCompliance#isJpaTransactionComplianceEnabled == false
2025-05-09T01:07:50.959+07:00 DEBUG 16688 --- [camsbatch] [   batch_task-3] o.h.e.t.internal.TransactionImpl         : begin
2025-05-09T01:07:50.961+07:00 DEBUG 16688 --- [camsbatch] [   batch_task-3] o.h.e.t.internal.TransactionImpl         : committing
2025-05-09T01:07:50.961+07:00 DEBUG 16688 --- [camsbatch] [   batch_task-2] o.h.e.t.internal.TransactionImpl         : committing
2025-05-09T01:07:50.962+07:00 DEBUG 16688 --- [camsbatch] [   batch_task-3] o.h.e.t.internal.TransactionImpl         : On TransactionImpl creation, JpaCompliance#isJpaTransactionComplianceEnabled == false
2025-05-09T01:07:50.962+07:00 DEBUG 16688 --- [camsbatch] [   batch_task-2] o.h.e.t.internal.TransactionImpl         : On TransactionImpl creation, JpaCompliance#isJpaTransactionComplianceEnabled == false
2025-05-09T01:07:50.962+07:00 DEBUG 16688 --- [camsbatch] [   batch_task-3] o.h.e.t.internal.TransactionImpl         : begin
2025-05-09T01:07:50.962+07:00 DEBUG 16688 --- [camsbatch] [   batch_task-2] o.h.e.t.internal.TransactionImpl         : begin
2025-05-09T01:07:50.963+07:00 DEBUG 16688 --- [camsbatch] [   batch_task-3] o.h.e.t.internal.TransactionImpl         : committing
2025-05-09T01:07:50.963+07:00 DEBUG 16688 --- [camsbatch] [   batch_task-2] o.h.e.t.internal.TransactionImpl         : committing
2025-05-09T01:07:50.963+07:00 DEBUG 16688 --- [camsbatch] [   batch_task-3] o.h.e.t.internal.TransactionImpl         : On TransactionImpl creation, JpaCompliance#isJpaTransactionComplianceEnabled == false
2025-05-09T01:07:50.963+07:00 DEBUG 16688 --- [camsbatch] [   batch_task-3] o.h.e.t.internal.TransactionImpl         : begin
2025-05-09T01:07:50.963+07:00 DEBUG 16688 --- [camsbatch] [   batch_task-2] o.h.e.t.internal.TransactionImpl         : On TransactionImpl creation, JpaCompliance#isJpaTransactionComplianceEnabled == false
2025-05-09T01:07:50.963+07:00 DEBUG 16688 --- [camsbatch] [   batch_task-2] o.h.e.t.internal.TransactionImpl         : begin
2025-05-09T01:07:50.965+07:00 DEBUG 16688 --- [camsbatch] [   batch_task-2] o.h.e.t.internal.TransactionImpl         : committing
2025-05-09T01:07:50.966+07:00 DEBUG 16688 --- [camsbatch] [   batch_task-2] o.h.e.t.internal.TransactionImpl         : On TransactionImpl creation, JpaCompliance#isJpaTransactionComplianceEnabled == false
2025-05-09T01:07:50.966+07:00 DEBUG 16688 --- [camsbatch] [   batch_task-2] o.h.e.t.internal.TransactionImpl         : begin
2025-05-09T01:07:50.969+07:00 DEBUG 16688 --- [camsbatch] [   batch_task-3] o.h.e.t.internal.TransactionImpl         : committing
2025-05-09T01:07:50.971+07:00 DEBUG 16688 --- [camsbatch] [   batch_task-2] o.h.e.t.internal.TransactionImpl         : committing
2025-05-09T01:07:50.971+07:00  INFO 16688 --- [camsbatch] [   batch_task-3] o.s.batch.core.job.SimpleStepHandler     : Executing step: [processOrderStep]
2025-05-09T01:07:50.972+07:00  INFO 16688 --- [camsbatch] [   batch_task-2] o.s.batch.core.job.SimpleStepHandler     : Executing step: [processPersonStep]
2025-05-09T01:07:50.973+07:00 DEBUG 16688 --- [camsbatch] [   batch_task-3] o.h.e.t.internal.TransactionImpl         : On TransactionImpl creation, JpaCompliance#isJpaTransactionComplianceEnabled == false
2025-05-09T01:07:50.973+07:00 DEBUG 16688 --- [camsbatch] [   batch_task-3] o.h.e.t.internal.TransactionImpl         : begin
2025-05-09T01:07:50.973+07:00 DEBUG 16688 --- [camsbatch] [   batch_task-2] o.h.e.t.internal.TransactionImpl         : On TransactionImpl creation, JpaCompliance#isJpaTransactionComplianceEnabled == false
2025-05-09T01:07:50.973+07:00 DEBUG 16688 --- [camsbatch] [   batch_task-2] o.h.e.t.internal.TransactionImpl         : begin
2025-05-09T01:07:50.975+07:00 DEBUG 16688 --- [camsbatch] [   batch_task-2] o.h.e.t.internal.TransactionImpl         : committing
2025-05-09T01:07:50.976+07:00 DEBUG 16688 --- [camsbatch] [   batch_task-3] o.h.e.t.internal.TransactionImpl         : committing
2025-05-09T01:07:50.979+07:00 DEBUG 16688 --- [camsbatch] [   batch_task-3] o.h.e.t.internal.TransactionImpl         : On TransactionImpl creation, JpaCompliance#isJpaTransactionComplianceEnabled == false
2025-05-09T01:07:50.979+07:00 DEBUG 16688 --- [camsbatch] [   batch_task-2] o.h.e.t.internal.TransactionImpl         : On TransactionImpl creation, JpaCompliance#isJpaTransactionComplianceEnabled == false
2025-05-09T01:07:50.979+07:00 DEBUG 16688 --- [camsbatch] [   batch_task-3] o.h.e.t.internal.TransactionImpl         : begin
2025-05-09T01:07:50.979+07:00 DEBUG 16688 --- [camsbatch] [   batch_task-2] o.h.e.t.internal.TransactionImpl         : begin
2025-05-09T01:07:50.983+07:00 DEBUG 16688 --- [camsbatch] [   batch_task-3] o.h.e.t.internal.TransactionImpl         : committing
2025-05-09T01:07:50.986+07:00 DEBUG 16688 --- [camsbatch] [   batch_task-2] o.h.e.t.internal.TransactionImpl         : committing
2025-05-09T01:07:50.990+07:00 DEBUG 16688 --- [camsbatch] [   batch_task-2] o.h.e.t.internal.TransactionImpl         : On TransactionImpl creation, JpaCompliance#isJpaTransactionComplianceEnabled == false
2025-05-09T01:07:50.990+07:00 DEBUG 16688 --- [camsbatch] [   batch_task-3] o.h.e.t.internal.TransactionImpl         : On TransactionImpl creation, JpaCompliance#isJpaTransactionComplianceEnabled == false
2025-05-09T01:07:50.990+07:00 DEBUG 16688 --- [camsbatch] [   batch_task-2] o.h.e.t.internal.TransactionImpl         : begin
2025-05-09T01:07:50.990+07:00 DEBUG 16688 --- [camsbatch] [   batch_task-3] o.h.e.t.internal.TransactionImpl         : begin
2025-05-09T01:07:50.997+07:00 DEBUG 16688 --- [camsbatch] [   batch_task-1] o.h.e.t.internal.TransactionImpl         : On TransactionImpl creation, JpaCompliance#isJpaTransactionComplianceEnabled == false
2025-05-09T01:07:50.998+07:00 DEBUG 16688 --- [camsbatch] [   batch_task-1] o.h.e.t.internal.TransactionImpl         : begin
2025-05-09T01:07:50.999+07:00 DEBUG 16688 --- [camsbatch] [   batch_task-2] o.h.e.t.internal.TransactionImpl         : rolling back
2025-05-09T01:07:51.006+07:00 DEBUG 16688 --- [camsbatch] [   batch_task-1] o.h.e.t.internal.TransactionImpl         : committing
2025-05-09T01:07:51.008+07:00 DEBUG 16688 --- [camsbatch] [   batch_task-1] o.h.e.t.internal.TransactionImpl         : On TransactionImpl creation, JpaCompliance#isJpaTransactionComplianceEnabled == false
2025-05-09T01:07:51.008+07:00 DEBUG 16688 --- [camsbatch] [   batch_task-1] o.h.e.t.internal.TransactionImpl         : begin
2025-05-09T01:07:51.003+07:00 ERROR 16688 --- [camsbatch] [   batch_task-2] o.s.batch.core.step.AbstractStep         : Encountered an error executing step processPersonStep in job importDataJob

org.springframework.batch.item.file.FlatFileParseException: Parsing error at line: 1 in resource=[class path resource [data//orders.txt]], input=[1001,John Doe,2023-10-01]
	at org.springframework.batch.item.file.FlatFileItemReader.doRead(FlatFileItemReader.java:198) ~[spring-batch-infrastructure-5.2.2.jar:5.2.2]
	at org.springframework.batch.item.support.AbstractItemCountingItemStreamItemReader.read(AbstractItemCountingItemStreamItemReader.java:93) ~[spring-batch-infrastructure-5.2.2.jar:5.2.2]
	at org.springframework.batch.core.step.item.SimpleChunkProvider.doRead(SimpleChunkProvider.java:108) ~[spring-batch-core-5.2.2.jar:5.2.2]
	at org.springframework.batch.core.step.item.SimpleChunkProvider.read(SimpleChunkProvider.java:182) ~[spring-batch-core-5.2.2.jar:5.2.2]
	at org.springframework.batch.core.step.item.SimpleChunkProvider.lambda$provide$0(SimpleChunkProvider.java:132) ~[spring-batch-core-5.2.2.jar:5.2.2]
	at org.springframework.batch.repeat.support.RepeatTemplate.getNextResult(RepeatTemplate.java:369) ~[spring-batch-infrastructure-5.2.2.jar:5.2.2]
	at org.springframework.batch.repeat.support.RepeatTemplate.executeInternal(RepeatTemplate.java:206) ~[spring-batch-infrastructure-5.2.2.jar:5.2.2]
	at org.springframework.batch.repeat.support.RepeatTemplate.iterate(RepeatTemplate.java:140) ~[spring-batch-infrastructure-5.2.2.jar:5.2.2]
	at org.springframework.batch.core.step.item.SimpleChunkProvider.provide(SimpleChunkProvider.java:127) ~[spring-batch-core-5.2.2.jar:5.2.2]
	at org.springframework.batch.core.step.item.ChunkOrientedTasklet.execute(ChunkOrientedTasklet.java:69) ~[spring-batch-core-5.2.2.jar:5.2.2]
	at org.springframework.batch.core.step.tasklet.TaskletStep$ChunkTransactionCallback.doInTransaction(TaskletStep.java:383) ~[spring-batch-core-5.2.2.jar:5.2.2]
	at org.springframework.batch.core.step.tasklet.TaskletStep$ChunkTransactionCallback.doInTransaction(TaskletStep.java:307) ~[spring-batch-core-5.2.2.jar:5.2.2]
	at org.springframework.transaction.support.TransactionTemplate.execute(TransactionTemplate.java:140) ~[spring-tx-6.2.6.jar:6.2.6]
	at org.springframework.batch.core.step.tasklet.TaskletStep$2.doInChunkContext(TaskletStep.java:250) ~[spring-batch-core-5.2.2.jar:5.2.2]
	at org.springframework.batch.core.scope.context.StepContextRepeatCallback.doInIteration(StepContextRepeatCallback.java:82) ~[spring-batch-core-5.2.2.jar:5.2.2]
	at org.springframework.batch.repeat.support.RepeatTemplate.getNextResult(RepeatTemplate.java:369) ~[spring-batch-infrastructure-5.2.2.jar:5.2.2]
	at org.springframework.batch.repeat.support.RepeatTemplate.executeInternal(RepeatTemplate.java:206) ~[spring-batch-infrastructure-5.2.2.jar:5.2.2]
	at org.springframework.batch.repeat.support.RepeatTemplate.iterate(RepeatTemplate.java:140) ~[spring-batch-infrastructure-5.2.2.jar:5.2.2]
	at org.springframework.batch.core.step.tasklet.TaskletStep.doExecute(TaskletStep.java:235) ~[spring-batch-core-5.2.2.jar:5.2.2]
	at org.springframework.batch.core.step.AbstractStep.execute(AbstractStep.java:230) ~[spring-batch-core-5.2.2.jar:5.2.2]
	at org.springframework.batch.core.job.SimpleStepHandler.handleStep(SimpleStepHandler.java:153) ~[spring-batch-core-5.2.2.jar:5.2.2]
	at org.springframework.batch.core.job.flow.JobFlowExecutor.executeStep(JobFlowExecutor.java:68) ~[spring-batch-core-5.2.2.jar:5.2.2]
	at org.springframework.batch.core.job.flow.support.state.StepState.handle(StepState.java:68) ~[spring-batch-core-5.2.2.jar:5.2.2]
	at org.springframework.batch.core.job.flow.support.SimpleFlow.resume(SimpleFlow.java:165) ~[spring-batch-core-5.2.2.jar:5.2.2]
	at org.springframework.batch.core.job.flow.support.SimpleFlow.start(SimpleFlow.java:140) ~[spring-batch-core-5.2.2.jar:5.2.2]
	at org.springframework.batch.core.job.flow.support.state.SplitState.lambda$handle$0(SplitState.java:107) ~[spring-batch-core-5.2.2.jar:5.2.2]
	at java.base/java.util.concurrent.FutureTask.run(FutureTask.java:264) ~[na:na]
	at org.springframework.core.task.SimpleAsyncTaskExecutor$TaskTrackingRunnable.run(SimpleAsyncTaskExecutor.java:432) ~[spring-core-6.2.6.jar:6.2.6]
	at java.base/java.lang.Thread.run(Thread.java:840) ~[na:na]
Caused by: org.springframework.batch.item.file.transform.IncorrectTokenCountException: Incorrect number of tokens found in record: expected 4 actual 3
	at org.springframework.batch.item.file.transform.AbstractLineTokenizer.tokenize(AbstractLineTokenizer.java:134) ~[spring-batch-infrastructure-5.2.2.jar:5.2.2]
	at org.springframework.batch.item.file.mapping.DefaultLineMapper.mapLine(DefaultLineMapper.java:42) ~[spring-batch-infrastructure-5.2.2.jar:5.2.2]
	at org.springframework.batch.item.file.FlatFileItemReader.doRead(FlatFileItemReader.java:194) ~[spring-batch-infrastructure-5.2.2.jar:5.2.2]
	... 28 common frames omitted

2025-05-09T01:07:51.010+07:00 DEBUG 16688 --- [camsbatch] [   batch_task-1] o.h.e.t.internal.TransactionImpl         : committing
2025-05-09T01:07:51.012+07:00 DEBUG 16688 --- [camsbatch] [   batch_task-1] o.h.e.t.internal.TransactionImpl         : On TransactionImpl creation, JpaCompliance#isJpaTransactionComplianceEnabled == false
2025-05-09T01:07:51.012+07:00 DEBUG 16688 --- [camsbatch] [   batch_task-1] o.h.e.t.internal.TransactionImpl         : begin
2025-05-09T01:07:51.013+07:00 DEBUG 16688 --- [camsbatch] [   batch_task-1] o.h.e.t.internal.TransactionImpl         : committing
2025-05-09T01:07:51.014+07:00 DEBUG 16688 --- [camsbatch] [   batch_task-1] o.h.e.t.internal.TransactionImpl         : On TransactionImpl creation, JpaCompliance#isJpaTransactionComplianceEnabled == false
2025-05-09T01:07:51.014+07:00 DEBUG 16688 --- [camsbatch] [   batch_task-1] o.h.e.t.internal.TransactionImpl         : begin
2025-05-09T01:07:51.018+07:00  INFO 16688 --- [camsbatch] [   batch_task-2] o.s.batch.core.step.AbstractStep         : Step: [processPersonStep] executed in 38ms
2025-05-09T01:07:51.018+07:00 DEBUG 16688 --- [camsbatch] [   batch_task-1] o.h.e.t.internal.TransactionImpl         : committing
2025-05-09T01:07:51.019+07:00 DEBUG 16688 --- [camsbatch] [   batch_task-2] o.h.e.t.internal.TransactionImpl         : On TransactionImpl creation, JpaCompliance#isJpaTransactionComplianceEnabled == false
2025-05-09T01:07:51.019+07:00 DEBUG 16688 --- [camsbatch] [   batch_task-2] o.h.e.t.internal.TransactionImpl         : begin
2025-05-09T01:07:51.020+07:00 DEBUG 16688 --- [camsbatch] [   batch_task-2] o.h.e.t.internal.TransactionImpl         : committing
2025-05-09T01:07:51.021+07:00  INFO 16688 --- [camsbatch] [   batch_task-1] o.s.batch.core.job.SimpleStepHandler     : Executing step: [processCustomerStep]
2025-05-09T01:07:51.022+07:00 DEBUG 16688 --- [camsbatch] [   batch_task-1] o.h.e.t.internal.TransactionImpl         : On TransactionImpl creation, JpaCompliance#isJpaTransactionComplianceEnabled == false
2025-05-09T01:07:51.022+07:00 DEBUG 16688 --- [camsbatch] [   batch_task-1] o.h.e.t.internal.TransactionImpl         : begin
2025-05-09T01:07:51.022+07:00 DEBUG 16688 --- [camsbatch] [   batch_task-2] o.h.e.t.internal.TransactionImpl         : On TransactionImpl creation, JpaCompliance#isJpaTransactionComplianceEnabled == false
2025-05-09T01:07:51.022+07:00 DEBUG 16688 --- [camsbatch] [   batch_task-2] o.h.e.t.internal.TransactionImpl         : begin
2025-05-09T01:07:51.026+07:00 DEBUG 16688 --- [camsbatch] [   batch_task-1] o.h.e.t.internal.TransactionImpl         : committing
2025-05-09T01:07:51.027+07:00 DEBUG 16688 --- [camsbatch] [   batch_task-2] o.h.e.t.internal.TransactionImpl         : committing
2025-05-09T01:07:51.028+07:00 DEBUG 16688 --- [camsbatch] [   batch_task-2] o.h.e.t.internal.TransactionImpl         : On TransactionImpl creation, JpaCompliance#isJpaTransactionComplianceEnabled == false
2025-05-09T01:07:51.028+07:00 DEBUG 16688 --- [camsbatch] [   batch_task-2] o.h.e.t.internal.TransactionImpl         : begin
2025-05-09T01:07:51.028+07:00 DEBUG 16688 --- [camsbatch] [   batch_task-1] o.h.e.t.internal.TransactionImpl         : On TransactionImpl creation, JpaCompliance#isJpaTransactionComplianceEnabled == false
2025-05-09T01:07:51.028+07:00 DEBUG 16688 --- [camsbatch] [   batch_task-3] o.h.e.t.internal.TransactionImpl         : rolling back
2025-05-09T01:07:51.029+07:00 DEBUG 16688 --- [camsbatch] [   batch_task-1] o.h.e.t.internal.TransactionImpl         : begin
2025-05-09T01:07:51.030+07:00 DEBUG 16688 --- [camsbatch] [   batch_task-1] o.h.e.t.internal.TransactionImpl         : committing
2025-05-09T01:07:51.030+07:00 DEBUG 16688 --- [camsbatch] [   batch_task-2] o.h.e.t.internal.TransactionImpl         : committing
2025-05-09T01:07:51.030+07:00 ERROR 16688 --- [camsbatch] [   batch_task-3] o.s.batch.core.step.AbstractStep         : Encountered an error executing step processOrderStep in job importDataJob

org.springframework.batch.item.file.FlatFileParseException: Parsing error at line: 1 in resource=[class path resource [data//orders.txt]], input=[1001,John Doe,2023-10-01]
	at org.springframework.batch.item.file.FlatFileItemReader.doRead(FlatFileItemReader.java:198) ~[spring-batch-infrastructure-5.2.2.jar:5.2.2]
	at org.springframework.batch.item.support.AbstractItemCountingItemStreamItemReader.read(AbstractItemCountingItemStreamItemReader.java:93) ~[spring-batch-infrastructure-5.2.2.jar:5.2.2]
	at org.springframework.batch.core.step.item.SimpleChunkProvider.doRead(SimpleChunkProvider.java:108) ~[spring-batch-core-5.2.2.jar:5.2.2]
	at org.springframework.batch.core.step.item.SimpleChunkProvider.read(SimpleChunkProvider.java:182) ~[spring-batch-core-5.2.2.jar:5.2.2]
	at org.springframework.batch.core.step.item.SimpleChunkProvider.lambda$provide$0(SimpleChunkProvider.java:132) ~[spring-batch-core-5.2.2.jar:5.2.2]
	at org.springframework.batch.repeat.support.RepeatTemplate.getNextResult(RepeatTemplate.java:369) ~[spring-batch-infrastructure-5.2.2.jar:5.2.2]
	at org.springframework.batch.repeat.support.RepeatTemplate.executeInternal(RepeatTemplate.java:206) ~[spring-batch-infrastructure-5.2.2.jar:5.2.2]
	at org.springframework.batch.repeat.support.RepeatTemplate.iterate(RepeatTemplate.java:140) ~[spring-batch-infrastructure-5.2.2.jar:5.2.2]
	at org.springframework.batch.core.step.item.SimpleChunkProvider.provide(SimpleChunkProvider.java:127) ~[spring-batch-core-5.2.2.jar:5.2.2]
	at org.springframework.batch.core.step.item.ChunkOrientedTasklet.execute(ChunkOrientedTasklet.java:69) ~[spring-batch-core-5.2.2.jar:5.2.2]
	at org.springframework.batch.core.step.tasklet.TaskletStep$ChunkTransactionCallback.doInTransaction(TaskletStep.java:383) ~[spring-batch-core-5.2.2.jar:5.2.2]
	at org.springframework.batch.core.step.tasklet.TaskletStep$ChunkTransactionCallback.doInTransaction(TaskletStep.java:307) ~[spring-batch-core-5.2.2.jar:5.2.2]
	at org.springframework.transaction.support.TransactionTemplate.execute(TransactionTemplate.java:140) ~[spring-tx-6.2.6.jar:6.2.6]
	at org.springframework.batch.core.step.tasklet.TaskletStep$2.doInChunkContext(TaskletStep.java:250) ~[spring-batch-core-5.2.2.jar:5.2.2]
	at org.springframework.batch.core.scope.context.StepContextRepeatCallback.doInIteration(StepContextRepeatCallback.java:82) ~[spring-batch-core-5.2.2.jar:5.2.2]
	at org.springframework.batch.repeat.support.RepeatTemplate.getNextResult(RepeatTemplate.java:369) ~[spring-batch-infrastructure-5.2.2.jar:5.2.2]
	at org.springframework.batch.repeat.support.RepeatTemplate.executeInternal(RepeatTemplate.java:206) ~[spring-batch-infrastructure-5.2.2.jar:5.2.2]
	at org.springframework.batch.repeat.support.RepeatTemplate.iterate(RepeatTemplate.java:140) ~[spring-batch-infrastructure-5.2.2.jar:5.2.2]
	at org.springframework.batch.core.step.tasklet.TaskletStep.doExecute(TaskletStep.java:235) ~[spring-batch-core-5.2.2.jar:5.2.2]
	at org.springframework.batch.core.step.AbstractStep.execute(AbstractStep.java:230) ~[spring-batch-core-5.2.2.jar:5.2.2]
	at org.springframework.batch.core.job.SimpleStepHandler.handleStep(SimpleStepHandler.java:153) ~[spring-batch-core-5.2.2.jar:5.2.2]
	at org.springframework.batch.core.job.flow.JobFlowExecutor.executeStep(JobFlowExecutor.java:68) ~[spring-batch-core-5.2.2.jar:5.2.2]
	at org.springframework.batch.core.job.flow.support.state.StepState.handle(StepState.java:68) ~[spring-batch-core-5.2.2.jar:5.2.2]
	at org.springframework.batch.core.job.flow.support.SimpleFlow.resume(SimpleFlow.java:165) ~[spring-batch-core-5.2.2.jar:5.2.2]
	at org.springframework.batch.core.job.flow.support.SimpleFlow.start(SimpleFlow.java:140) ~[spring-batch-core-5.2.2.jar:5.2.2]
	at org.springframework.batch.core.job.flow.support.state.SplitState.lambda$handle$0(SplitState.java:107) ~[spring-batch-core-5.2.2.jar:5.2.2]
	at java.base/java.util.concurrent.FutureTask.run(FutureTask.java:264) ~[na:na]
	at org.springframework.core.task.SimpleAsyncTaskExecutor$TaskTrackingRunnable.run(SimpleAsyncTaskExecutor.java:432) ~[spring-core-6.2.6.jar:6.2.6]
	at java.base/java.lang.Thread.run(Thread.java:840) ~[na:na]
Caused by: org.springframework.validation.BindException: org.springframework.validation.BeanPropertyBindingResult: 1 errors
Field error in object 'target' on field 'orderDate': rejected value [2023-10-01]; codes [typeMismatch.target.orderDate,typeMismatch.orderDate,typeMismatch.java.time.LocalDate,typeMismatch]; arguments [org.springframework.context.support.DefaultMessageSourceResolvable: codes [target.orderDate,orderDate]; arguments []; default message [orderDate]]; default message [Failed to convert property value of type 'java.lang.String' to required type 'java.time.LocalDate' for property 'orderDate'; Cannot convert value of type 'java.lang.String' to required type 'java.time.LocalDate' for property 'orderDate': no matching editors or conversion strategy found]
	at org.springframework.batch.item.file.mapping.BeanWrapperFieldSetMapper.mapFieldSet(BeanWrapperFieldSetMapper.java:180) ~[spring-batch-infrastructure-5.2.2.jar:5.2.2]
	at org.springframework.batch.item.file.mapping.DefaultLineMapper.mapLine(DefaultLineMapper.java:42) ~[spring-batch-infrastructure-5.2.2.jar:5.2.2]
	at org.springframework.batch.item.file.FlatFileItemReader.doRead(FlatFileItemReader.java:194) ~[spring-batch-infrastructure-5.2.2.jar:5.2.2]
	... 28 common frames omitted

2025-05-09T01:07:51.031+07:00  INFO 16688 --- [camsbatch] [   batch_task-3] o.s.batch.core.step.AbstractStep         : Step: [processOrderStep] executed in 60ms
2025-05-09T01:07:51.031+07:00 DEBUG 16688 --- [camsbatch] [   batch_task-1] o.h.e.t.internal.TransactionImpl         : On TransactionImpl creation, JpaCompliance#isJpaTransactionComplianceEnabled == false
2025-05-09T01:07:51.031+07:00 DEBUG 16688 --- [camsbatch] [   batch_task-3] o.h.e.t.internal.TransactionImpl         : On TransactionImpl creation, JpaCompliance#isJpaTransactionComplianceEnabled == false
2025-05-09T01:07:51.031+07:00 DEBUG 16688 --- [camsbatch] [   batch_task-1] o.h.e.t.internal.TransactionImpl         : begin
2025-05-09T01:07:51.031+07:00 DEBUG 16688 --- [camsbatch] [   batch_task-3] o.h.e.t.internal.TransactionImpl         : begin
2025-05-09T01:07:51.033+07:00 DEBUG 16688 --- [camsbatch] [   batch_task-3] o.h.e.t.internal.TransactionImpl         : committing
2025-05-09T01:07:51.037+07:00 DEBUG 16688 --- [camsbatch] [   batch_task-3] o.h.e.t.internal.TransactionImpl         : On TransactionImpl creation, JpaCompliance#isJpaTransactionComplianceEnabled == false
2025-05-09T01:07:51.037+07:00 DEBUG 16688 --- [camsbatch] [   batch_task-3] o.h.e.t.internal.TransactionImpl         : begin
2025-05-09T01:07:51.039+07:00 DEBUG 16688 --- [camsbatch] [   batch_task-3] o.h.e.t.internal.TransactionImpl         : committing
2025-05-09T01:07:51.041+07:00 DEBUG 16688 --- [camsbatch] [   batch_task-3] o.h.e.t.internal.TransactionImpl         : On TransactionImpl creation, JpaCompliance#isJpaTransactionComplianceEnabled == false
2025-05-09T01:07:51.041+07:00 DEBUG 16688 --- [camsbatch] [   batch_task-3] o.h.e.t.internal.TransactionImpl         : begin
2025-05-09T01:07:51.043+07:00 DEBUG 16688 --- [camsbatch] [   batch_task-3] o.h.e.t.internal.TransactionImpl         : committing
2025-05-09T01:07:51.073+07:00 DEBUG 16688 --- [camsbatch] [   batch_task-1] org.hibernate.engine.spi.ActionQueue     : Executing identity-insert immediately
2025-05-09T01:07:51.093+07:00 DEBUG 16688 --- [camsbatch] [   batch_task-1] org.hibernate.SQL                        : 
    insert 
    into
        cros.customer
        (email, first_name, last_name) 
    values
        (?, ?, ?)
Hibernate: 
    insert 
    into
        cros.customer
        (email, first_name, last_name) 
    values
        (?, ?, ?)
2025-05-09T01:07:51.127+07:00 DEBUG 16688 --- [camsbatch] [   batch_task-1] org.hibernate.orm.results                : Initializer list is empty
2025-05-09T01:07:51.138+07:00 DEBUG 16688 --- [camsbatch] [   batch_task-1] o.h.id.IdentifierGeneratorHelper         : Extracted generated values [id.co.bca.camsbatch.model.Customer]: [Ljava.lang.Object;@6ff2feac
2025-05-09T01:07:51.145+07:00 DEBUG 16688 --- [camsbatch] [   batch_task-1] org.hibernate.engine.spi.ActionQueue     : Executing identity-insert immediately
2025-05-09T01:07:51.146+07:00 DEBUG 16688 --- [camsbatch] [   batch_task-1] org.hibernate.SQL                        : 
    insert 
    into
        cros.customer
        (email, first_name, last_name) 
    values
        (?, ?, ?)
Hibernate: 
    insert 
    into
        cros.customer
        (email, first_name, last_name) 
    values
        (?, ?, ?)
2025-05-09T01:07:51.147+07:00 DEBUG 16688 --- [camsbatch] [   batch_task-1] org.hibernate.orm.results                : Initializer list is empty
2025-05-09T01:07:51.147+07:00 DEBUG 16688 --- [camsbatch] [   batch_task-1] o.h.id.IdentifierGeneratorHelper         : Extracted generated values [id.co.bca.camsbatch.model.Customer]: [Ljava.lang.Object;@3aa57795
2025-05-09T01:07:51.148+07:00 DEBUG 16688 --- [camsbatch] [   batch_task-1] o.h.e.i.AbstractFlushingEventListener    : Processing flush-time cascades
2025-05-09T01:07:51.149+07:00 DEBUG 16688 --- [camsbatch] [   batch_task-1] o.h.e.i.AbstractFlushingEventListener    : Dirty checking collections
2025-05-09T01:07:51.156+07:00 DEBUG 16688 --- [camsbatch] [   batch_task-1] o.h.e.i.AbstractFlushingEventListener    : Flushed: 0 insertions, 0 updates, 0 deletions to 2 objects
2025-05-09T01:07:51.157+07:00 DEBUG 16688 --- [camsbatch] [   batch_task-1] o.h.e.i.AbstractFlushingEventListener    : Flushed: 0 (re)creations, 0 updates, 0 removals to 0 collections
2025-05-09T01:07:51.158+07:00 DEBUG 16688 --- [camsbatch] [   batch_task-1] o.hibernate.internal.util.EntityPrinter  : Listing entities:
2025-05-09T01:07:51.160+07:00 DEBUG 16688 --- [camsbatch] [   batch_task-1] o.hibernate.internal.util.EntityPrinter  : id.co.bca.camsbatch.model.Customer{firstName=Jane, lastName=Smith, id=2, email=jane.smith@example.com}
2025-05-09T01:07:51.160+07:00 DEBUG 16688 --- [camsbatch] [   batch_task-1] o.hibernate.internal.util.EntityPrinter  : id.co.bca.camsbatch.model.Customer{firstName=John, lastName=Doe, id=1, email=john.doe@example.com}
2025-05-09T01:07:51.166+07:00 DEBUG 16688 --- [camsbatch] [   batch_task-1] o.h.e.t.internal.TransactionImpl         : committing
2025-05-09T01:07:51.167+07:00  INFO 16688 --- [camsbatch] [   batch_task-1] o.s.batch.core.step.AbstractStep         : Step: [processCustomerStep] executed in 144ms
2025-05-09T01:07:51.170+07:00 DEBUG 16688 --- [camsbatch] [   batch_task-1] o.h.e.t.internal.TransactionImpl         : On TransactionImpl creation, JpaCompliance#isJpaTransactionComplianceEnabled == false
2025-05-09T01:07:51.170+07:00 DEBUG 16688 --- [camsbatch] [   batch_task-1] o.h.e.t.internal.TransactionImpl         : begin
2025-05-09T01:07:51.172+07:00 DEBUG 16688 --- [camsbatch] [   batch_task-1] o.h.e.t.internal.TransactionImpl         : committing
2025-05-09T01:07:51.173+07:00 DEBUG 16688 --- [camsbatch] [   batch_task-1] o.h.e.t.internal.TransactionImpl         : On TransactionImpl creation, JpaCompliance#isJpaTransactionComplianceEnabled == false
2025-05-09T01:07:51.174+07:00 DEBUG 16688 --- [camsbatch] [   batch_task-1] o.h.e.t.internal.TransactionImpl         : begin
2025-05-09T01:07:51.175+07:00 DEBUG 16688 --- [camsbatch] [   batch_task-1] o.h.e.t.internal.TransactionImpl         : committing
2025-05-09T01:07:51.176+07:00 DEBUG 16688 --- [camsbatch] [   batch_task-1] o.h.e.t.internal.TransactionImpl         : On TransactionImpl creation, JpaCompliance#isJpaTransactionComplianceEnabled == false
2025-05-09T01:07:51.176+07:00 DEBUG 16688 --- [camsbatch] [   batch_task-1] o.h.e.t.internal.TransactionImpl         : begin
2025-05-09T01:07:51.178+07:00 DEBUG 16688 --- [camsbatch] [   batch_task-1] o.h.e.t.internal.TransactionImpl         : committing
2025-05-09T01:07:51.180+07:00 DEBUG 16688 --- [camsbatch] [           main] o.h.e.t.internal.TransactionImpl         : On TransactionImpl creation, JpaCompliance#isJpaTransactionComplianceEnabled == false
2025-05-09T01:07:51.180+07:00 DEBUG 16688 --- [camsbatch] [           main] o.h.e.t.internal.TransactionImpl         : begin
2025-05-09T01:07:51.183+07:00 DEBUG 16688 --- [camsbatch] [           main] o.h.e.t.internal.TransactionImpl         : committing
2025-05-09T01:07:51.188+07:00  INFO 16688 --- [camsbatch] [           main] o.s.b.c.l.s.TaskExecutorJobLauncher      : Job: [FlowJob: [name=importDataJob]] completed with the following parameters: [{'time':'{value=1746727670789, type=class java.lang.Long, identifying=true}'}] and the following status: [FAILED] in 266ms
]]></system-out>
  </testcase>
</testsuite>